[0.009s] Invoking command in '/home/adimas/zed_ros2/build/open_cam': AMENT_PREFIX_PATH=/home/adimas/zed_ros2/install/darknet_ros_msgs:${AMENT_PREFIX_PATH} CMAKE_PREFIX_PATH=/home/adimas/zed_ros2/install/darknet_ros_msgs:/home/adimas/zed_ros2/install/open_cam:/home/adimas/zed_ros2/install/depth:/opt/ros/foxy LD_LIBRARY_PATH=/home/adimas/zed_ros2/install/darknet_ros_msgs/lib:/opt/ros/foxy/opt/yaml_cpp_vendor/lib:/opt/ros/foxy/opt/rviz_ogre_vendor/lib:/opt/ros/foxy/lib/x86_64-linux-gnu:/opt/ros/foxy/lib:/usr/local/cuda-12.1/lib64 PYTHONPATH=/home/adimas/zed_ros2/install/darknet_ros_msgs/lib/python3.8/site-packages:${PYTHONPATH} /usr/bin/cmake --build /home/adimas/zed_ros2/build/open_cam -- -j8 -l8
[0.039s] [ 50%] [32mBuilding CXX object CMakeFiles/open_cam.dir/src/main.cpp.o[0m
[2.144s] In file included from [01m[K/home/adimas/zed_ros2/src/open_cam/src/main.cpp:7[m[K:
[2.144s] [01m[K/usr/local/zed/include/sl/Camera.hpp:896:13:[m[K [01;35m[Kwarning: [m[KISO C++ prohibits anonymous structs [[01;35m[K-Wpedantic[m[K]
[2.144s]   896 |             [01;35m[K}[m[K;
[2.144s]       |             [01;35m[K^[m[K
[2.144s] [01m[K/usr/local/zed/include/sl/Camera.hpp:1049:13:[m[K [01;35m[Kwarning: [m[KISO C++ prohibits anonymous structs [[01;35m[K-Wpedantic[m[K]
[2.144s]  1049 |             [01;35m[K}[m[K;
[2.144s]       |             [01;35m[K^[m[K
[2.144s] [01m[K/usr/local/zed/include/sl/Camera.hpp:1226:13:[m[K [01;35m[Kwarning: [m[KISO C++ prohibits anonymous structs [[01;35m[K-Wpedantic[m[K]
[2.144s]  1226 |             [01;35m[K}[m[K;
[2.144s]       |             [01;35m[K^[m[K
[2.145s] [01m[K/usr/local/zed/include/sl/Camera.hpp:1390:13:[m[K [01;35m[Kwarning: [m[KISO C++ prohibits anonymous structs [[01;35m[K-Wpedantic[m[K]
[2.145s]  1390 |             [01;35m[K}[m[K;
[2.145s]       |             [01;35m[K^[m[K
[2.145s] [01m[K/usr/local/zed/include/sl/Camera.hpp:1394:13:[m[K [01;35m[Kwarning: [m[KISO C++ prohibits anonymous structs [[01;35m[K-Wpedantic[m[K]
[2.145s]  1394 |             [01;35m[K}[m[K;
[2.145s]       |             [01;35m[K^[m[K
[2.145s] [01m[K/usr/local/zed/include/sl/Camera.hpp:1398:13:[m[K [01;35m[Kwarning: [m[KISO C++ prohibits anonymous structs [[01;35m[K-Wpedantic[m[K]
[2.145s]  1398 |             [01;35m[K}[m[K;
[2.145s]       |             [01;35m[K^[m[K
[2.146s] [01m[K/usr/local/zed/include/sl/Camera.hpp:1638:13:[m[K [01;35m[Kwarning: [m[KISO C++ prohibits anonymous structs [[01;35m[K-Wpedantic[m[K]
[2.146s]  1638 |             [01;35m[K}[m[K;
[2.146s]       |             [01;35m[K^[m[K
[2.146s] [01m[K/usr/local/zed/include/sl/Camera.hpp:1642:13:[m[K [01;35m[Kwarning: [m[KISO C++ prohibits anonymous structs [[01;35m[K-Wpedantic[m[K]
[2.146s]  1642 |             [01;35m[K}[m[K;
[2.146s]       |             [01;35m[K^[m[K
[2.146s] [01m[K/usr/local/zed/include/sl/Camera.hpp:1646:13:[m[K [01;35m[Kwarning: [m[KISO C++ prohibits anonymous structs [[01;35m[K-Wpedantic[m[K]
[2.146s]  1646 |             [01;35m[K}[m[K;
[2.146s]       |             [01;35m[K^[m[K
[2.148s] [01m[K/usr/local/zed/include/sl/Camera.hpp:[m[K In function ‘[01m[Ksl::Timestamp sl::operator+(sl::Timestamp, const sl::Timestamp&)[m[K’:
[2.149s] [01m[K/usr/local/zed/include/sl/Camera.hpp:2104:16:[m[K [01;35m[Kwarning: [m[Kimplicitly-declared ‘[01m[Kconstexpr sl::Timestamp::Timestamp(const sl::Timestamp&)[m[K’ is deprecated [[01;35m[K-Wdeprecated-copy[m[K]
[2.149s]  2104 |         return [01;35m[Klhs[m[K;
[2.149s]       |                [01;35m[K^~~[m[K
[2.149s] [01m[K/usr/local/zed/include/sl/Camera.hpp:2043:20:[m[K [01;36m[Knote: [m[Kbecause ‘[01m[Ksl::Timestamp[m[K’ has user-provided ‘[01m[Ksl::Timestamp& sl::Timestamp::operator=(sl::Timestamp)[m[K’
[2.149s]  2043 |         Timestamp& [01;36m[Koperator[m[K=(Timestamp other) {
[2.149s]       |                    [01;36m[K^~~~~~~~[m[K
[2.149s] [01m[K/usr/local/zed/include/sl/Camera.hpp:[m[K In function ‘[01m[Ksl::Timestamp sl::operator-(sl::Timestamp, const sl::Timestamp&)[m[K’:
[2.149s] [01m[K/usr/local/zed/include/sl/Camera.hpp:2109:16:[m[K [01;35m[Kwarning: [m[Kimplicitly-declared ‘[01m[Kconstexpr sl::Timestamp::Timestamp(const sl::Timestamp&)[m[K’ is deprecated [[01;35m[K-Wdeprecated-copy[m[K]
[2.149s]  2109 |         return [01;35m[Klhs[m[K;
[2.149s]       |                [01;35m[K^~~[m[K
[2.149s] [01m[K/usr/local/zed/include/sl/Camera.hpp:2043:20:[m[K [01;36m[Knote: [m[Kbecause ‘[01m[Ksl::Timestamp[m[K’ has user-provided ‘[01m[Ksl::Timestamp& sl::Timestamp::operator=(sl::Timestamp)[m[K’
[2.150s]  2043 |         Timestamp& [01;36m[Koperator[m[K=(Timestamp other) {
[2.150s]       |                    [01;36m[K^~~~~~~~[m[K
[2.150s] [01m[K/usr/local/zed/include/sl/Camera.hpp:[m[K In function ‘[01m[Ksl::Timestamp sl::operator/(sl::Timestamp, const sl::Timestamp&)[m[K’:
[2.150s] [01m[K/usr/local/zed/include/sl/Camera.hpp:2114:16:[m[K [01;35m[Kwarning: [m[Kimplicitly-declared ‘[01m[Kconstexpr sl::Timestamp::Timestamp(const sl::Timestamp&)[m[K’ is deprecated [[01;35m[K-Wdeprecated-copy[m[K]
[2.150s]  2114 |         return [01;35m[Klhs[m[K;
[2.150s]       |                [01;35m[K^~~[m[K
[2.150s] [01m[K/usr/local/zed/include/sl/Camera.hpp:2043:20:[m[K [01;36m[Knote: [m[Kbecause ‘[01m[Ksl::Timestamp[m[K’ has user-provided ‘[01m[Ksl::Timestamp& sl::Timestamp::operator=(sl::Timestamp)[m[K’
[2.150s]  2043 |         Timestamp& [01;36m[Koperator[m[K=(Timestamp other) {
[2.150s]       |                    [01;36m[K^~~~~~~~[m[K
[2.150s] [01m[K/usr/local/zed/include/sl/Camera.hpp:[m[K In function ‘[01m[Ksl::Timestamp sl::operator*(sl::Timestamp, const sl::Timestamp&)[m[K’:
[2.150s] [01m[K/usr/local/zed/include/sl/Camera.hpp:2119:16:[m[K [01;35m[Kwarning: [m[Kimplicitly-declared ‘[01m[Kconstexpr sl::Timestamp::Timestamp(const sl::Timestamp&)[m[K’ is deprecated [[01;35m[K-Wdeprecated-copy[m[K]
[2.150s]  2119 |         return [01;35m[Klhs[m[K;
[2.150s]       |                [01;35m[K^~~[m[K
[2.150s] [01m[K/usr/local/zed/include/sl/Camera.hpp:2043:20:[m[K [01;36m[Knote: [m[Kbecause ‘[01m[Ksl::Timestamp[m[K’ has user-provided ‘[01m[Ksl::Timestamp& sl::Timestamp::operator=(sl::Timestamp)[m[K’
[2.150s]  2043 |         Timestamp& [01;36m[Koperator[m[K=(Timestamp other) {
[2.150s]       |                    [01;36m[K^~~~~~~~[m[K
[2.150s] [01m[K/usr/local/zed/include/sl/Camera.hpp:[m[K In function ‘[01m[Ksl::Timestamp sl::getCurrentTimeStamp()[m[K’:
[2.150s] [01m[K/usr/local/zed/include/sl/Camera.hpp:2153:16:[m[K [01;35m[Kwarning: [m[Kimplicitly-declared ‘[01m[Kconstexpr sl::Timestamp::Timestamp(const sl::Timestamp&)[m[K’ is deprecated [[01;35m[K-Wdeprecated-copy[m[K]
[2.150s]  2153 |         return [01;35m[Kcurrent_ts[m[K;
[2.150s]       |                [01;35m[K^~~~~~~~~~[m[K
[2.151s] [01m[K/usr/local/zed/include/sl/Camera.hpp:2043:20:[m[K [01;36m[Knote: [m[Kbecause ‘[01m[Ksl::Timestamp[m[K’ has user-provided ‘[01m[Ksl::Timestamp& sl::Timestamp::operator=(sl::Timestamp)[m[K’
[2.151s]  2043 |         Timestamp& [01;36m[Koperator[m[K=(Timestamp other) {
[2.151s]       |                    [01;36m[K^~~~~~~~[m[K
[2.151s] [01m[K/usr/local/zed/include/sl/Camera.hpp:[m[K In function ‘[01m[KcudaError sl::__cudaSafeCall(cudaError, const char*, const char*, int)[m[K’:
[2.151s] [01m[K/usr/local/zed/include/sl/Camera.hpp:2160:89:[m[K [01;35m[Kwarning: [m[Kunused parameter ‘[01m[Kfile[m[K’ [[01;35m[K-Wunused-parameter[m[K]
[2.151s]  2160 | or __cudaSafeCall(cudaError err, const char *func, [01;35m[Kconst char *file[m[K, const int line) {
[2.151s]       |                                                    [01;35m[K~~~~~~~~~~~~^~~~[m[K
[2.151s] 
[2.151s] [01m[K/usr/local/zed/include/sl/Camera.hpp:2160:105:[m[K [01;35m[Kwarning: [m[Kunused parameter ‘[01m[Kline[m[K’ [[01;35m[K-Wunused-parameter[m[K]
[2.151s]  2160 | l(cudaError err, const char *func, const char *file, [01;35m[Kconst int line[m[K) {
[2.151s]       |                                                      [01;35m[K~~~~~~~~~~^~~~[m[K
[2.151s] 
[2.153s] In file included from [01m[K/home/adimas/zed_ros2/src/open_cam/src/main.cpp:7[m[K:
[2.153s] [01m[K/usr/local/zed/include/sl/Camera.hpp:[m[K In member function ‘[01m[Ksl::CalibrationParameters sl::CalibrationParameters::scale(sl::Resolution)[m[K’:
[2.153s] [01m[K/usr/local/zed/include/sl/Camera.hpp:3178:62:[m[K [01;35m[Kwarning: [m[Kimplicitly-declared ‘[01m[Ksl::Transform& sl::Transform::operator=(const sl::Transform&)[m[K’ is deprecated [[01;35m[K-Wdeprecated-copy[m[K]
[2.153s]  3178 |             output_calibration_parameters.stereo_transform = [01;35m[Kstereo_transform[m[K;
[2.153s]       |                                                              [01;35m[K^~~~~~~~~~~~~~~~[m[K
[2.153s] In file included from [01m[K/home/adimas/zed_ros2/src/open_cam/src/main.cpp:7[m[K:
[2.153s] [01m[K/usr/local/zed/include/sl/Camera.hpp:3023:9:[m[K [01;36m[Knote: [m[Kbecause ‘[01m[Ksl::Transform[m[K’ has user-provided ‘[01m[Ksl::Transform::Transform(const sl::Transform&)[m[K’
[2.154s]  3023 |         [01;36m[KTransform[m[K(const Transform &motion);
[2.154s]       |         [01;36m[K^~~~~~~~~[m[K
[2.154s] [01m[K/usr/local/zed/include/sl/Camera.hpp:[m[K In member function ‘[01m[Ksl::Transform& sl::Transform::operator=(const sl::Transform&)[m[K’:
[2.154s] [01m[K/usr/local/zed/include/sl/Camera.hpp:3012:60:[m[K [01;35m[Kwarning: [m[Kimplicitly-declared ‘[01m[Ksl::Matrix4f& sl::Matrix4f::operator=(const sl::Matrix4f&)[m[K’ is deprecated [[01;35m[K-Wdeprecated-copy[m[K]
[2.154s]  3012 |     class /*@cond SHOWHIDDEN*/ SL_CORE_EXPORT /*@endcond*/ [01;35m[KTransform[m[K : public Matrix4f {
[2.154s]       |                                                            [01;35m[K^~~~~~~~~[m[K
[2.154s] [01m[K/usr/local/zed/include/sl/Camera.hpp:1069:9:[m[K [01;36m[Knote: [m[Kbecause ‘[01m[Ksl::Matrix4f[m[K’ has user-provided ‘[01m[Ksl::Matrix4f::Matrix4f(const sl::Matrix4f&)[m[K’
[2.154s]  1069 |         [01;36m[KMatrix4f[m[K(const Matrix4f &mat);
[2.154s]       |         [01;36m[K^~~~~~~~[m[K
[2.154s] In file included from [01m[K/home/adimas/zed_ros2/src/open_cam/src/main.cpp:7[m[K:
[2.154s] [01m[K/usr/local/zed/include/sl/Camera.hpp:[m[K In member function ‘[01m[Ksl::CalibrationParameters sl::CalibrationParameters::scale(sl::Resolution)[m[K’:
[2.154s] [01m[K/usr/local/zed/include/sl/Camera.hpp:3178:62:[m[K [01;36m[Knote: [m[Ksynthesized method ‘[01m[Ksl::Transform& sl::Transform::operator=(const sl::Transform&)[m[K’ first required here
[2.154s]  3178 |             output_calibration_parameters.stereo_transform = [01;36m[Kstereo_transform[m[K;
[2.154s]       |                                                              [01;36m[K^~~~~~~~~~~~~~~~[m[K
[2.242s] [01m[K/usr/local/zed/include/sl/Camera.hpp:[m[K At global scope:
[2.242s] [01m[K/usr/local/zed/include/sl/Camera.hpp:6254:12:[m[K [01;35m[Kwarning: [m[Ktype qualifiers ignored on function return type [[01;35m[K-Wignored-qualifiers[m[K]
[2.242s]  6254 |     inline [01;35m[Kconst[m[K void /*@cond SHOWHIDDEN*/SL_SDK_EXPORT/*@endcond*/ getZEDSDKBuildVersion(int &major, int& minor, int& patch) {
[2.242s]       |            [01;35m[K^~~~~[m[K
[2.244s] [01m[K/usr/local/zed/include/sl/Camera.hpp:6640:2:[m[K [01;35m[Kwarning: [m[Kextra ‘[01m[K;[m[K’ [[01;35m[K-Wpedantic[m[K]
[2.244s]  6640 | }[01;35m[K;[m[K
[2.244s]       |  [01;35m[K^[m[K
[6.684s] [100%] [32m[1mLinking CXX executable open_cam[0m
[7.455s] /usr/bin/ld: warning: libopencv_imgcodecs.so.4.2, needed by /opt/ros/foxy/lib/libcv_bridge.so, may conflict with libopencv_imgcodecs.so.407
[7.455s] /usr/bin/ld: warning: libopencv_core.so.4.2, needed by /opt/ros/foxy/lib/libcv_bridge.so, may conflict with libopencv_core.so.407
[7.458s] [100%] Built target open_cam
[7.462s] Invoked command in '/home/adimas/zed_ros2/build/open_cam' returned '0': AMENT_PREFIX_PATH=/home/adimas/zed_ros2/install/darknet_ros_msgs:${AMENT_PREFIX_PATH} CMAKE_PREFIX_PATH=/home/adimas/zed_ros2/install/darknet_ros_msgs:/home/adimas/zed_ros2/install/open_cam:/home/adimas/zed_ros2/install/depth:/opt/ros/foxy LD_LIBRARY_PATH=/home/adimas/zed_ros2/install/darknet_ros_msgs/lib:/opt/ros/foxy/opt/yaml_cpp_vendor/lib:/opt/ros/foxy/opt/rviz_ogre_vendor/lib:/opt/ros/foxy/lib/x86_64-linux-gnu:/opt/ros/foxy/lib:/usr/local/cuda-12.1/lib64 PYTHONPATH=/home/adimas/zed_ros2/install/darknet_ros_msgs/lib/python3.8/site-packages:${PYTHONPATH} /usr/bin/cmake --build /home/adimas/zed_ros2/build/open_cam -- -j8 -l8
[7.476s] Invoking command in '/home/adimas/zed_ros2/build/open_cam': AMENT_PREFIX_PATH=/home/adimas/zed_ros2/install/darknet_ros_msgs:${AMENT_PREFIX_PATH} CMAKE_PREFIX_PATH=/home/adimas/zed_ros2/install/darknet_ros_msgs:/home/adimas/zed_ros2/install/open_cam:/home/adimas/zed_ros2/install/depth:/opt/ros/foxy LD_LIBRARY_PATH=/home/adimas/zed_ros2/install/darknet_ros_msgs/lib:/opt/ros/foxy/opt/yaml_cpp_vendor/lib:/opt/ros/foxy/opt/rviz_ogre_vendor/lib:/opt/ros/foxy/lib/x86_64-linux-gnu:/opt/ros/foxy/lib:/usr/local/cuda-12.1/lib64 PYTHONPATH=/home/adimas/zed_ros2/install/darknet_ros_msgs/lib/python3.8/site-packages:${PYTHONPATH} /usr/bin/cmake --install /home/adimas/zed_ros2/build/open_cam
[7.479s] -- Install configuration: ""
[7.480s] -- Execute custom install script
[7.480s] -- Up-to-date symlink: /home/adimas/zed_ros2/install/open_cam/lib/open_cam/open_cam
[7.480s] -- Up-to-date symlink: /home/adimas/zed_ros2/install/open_cam/share/ament_index/resource_index/package_run_dependencies/open_cam
[7.481s] -- Up-to-date symlink: /home/adimas/zed_ros2/install/open_cam/share/ament_index/resource_index/parent_prefix_path/open_cam
[7.481s] -- Up-to-date symlink: /home/adimas/zed_ros2/install/open_cam/share/open_cam/environment/ament_prefix_path.sh
[7.481s] -- Up-to-date symlink: /home/adimas/zed_ros2/install/open_cam/share/open_cam/environment/ament_prefix_path.dsv
[7.481s] -- Up-to-date symlink: /home/adimas/zed_ros2/install/open_cam/share/open_cam/environment/path.sh
[7.482s] -- Up-to-date symlink: /home/adimas/zed_ros2/install/open_cam/share/open_cam/environment/path.dsv
[7.482s] -- Up-to-date symlink: /home/adimas/zed_ros2/install/open_cam/share/open_cam/local_setup.bash
[7.482s] -- Up-to-date symlink: /home/adimas/zed_ros2/install/open_cam/share/open_cam/local_setup.sh
[7.482s] -- Up-to-date symlink: /home/adimas/zed_ros2/install/open_cam/share/open_cam/local_setup.zsh
[7.482s] -- Up-to-date symlink: /home/adimas/zed_ros2/install/open_cam/share/open_cam/local_setup.dsv
[7.482s] -- Symlinking: /home/adimas/zed_ros2/install/open_cam/share/open_cam/package.dsv
[7.485s] -- Up-to-date symlink: /home/adimas/zed_ros2/install/open_cam/share/ament_index/resource_index/packages/open_cam
[7.485s] -- Up-to-date symlink: /home/adimas/zed_ros2/install/open_cam/share/open_cam/cmake/open_camConfig.cmake
[7.485s] -- Up-to-date symlink: /home/adimas/zed_ros2/install/open_cam/share/open_cam/cmake/open_camConfig-version.cmake
[7.485s] -- Up-to-date symlink: /home/adimas/zed_ros2/install/open_cam/share/open_cam/package.xml
[7.488s] Invoked command in '/home/adimas/zed_ros2/build/open_cam' returned '0': AMENT_PREFIX_PATH=/home/adimas/zed_ros2/install/darknet_ros_msgs:${AMENT_PREFIX_PATH} CMAKE_PREFIX_PATH=/home/adimas/zed_ros2/install/darknet_ros_msgs:/home/adimas/zed_ros2/install/open_cam:/home/adimas/zed_ros2/install/depth:/opt/ros/foxy LD_LIBRARY_PATH=/home/adimas/zed_ros2/install/darknet_ros_msgs/lib:/opt/ros/foxy/opt/yaml_cpp_vendor/lib:/opt/ros/foxy/opt/rviz_ogre_vendor/lib:/opt/ros/foxy/lib/x86_64-linux-gnu:/opt/ros/foxy/lib:/usr/local/cuda-12.1/lib64 PYTHONPATH=/home/adimas/zed_ros2/install/darknet_ros_msgs/lib/python3.8/site-packages:${PYTHONPATH} /usr/bin/cmake --install /home/adimas/zed_ros2/build/open_cam
