-- The C compiler identification is GNU 9.4.0
-- The CXX compiler identification is GNU 9.4.0
-- Detecting C compiler ABI info
-- Detecting C compiler ABI info - done
-- Check for working C compiler: /usr/bin/cc - skipped
-- Detecting C compile features
-- Detecting C compile features - done
-- Detecting CXX compiler ABI info
-- Detecting CXX compiler ABI info - done
-- Check for working CXX compiler: /usr/bin/c++ - skipped
-- Detecting CXX compile features
-- Detecting CXX compile features - done
-- Found ament_cmake: 0.9.11 (/opt/ros/foxy/share/ament_cmake/cmake)
-- Found PythonInterp: /usr/bin/python3 (found suitable version "3.8.10", minimum required is "3") 
-- Using PYTHON_EXECUTABLE: /usr/bin/python3
-- Found rclcpp: 2.4.2 (/opt/ros/foxy/share/rclcpp/cmake)
-- Using all available rosidl_typesupport_c: rosidl_typesupport_fastrtps_c;rosidl_typesupport_introspection_c
-- Found rosidl_adapter: 1.3.0 (/opt/ros/foxy/share/rosidl_adapter/cmake)
-- Found OpenSSL: /usr/lib/x86_64-linux-gnu/libcrypto.so (found version "1.1.1f")  
-- Found FastRTPS: /opt/ros/foxy/include  
-- Using all available rosidl_typesupport_cpp: rosidl_typesupport_fastrtps_cpp;rosidl_typesupport_introspection_cpp
-- Found rmw_implementation_cmake: 1.0.4 (/opt/ros/foxy/share/rmw_implementation_cmake/cmake)
-- Using RMW implementation 'rmw_fastrtps_cpp' as default
-- Performing Test CMAKE_HAVE_LIBC_PTHREAD
-- Performing Test CMAKE_HAVE_LIBC_PTHREAD - Failed
-- Looking for pthread_create in pthreads
-- Looking for pthread_create in pthreads - not found
-- Looking for pthread_create in pthread
-- Looking for pthread_create in pthread - found
-- Found Threads: TRUE  
-- Found sensor_msgs: 2.0.5 (/opt/ros/foxy/share/sensor_msgs/cmake)
-- Found CUDA: /usr/local/cuda-12.1 (found suitable exact version "12.1") 
-- Found OpenCV: /usr/local (found version "4.7.0") 
-- Found cv_bridge: 3.0.7 (/opt/ros/foxy/share/cv_bridge/cmake)
-- Looking for sgemm_
-- Looking for sgemm_ - not found
-- Looking for sgemm_
-- Looking for sgemm_ - found
-- Found BLAS: /usr/lib/x86_64-linux-gnu/libopenblas.so  
-- Found CUDA: /usr/local/cuda-12.1 (found suitable version "12.1", minimum required is "12") 
-- Found CUDA: /usr/local/cuda-12.1 (found version "12.1") 
-- Found ament_cmake_auto: 0.9.11 (/opt/ros/foxy/share/ament_cmake_auto/cmake)
-- Found CUDA: /usr/local/cuda-12.1 (found suitable version "12.1", minimum required is "12") 
-- Found ament_lint_auto: 0.9.8 (/opt/ros/foxy/share/ament_lint_auto/cmake)
-- Added test 'copyright' to check source files copyright and LICENSE
-- Added test 'cppcheck' to perform static code analysis on C / C++ code
-- Configured cppcheck include dirs: /home/adimas/zed_ros2/src/depth/src
-- Configured cppcheck exclude dirs and/or files: 
-- Added test 'cpplint' to check C / C++ code against the Google style
-- Configured cpplint exclude dirs and/or files: 
-- Added test 'lint_cmake' to check CMake code style
-- Added test 'uncrustify' to check C / C++ code style
-- Configured uncrustify additional arguments: 
-- Added test 'xmllint' to check XML markup files
-- Configuring done (1.5s)
-- Generating done (0.0s)
-- Build files have been written to: /home/adimas/zed_ros2/build/depth
[ 50%] [32mBuilding CXX object CMakeFiles/depth.dir/src/main.cpp.o[0m
[100%] [32m[1mLinking CXX executable depth[0m
[100%] Built target depth
-- Install configuration: ""
-- Installing: /home/adimas/zed_ros2/install/depth/bin/depth
-- Set runtime path of "/home/adimas/zed_ros2/install/depth/bin/depth" to ""
-- Installing: /home/adimas/zed_ros2/install/depth/share/ament_index/resource_index/package_run_dependencies/depth
-- Installing: /home/adimas/zed_ros2/install/depth/share/ament_index/resource_index/parent_prefix_path/depth
-- Installing: /home/adimas/zed_ros2/install/depth/share/depth/environment/ament_prefix_path.sh
-- Installing: /home/adimas/zed_ros2/install/depth/share/depth/environment/ament_prefix_path.dsv
-- Installing: /home/adimas/zed_ros2/install/depth/share/depth/environment/path.sh
-- Installing: /home/adimas/zed_ros2/install/depth/share/depth/environment/path.dsv
-- Installing: /home/adimas/zed_ros2/install/depth/share/depth/local_setup.bash
-- Installing: /home/adimas/zed_ros2/install/depth/share/depth/local_setup.sh
-- Installing: /home/adimas/zed_ros2/install/depth/share/depth/local_setup.zsh
-- Installing: /home/adimas/zed_ros2/install/depth/share/depth/local_setup.dsv
-- Installing: /home/adimas/zed_ros2/install/depth/share/depth/package.dsv
-- Installing: /home/adimas/zed_ros2/install/depth/share/ament_index/resource_index/packages/depth
-- Installing: /home/adimas/zed_ros2/install/depth/share/depth/cmake/depthConfig.cmake
-- Installing: /home/adimas/zed_ros2/install/depth/share/depth/cmake/depthConfig-version.cmake
-- Installing: /home/adimas/zed_ros2/install/depth/share/depth/package.xml
