-- Found ament_cmake: 0.9.11 (/opt/ros/foxy/share/ament_cmake/cmake)
-- Using PYTHON_EXECUTABLE: /usr/bin/python3
-- Override CMake install command with custom implementation using symlinks instead of copying resources
-- Found rclcpp: 2.4.2 (/opt/ros/foxy/share/rclcpp/cmake)
-- Using all available rosidl_typesupport_c: rosidl_typesupport_fastrtps_c;rosidl_typesupport_introspection_c
-- Found rosidl_adapter: 1.3.0 (/opt/ros/foxy/share/rosidl_adapter/cmake)
-- Using all available rosidl_typesupport_cpp: rosidl_typesupport_fastrtps_cpp;rosidl_typesupport_introspection_cpp
-- Found rmw_implementation_cmake: 1.0.4 (/opt/ros/foxy/share/rmw_implementation_cmake/cmake)
-- Using RMW implementation 'rmw_fastrtps_cpp' as default
-- Found sensor_msgs: 2.0.5 (/opt/ros/foxy/share/sensor_msgs/cmake)
-- Found CUDA: /usr/local/cuda-12.1 (found suitable exact version "12.1") 
-- Found cv_bridge: 3.0.7 (/opt/ros/foxy/share/cv_bridge/cmake)
-- Found CUDA: /usr/local/cuda-12.1 (found suitable version "12.1", minimum required is "12") 
-- Found CUDA: /usr/local/cuda-12.1 (found version "12.1") 
[31mCMake Error at CMakeLists.txt:23 (find_package):
  By not providing "Finddarknet_ros_msgs.cmake" in CMAKE_MODULE_PATH this
  project has asked CMake to find a package configuration file provided by
  "darknet_ros_msgs", but CMake did not find one.

  Could not find a package configuration file provided by "darknet_ros_msgs"
  with any of the following names:

    darknet_ros_msgsConfig.cmake
    darknet_ros_msgs-config.cmake

  Add the installation prefix of "darknet_ros_msgs" to CMAKE_PREFIX_PATH or
  set "darknet_ros_msgs_DIR" to a directory containing one of the above
  files.  If "darknet_ros_msgs" provides a separate development package or
  SDK, be sure it has been installed.

[0m
-- Configuring incomplete, errors occurred!
make: *** [Makefile:267: cmake_check_build_system] Error 1
