[0.011s] Invoking command in '/home/adimas/zed_ros2/build/open_cam': CMAKE_PREFIX_PATH=${CMAKE_PREFIX_PATH}:/opt/ros/foxy /usr/bin/cmake --build /home/adimas/zed_ros2/build/open_cam -- -j8 -l8
[0.025s] -- Found ament_cmake: 0.9.11 (/opt/ros/foxy/share/ament_cmake/cmake)
[0.041s] -- Using PYTHON_EXECUTABLE: /usr/bin/python3
[0.185s] -- Override CMake install command with custom implementation using symlinks instead of copying resources
[0.191s] -- Found rclcpp: 2.4.2 (/opt/ros/foxy/share/rclcpp/cmake)
[0.215s] -- Using all available rosidl_typesupport_c: rosidl_typesupport_fastrtps_c;rosidl_typesupport_introspection_c
[0.217s] -- Found rosidl_adapter: 1.3.0 (/opt/ros/foxy/share/rosidl_adapter/cmake)
[0.291s] -- Using all available rosidl_typesupport_cpp: rosidl_typesupport_fastrtps_cpp;rosidl_typesupport_introspection_cpp
[0.329s] -- Found rmw_implementation_cmake: 1.0.4 (/opt/ros/foxy/share/rmw_implementation_cmake/cmake)
[0.329s] -- Using RMW implementation 'rmw_fastrtps_cpp' as default
[0.428s] -- Found sensor_msgs: 2.0.5 (/opt/ros/foxy/share/sensor_msgs/cmake)
[0.513s] -- Found CUDA: /usr/local/cuda-12.1 (found suitable exact version "12.1") 
[0.521s] -- Found cv_bridge: 3.0.7 (/opt/ros/foxy/share/cv_bridge/cmake)
[0.558s] -- Found CUDA: /usr/local/cuda-12.1 (found suitable version "12.1", minimum required is "12") 
[0.583s] -- Found CUDA: /usr/local/cuda-12.1 (found version "12.1") 
[0.589s] [31mCMake Error at CMakeLists.txt:23 (find_package):
[0.589s]   By not providing "Finddarknet_ros_msgs.cmake" in CMAKE_MODULE_PATH this
[0.589s]   project has asked CMake to find a package configuration file provided by
[0.590s]   "darknet_ros_msgs", but CMake did not find one.
[0.590s] 
[0.590s]   Could not find a package configuration file provided by "darknet_ros_msgs"
[0.590s]   with any of the following names:
[0.590s] 
[0.590s]     darknet_ros_msgsConfig.cmake
[0.590s]     darknet_ros_msgs-config.cmake
[0.590s] 
[0.590s]   Add the installation prefix of "darknet_ros_msgs" to CMAKE_PREFIX_PATH or
[0.590s]   set "darknet_ros_msgs_DIR" to a directory containing one of the above
[0.590s]   files.  If "darknet_ros_msgs" provides a separate development package or
[0.590s]   SDK, be sure it has been installed.
[0.590s] 
[0.590s] [0m
[0.590s] -- Configuring incomplete, errors occurred!
[0.594s] make: *** [Makefile:267: cmake_check_build_system] Error 1
[0.595s] Invoked command in '/home/adimas/zed_ros2/build/open_cam' returned '2': CMAKE_PREFIX_PATH=${CMAKE_PREFIX_PATH}:/opt/ros/foxy /usr/bin/cmake --build /home/adimas/zed_ros2/build/open_cam -- -j8 -l8
