[0.018s] Invoking command in '/home/adimas/zed_ros2/build/depth': CMAKE_PREFIX_PATH=${CMAKE_PREFIX_PATH}:/opt/ros/foxy /usr/bin/cmake --build /home/adimas/zed_ros2/build/depth -- -j8 -l8
[0.042s] [100%] Built target depth
[0.047s] Invoked command in '/home/adimas/zed_ros2/build/depth' returned '0': CMAKE_PREFIX_PATH=${CMAKE_PREFIX_PATH}:/opt/ros/foxy /usr/bin/cmake --build /home/adimas/zed_ros2/build/depth -- -j8 -l8
[0.062s] Invoking command in '/home/adimas/zed_ros2/build/depth': CMAKE_PREFIX_PATH=${CMAKE_PREFIX_PATH}:/opt/ros/foxy /usr/bin/cmake --install /home/adimas/zed_ros2/build/depth
[0.066s] -- Install configuration: ""
[0.066s] -- Up-to-date: /home/adimas/zed_ros2/install/depth/bin/depth
[0.066s] -- Up-to-date: /home/adimas/zed_ros2/install/depth/share/ament_index/resource_index/package_run_dependencies/depth
[0.067s] -- Up-to-date: /home/adimas/zed_ros2/install/depth/share/ament_index/resource_index/parent_prefix_path/depth
[0.067s] -- Up-to-date: /home/adimas/zed_ros2/install/depth/share/depth/environment/ament_prefix_path.sh
[0.068s] -- Up-to-date: /home/adimas/zed_ros2/install/depth/share/depth/environment/ament_prefix_path.dsv
[0.068s] -- Up-to-date: /home/adimas/zed_ros2/install/depth/share/depth/environment/path.sh
[0.069s] -- Up-to-date: /home/adimas/zed_ros2/install/depth/share/depth/environment/path.dsv
[0.069s] -- Up-to-date: /home/adimas/zed_ros2/install/depth/share/depth/local_setup.bash
[0.069s] -- Up-to-date: /home/adimas/zed_ros2/install/depth/share/depth/local_setup.sh
[0.069s] -- Up-to-date: /home/adimas/zed_ros2/install/depth/share/depth/local_setup.zsh
[0.069s] -- Up-to-date: /home/adimas/zed_ros2/install/depth/share/depth/local_setup.dsv
[0.069s] -- Installing: /home/adimas/zed_ros2/install/depth/share/depth/package.dsv
[0.070s] -- Up-to-date: /home/adimas/zed_ros2/install/depth/share/ament_index/resource_index/packages/depth
[0.070s] -- Up-to-date: /home/adimas/zed_ros2/install/depth/share/depth/cmake/depthConfig.cmake
[0.070s] -- Up-to-date: /home/adimas/zed_ros2/install/depth/share/depth/cmake/depthConfig-version.cmake
[0.070s] -- Up-to-date: /home/adimas/zed_ros2/install/depth/share/depth/package.xml
[0.070s] Invoked command in '/home/adimas/zed_ros2/build/depth' returned '0': CMAKE_PREFIX_PATH=${CMAKE_PREFIX_PATH}:/opt/ros/foxy /usr/bin/cmake --install /home/adimas/zed_ros2/build/depth
