[0.013s] Invoking command in '/home/adimas/zed_ros2/build/open_cam': CMAKE_PREFIX_PATH=/opt/ros/foxy /usr/bin/cmake --build /home/adimas/zed_ros2/build/open_cam -- -j8 -l8
[0.038s] [ 50%] [32mBuilding CXX object CMakeFiles/open_cam.dir/src/main.cpp.o[0m
[3.342s] [100%] [32m[1mLinking CXX executable open_cam[0m
[3.911s] /usr/bin/ld: warning: libopencv_core.so.4.2, needed by /opt/ros/foxy/lib/libcv_bridge.so, may conflict with libopencv_core.so.407
[3.914s] [100%] Built target open_cam
[3.918s] Invoked command in '/home/adimas/zed_ros2/build/open_cam' returned '0': CMAKE_PREFIX_PATH=/opt/ros/foxy /usr/bin/cmake --build /home/adimas/zed_ros2/build/open_cam -- -j8 -l8
[3.933s] Invoking command in '/home/adimas/zed_ros2/build/open_cam': CMAKE_PREFIX_PATH=/opt/ros/foxy /usr/bin/cmake --install /home/adimas/zed_ros2/build/open_cam
[3.936s] -- Install configuration: ""
[3.937s] -- Execute custom install script
[3.938s] -- Up-to-date symlink: /home/adimas/zed_ros2/install/open_cam/lib/open_cam/open_cam
[3.938s] -- Up-to-date symlink: /home/adimas/zed_ros2/install/open_cam/share/ament_index/resource_index/package_run_dependencies/open_cam
[3.939s] -- Up-to-date symlink: /home/adimas/zed_ros2/install/open_cam/share/ament_index/resource_index/parent_prefix_path/open_cam
[3.939s] -- Up-to-date symlink: /home/adimas/zed_ros2/install/open_cam/share/open_cam/environment/ament_prefix_path.sh
[3.939s] -- Up-to-date symlink: /home/adimas/zed_ros2/install/open_cam/share/open_cam/environment/ament_prefix_path.dsv
[3.939s] -- Up-to-date symlink: /home/adimas/zed_ros2/install/open_cam/share/open_cam/environment/path.sh
[3.940s] -- Up-to-date symlink: /home/adimas/zed_ros2/install/open_cam/share/open_cam/environment/path.dsv
[3.940s] -- Up-to-date symlink: /home/adimas/zed_ros2/install/open_cam/share/open_cam/local_setup.bash
[3.940s] -- Up-to-date symlink: /home/adimas/zed_ros2/install/open_cam/share/open_cam/local_setup.sh
[3.940s] -- Up-to-date symlink: /home/adimas/zed_ros2/install/open_cam/share/open_cam/local_setup.zsh
[3.940s] -- Up-to-date symlink: /home/adimas/zed_ros2/install/open_cam/share/open_cam/local_setup.dsv
[3.940s] -- Symlinking: /home/adimas/zed_ros2/install/open_cam/share/open_cam/package.dsv
[3.943s] -- Up-to-date symlink: /home/adimas/zed_ros2/install/open_cam/share/ament_index/resource_index/packages/open_cam
[3.943s] -- Up-to-date symlink: /home/adimas/zed_ros2/install/open_cam/share/open_cam/cmake/open_camConfig.cmake
[3.943s] -- Up-to-date symlink: /home/adimas/zed_ros2/install/open_cam/share/open_cam/cmake/open_camConfig-version.cmake
[3.943s] -- Up-to-date symlink: /home/adimas/zed_ros2/install/open_cam/share/open_cam/package.xml
[3.945s] Invoked command in '/home/adimas/zed_ros2/build/open_cam' returned '0': CMAKE_PREFIX_PATH=/opt/ros/foxy /usr/bin/cmake --install /home/adimas/zed_ros2/build/open_cam
