[0.012s] Invoking command in '/home/adimas/zed_ros2/build/open_cam': CMAKE_PREFIX_PATH=${CMAKE_PREFIX_PATH}:/opt/ros/foxy /usr/bin/cmake --build /home/adimas/zed_ros2/build/open_cam -- -j8 -l8
[0.037s] [ 50%] [32mBuilding CXX object CMakeFiles/open_cam.dir/src/main.cpp.o[0m
[1.799s] In file included from [01m[K/home/adimas/zed_ros2/src/open_cam/src/main.cpp:7[m[K:
[1.799s] [01m[K/usr/local/zed/include/sl/Camera.hpp:896:13:[m[K [01;35m[Kwarning: [m[KISO C++ prohibits anonymous structs [[01;35m[K-Wpedantic[m[K]
[1.799s]   896 |             [01;35m[K}[m[K;
[1.800s]       |             [01;35m[K^[m[K
[1.800s] [01m[K/usr/local/zed/include/sl/Camera.hpp:1049:13:[m[K [01;35m[Kwarning: [m[KISO C++ prohibits anonymous structs [[01;35m[K-Wpedantic[m[K]
[1.800s]  1049 |             [01;35m[K}[m[K;
[1.800s]       |             [01;35m[K^[m[K
[1.800s] [01m[K/usr/local/zed/include/sl/Camera.hpp:1226:13:[m[K [01;35m[Kwarning: [m[KISO C++ prohibits anonymous structs [[01;35m[K-Wpedantic[m[K]
[1.800s]  1226 |             [01;35m[K}[m[K;
[1.800s]       |             [01;35m[K^[m[K
[1.800s] [01m[K/usr/local/zed/include/sl/Camera.hpp:1390:13:[m[K [01;35m[Kwarning: [m[KISO C++ prohibits anonymous structs [[01;35m[K-Wpedantic[m[K]
[1.800s]  1390 |             [01;35m[K}[m[K;
[1.800s]       |             [01;35m[K^[m[K
[1.800s] [01m[K/usr/local/zed/include/sl/Camera.hpp:1394:13:[m[K [01;35m[Kwarning: [m[KISO C++ prohibits anonymous structs [[01;35m[K-Wpedantic[m[K]
[1.801s]  1394 |             [01;35m[K}[m[K;
[1.801s]       |             [01;35m[K^[m[K
[1.801s] [01m[K/usr/local/zed/include/sl/Camera.hpp:1398:13:[m[K [01;35m[Kwarning: [m[KISO C++ prohibits anonymous structs [[01;35m[K-Wpedantic[m[K]
[1.801s]  1398 |             [01;35m[K}[m[K;
[1.801s]       |             [01;35m[K^[m[K
[1.802s] [01m[K/usr/local/zed/include/sl/Camera.hpp:1638:13:[m[K [01;35m[Kwarning: [m[KISO C++ prohibits anonymous structs [[01;35m[K-Wpedantic[m[K]
[1.802s]  1638 |             [01;35m[K}[m[K;
[1.802s]       |             [01;35m[K^[m[K
[1.802s] [01m[K/usr/local/zed/include/sl/Camera.hpp:1642:13:[m[K [01;35m[Kwarning: [m[KISO C++ prohibits anonymous structs [[01;35m[K-Wpedantic[m[K]
[1.802s]  1642 |             [01;35m[K}[m[K;
[1.802s]       |             [01;35m[K^[m[K
[1.802s] [01m[K/usr/local/zed/include/sl/Camera.hpp:1646:13:[m[K [01;35m[Kwarning: [m[KISO C++ prohibits anonymous structs [[01;35m[K-Wpedantic[m[K]
[1.802s]  1646 |             [01;35m[K}[m[K;
[1.802s]       |             [01;35m[K^[m[K
[1.804s] [01m[K/usr/local/zed/include/sl/Camera.hpp:[m[K In function ‘[01m[Ksl::Timestamp sl::operator+(sl::Timestamp, const sl::Timestamp&)[m[K’:
[1.804s] [01m[K/usr/local/zed/include/sl/Camera.hpp:2104:16:[m[K [01;35m[Kwarning: [m[Kimplicitly-declared ‘[01m[Kconstexpr sl::Timestamp::Timestamp(const sl::Timestamp&)[m[K’ is deprecated [[01;35m[K-Wdeprecated-copy[m[K]
[1.804s]  2104 |         return [01;35m[Klhs[m[K;
[1.804s]       |                [01;35m[K^~~[m[K
[1.804s] [01m[K/usr/local/zed/include/sl/Camera.hpp:2043:20:[m[K [01;36m[Knote: [m[Kbecause ‘[01m[Ksl::Timestamp[m[K’ has user-provided ‘[01m[Ksl::Timestamp& sl::Timestamp::operator=(sl::Timestamp)[m[K’
[1.804s]  2043 |         Timestamp& [01;36m[Koperator[m[K=(Timestamp other) {
[1.804s]       |                    [01;36m[K^~~~~~~~[m[K
[1.804s] [01m[K/usr/local/zed/include/sl/Camera.hpp:[m[K In function ‘[01m[Ksl::Timestamp sl::operator-(sl::Timestamp, const sl::Timestamp&)[m[K’:
[1.805s] [01m[K/usr/local/zed/include/sl/Camera.hpp:2109:16:[m[K [01;35m[Kwarning: [m[Kimplicitly-declared ‘[01m[Kconstexpr sl::Timestamp::Timestamp(const sl::Timestamp&)[m[K’ is deprecated [[01;35m[K-Wdeprecated-copy[m[K]
[1.805s]  2109 |         return [01;35m[Klhs[m[K;
[1.805s]       |                [01;35m[K^~~[m[K
[1.805s] [01m[K/usr/local/zed/include/sl/Camera.hpp:2043:20:[m[K [01;36m[Knote: [m[Kbecause ‘[01m[Ksl::Timestamp[m[K’ has user-provided ‘[01m[Ksl::Timestamp& sl::Timestamp::operator=(sl::Timestamp)[m[K’
[1.805s]  2043 |         Timestamp& [01;36m[Koperator[m[K=(Timestamp other) {
[1.805s]       |                    [01;36m[K^~~~~~~~[m[K
[1.805s] [01m[K/usr/local/zed/include/sl/Camera.hpp:[m[K In function ‘[01m[Ksl::Timestamp sl::operator/(sl::Timestamp, const sl::Timestamp&)[m[K’:
[1.805s] [01m[K/usr/local/zed/include/sl/Camera.hpp:2114:16:[m[K [01;35m[Kwarning: [m[Kimplicitly-declared ‘[01m[Kconstexpr sl::Timestamp::Timestamp(const sl::Timestamp&)[m[K’ is deprecated [[01;35m[K-Wdeprecated-copy[m[K]
[1.805s]  2114 |         return [01;35m[Klhs[m[K;
[1.805s]       |                [01;35m[K^~~[m[K
[1.805s] [01m[K/usr/local/zed/include/sl/Camera.hpp:2043:20:[m[K [01;36m[Knote: [m[Kbecause ‘[01m[Ksl::Timestamp[m[K’ has user-provided ‘[01m[Ksl::Timestamp& sl::Timestamp::operator=(sl::Timestamp)[m[K’
[1.805s]  2043 |         Timestamp& [01;36m[Koperator[m[K=(Timestamp other) {
[1.805s]       |                    [01;36m[K^~~~~~~~[m[K
[1.805s] [01m[K/usr/local/zed/include/sl/Camera.hpp:[m[K In function ‘[01m[Ksl::Timestamp sl::operator*(sl::Timestamp, const sl::Timestamp&)[m[K’:
[1.805s] [01m[K/usr/local/zed/include/sl/Camera.hpp:2119:16:[m[K [01;35m[Kwarning: [m[Kimplicitly-declared ‘[01m[Kconstexpr sl::Timestamp::Timestamp(const sl::Timestamp&)[m[K’ is deprecated [[01;35m[K-Wdeprecated-copy[m[K]
[1.805s]  2119 |         return [01;35m[Klhs[m[K;
[1.805s]       |                [01;35m[K^~~[m[K
[1.805s] [01m[K/usr/local/zed/include/sl/Camera.hpp:2043:20:[m[K [01;36m[Knote: [m[Kbecause ‘[01m[Ksl::Timestamp[m[K’ has user-provided ‘[01m[Ksl::Timestamp& sl::Timestamp::operator=(sl::Timestamp)[m[K’
[1.805s]  2043 |         Timestamp& [01;36m[Koperator[m[K=(Timestamp other) {
[1.805s]       |                    [01;36m[K^~~~~~~~[m[K
[1.806s] [01m[K/usr/local/zed/include/sl/Camera.hpp:[m[K In function ‘[01m[Ksl::Timestamp sl::getCurrentTimeStamp()[m[K’:
[1.806s] [01m[K/usr/local/zed/include/sl/Camera.hpp:2153:16:[m[K [01;35m[Kwarning: [m[Kimplicitly-declared ‘[01m[Kconstexpr sl::Timestamp::Timestamp(const sl::Timestamp&)[m[K’ is deprecated [[01;35m[K-Wdeprecated-copy[m[K]
[1.806s]  2153 |         return [01;35m[Kcurrent_ts[m[K;
[1.806s]       |                [01;35m[K^~~~~~~~~~[m[K
[1.806s] [01m[K/usr/local/zed/include/sl/Camera.hpp:2043:20:[m[K [01;36m[Knote: [m[Kbecause ‘[01m[Ksl::Timestamp[m[K’ has user-provided ‘[01m[Ksl::Timestamp& sl::Timestamp::operator=(sl::Timestamp)[m[K’
[1.806s]  2043 |         Timestamp& [01;36m[Koperator[m[K=(Timestamp other) {
[1.806s]       |                    [01;36m[K^~~~~~~~[m[K
[1.806s] [01m[K/usr/local/zed/include/sl/Camera.hpp:[m[K In function ‘[01m[KcudaError sl::__cudaSafeCall(cudaError, const char*, const char*, int)[m[K’:
[1.806s] [01m[K/usr/local/zed/include/sl/Camera.hpp:2160:89:[m[K [01;35m[Kwarning: [m[Kunused parameter ‘[01m[Kfile[m[K’ [[01;35m[K-Wunused-parameter[m[K]
[1.806s]  2160 | or __cudaSafeCall(cudaError err, const char *func, [01;35m[Kconst char *file[m[K, const int line) {
[1.806s]       |                                                    [01;35m[K~~~~~~~~~~~~^~~~[m[K
[1.806s] 
[1.806s] [01m[K/usr/local/zed/include/sl/Camera.hpp:2160:105:[m[K [01;35m[Kwarning: [m[Kunused parameter ‘[01m[Kline[m[K’ [[01;35m[K-Wunused-parameter[m[K]
[1.806s]  2160 | l(cudaError err, const char *func, const char *file, [01;35m[Kconst int line[m[K) {
[1.806s]       |                                                      [01;35m[K~~~~~~~~~~^~~~[m[K
[1.806s] 
[1.808s] In file included from [01m[K/home/adimas/zed_ros2/src/open_cam/src/main.cpp:7[m[K:
[1.808s] [01m[K/usr/local/zed/include/sl/Camera.hpp:[m[K In member function ‘[01m[Ksl::CalibrationParameters sl::CalibrationParameters::scale(sl::Resolution)[m[K’:
[1.808s] [01m[K/usr/local/zed/include/sl/Camera.hpp:3178:62:[m[K [01;35m[Kwarning: [m[Kimplicitly-declared ‘[01m[Ksl::Transform& sl::Transform::operator=(const sl::Transform&)[m[K’ is deprecated [[01;35m[K-Wdeprecated-copy[m[K]
[1.808s]  3178 |             output_calibration_parameters.stereo_transform = [01;35m[Kstereo_transform[m[K;
[1.808s]       |                                                              [01;35m[K^~~~~~~~~~~~~~~~[m[K
[1.808s] In file included from [01m[K/home/adimas/zed_ros2/src/open_cam/src/main.cpp:7[m[K:
[1.808s] [01m[K/usr/local/zed/include/sl/Camera.hpp:3023:9:[m[K [01;36m[Knote: [m[Kbecause ‘[01m[Ksl::Transform[m[K’ has user-provided ‘[01m[Ksl::Transform::Transform(const sl::Transform&)[m[K’
[1.808s]  3023 |         [01;36m[KTransform[m[K(const Transform &motion);
[1.808s]       |         [01;36m[K^~~~~~~~~[m[K
[1.808s] [01m[K/usr/local/zed/include/sl/Camera.hpp:[m[K In member function ‘[01m[Ksl::Transform& sl::Transform::operator=(const sl::Transform&)[m[K’:
[1.808s] [01m[K/usr/local/zed/include/sl/Camera.hpp:3012:60:[m[K [01;35m[Kwarning: [m[Kimplicitly-declared ‘[01m[Ksl::Matrix4f& sl::Matrix4f::operator=(const sl::Matrix4f&)[m[K’ is deprecated [[01;35m[K-Wdeprecated-copy[m[K]
[1.808s]  3012 |     class /*@cond SHOWHIDDEN*/ SL_CORE_EXPORT /*@endcond*/ [01;35m[KTransform[m[K : public Matrix4f {
[1.808s]       |                                                            [01;35m[K^~~~~~~~~[m[K
[1.809s] [01m[K/usr/local/zed/include/sl/Camera.hpp:1069:9:[m[K [01;36m[Knote: [m[Kbecause ‘[01m[Ksl::Matrix4f[m[K’ has user-provided ‘[01m[Ksl::Matrix4f::Matrix4f(const sl::Matrix4f&)[m[K’
[1.809s]  1069 |         [01;36m[KMatrix4f[m[K(const Matrix4f &mat);
[1.809s]       |         [01;36m[K^~~~~~~~[m[K
[1.809s] In file included from [01m[K/home/adimas/zed_ros2/src/open_cam/src/main.cpp:7[m[K:
[1.809s] [01m[K/usr/local/zed/include/sl/Camera.hpp:[m[K In member function ‘[01m[Ksl::CalibrationParameters sl::CalibrationParameters::scale(sl::Resolution)[m[K’:
[1.809s] [01m[K/usr/local/zed/include/sl/Camera.hpp:3178:62:[m[K [01;36m[Knote: [m[Ksynthesized method ‘[01m[Ksl::Transform& sl::Transform::operator=(const sl::Transform&)[m[K’ first required here
[1.809s]  3178 |             output_calibration_parameters.stereo_transform = [01;36m[Kstereo_transform[m[K;
[1.809s]       |                                                              [01;36m[K^~~~~~~~~~~~~~~~[m[K
[1.884s] [01m[K/usr/local/zed/include/sl/Camera.hpp:[m[K At global scope:
[1.885s] [01m[K/usr/local/zed/include/sl/Camera.hpp:6254:12:[m[K [01;35m[Kwarning: [m[Ktype qualifiers ignored on function return type [[01;35m[K-Wignored-qualifiers[m[K]
[1.885s]  6254 |     inline [01;35m[Kconst[m[K void /*@cond SHOWHIDDEN*/SL_SDK_EXPORT/*@endcond*/ getZEDSDKBuildVersion(int &major, int& minor, int& patch) {
[1.885s]       |            [01;35m[K^~~~~[m[K
[1.887s] [01m[K/usr/local/zed/include/sl/Camera.hpp:6640:2:[m[K [01;35m[Kwarning: [m[Kextra ‘[01m[K;[m[K’ [[01;35m[K-Wpedantic[m[K]
[1.887s]  6640 | }[01;35m[K;[m[K
[1.887s]       |  [01;35m[K^[m[K
[3.682s] [100%] [32m[1mLinking CXX executable open_cam[0m
[4.153s] /usr/bin/ld: warning: libopencv_imgproc.so.4.2, needed by /opt/ros/foxy/lib/libcv_bridge.so, may conflict with libopencv_imgproc.so.407
[4.153s] /usr/bin/ld: warning: libopencv_core.so.4.2, needed by /opt/ros/foxy/lib/libcv_bridge.so, may conflict with libopencv_core.so.407
[4.156s] [100%] Built target open_cam
[4.160s] Invoked command in '/home/adimas/zed_ros2/build/open_cam' returned '0': CMAKE_PREFIX_PATH=${CMAKE_PREFIX_PATH}:/opt/ros/foxy /usr/bin/cmake --build /home/adimas/zed_ros2/build/open_cam -- -j8 -l8
[4.176s] Invoking command in '/home/adimas/zed_ros2/build/open_cam': CMAKE_PREFIX_PATH=${CMAKE_PREFIX_PATH}:/opt/ros/foxy /usr/bin/cmake --install /home/adimas/zed_ros2/build/open_cam
[4.178s] -- Install configuration: ""
[4.179s] -- Execute custom install script
[4.179s] -- Up-to-date symlink: /home/adimas/zed_ros2/install/open_cam/lib/open_cam/open_cam
[4.179s] -- Up-to-date symlink: /home/adimas/zed_ros2/install/open_cam/share/ament_index/resource_index/package_run_dependencies/open_cam
[4.179s] -- Up-to-date symlink: /home/adimas/zed_ros2/install/open_cam/share/ament_index/resource_index/parent_prefix_path/open_cam
[4.179s] -- Up-to-date symlink: /home/adimas/zed_ros2/install/open_cam/share/open_cam/environment/ament_prefix_path.sh
[4.179s] -- Up-to-date symlink: /home/adimas/zed_ros2/install/open_cam/share/open_cam/environment/ament_prefix_path.dsv
[4.180s] -- Up-to-date symlink: /home/adimas/zed_ros2/install/open_cam/share/open_cam/environment/path.sh
[4.180s] -- Up-to-date symlink: /home/adimas/zed_ros2/install/open_cam/share/open_cam/environment/path.dsv
[4.180s] -- Up-to-date symlink: /home/adimas/zed_ros2/install/open_cam/share/open_cam/local_setup.bash
[4.180s] -- Up-to-date symlink: /home/adimas/zed_ros2/install/open_cam/share/open_cam/local_setup.sh
[4.180s] -- Up-to-date symlink: /home/adimas/zed_ros2/install/open_cam/share/open_cam/local_setup.zsh
[4.180s] -- Up-to-date symlink: /home/adimas/zed_ros2/install/open_cam/share/open_cam/local_setup.dsv
[4.180s] -- Symlinking: /home/adimas/zed_ros2/install/open_cam/share/open_cam/package.dsv
[4.183s] -- Up-to-date symlink: /home/adimas/zed_ros2/install/open_cam/share/ament_index/resource_index/packages/open_cam
[4.183s] -- Up-to-date symlink: /home/adimas/zed_ros2/install/open_cam/share/open_cam/cmake/open_camConfig.cmake
[4.183s] -- Up-to-date symlink: /home/adimas/zed_ros2/install/open_cam/share/open_cam/cmake/open_camConfig-version.cmake
[4.183s] -- Up-to-date symlink: /home/adimas/zed_ros2/install/open_cam/share/open_cam/package.xml
[4.184s] Invoked command in '/home/adimas/zed_ros2/build/open_cam' returned '0': CMAKE_PREFIX_PATH=${CMAKE_PREFIX_PATH}:/opt/ros/foxy /usr/bin/cmake --install /home/adimas/zed_ros2/build/open_cam
