[0.277s] DEBUG:colcon:Command line arguments: ['/usr/bin/colcon', 'build']
[0.277s] DEBUG:colcon:Parsed command line arguments: Namespace(allow_overriding=[], ament_cmake_args=None, base_paths=['.'], build_base='build', catkin_cmake_args=None, catkin_skip_building_tests=False, cmake_args=None, cmake_clean_cache=False, cmake_clean_first=False, cmake_force_configure=False, cmake_target=None, cmake_target_skip_unavailable=False, continue_on_error=False, event_handlers=None, executor='parallel', ignore_user_meta=False, install_base='install', log_base=None, log_level=None, main=<bound method BuildVerb.main of <colcon_core.verb.build.BuildVerb object at 0x7f504dd5f790>>, merge_install=False, metas=['./colcon.meta'], packages_above=None, packages_above_and_dependencies=None, packages_above_depth=None, packages_end=None, packages_ignore=None, packages_ignore_regex=None, packages_select=None, packages_select_build_failed=False, packages_select_by_dep=None, packages_select_regex=None, packages_select_test_failures=False, packages_skip=None, packages_skip_build_finished=False, packages_skip_by_dep=None, packages_skip_regex=None, packages_skip_test_passed=False, packages_skip_up_to=None, packages_start=None, packages_up_to=None, packages_up_to_regex=None, parallel_workers=8, paths=None, symlink_install=False, test_result_base=None, verb_extension=<colcon_core.verb.build.BuildVerb object at 0x7f504dd5f790>, verb_name='build', verb_parser=<colcon_defaults.argument_parser.defaults.DefaultArgumentsDecorator object at 0x7f504dd5fd00>)
[0.307s] Level 1:colcon.colcon_core.package_discovery:discover_packages(colcon_meta) check parameters
[0.308s] Level 1:colcon.colcon_core.package_discovery:discover_packages(recursive) check parameters
[0.308s] Level 1:colcon.colcon_core.package_discovery:discover_packages(ignore) check parameters
[0.308s] Level 1:colcon.colcon_core.package_discovery:discover_packages(path) check parameters
[0.308s] Level 1:colcon.colcon_core.package_discovery:discover_packages(colcon_meta) discover
[0.308s] Level 1:colcon.colcon_core.package_discovery:discover_packages(recursive) discover
[0.308s] INFO:colcon.colcon_core.package_discovery:Crawling recursively for packages in '/home/adimas/zed_ros2'
[0.308s] Level 1:colcon.colcon_core.package_identification:_identify(.) by extensions ['ignore', 'ignore_ament_install']
[0.308s] Level 1:colcon.colcon_core.package_identification:_identify(.) by extension 'ignore'
[0.308s] Level 1:colcon.colcon_core.package_identification:_identify(.) by extension 'ignore_ament_install'
[0.308s] Level 1:colcon.colcon_core.package_identification:_identify(.) by extensions ['colcon_pkg']
[0.308s] Level 1:colcon.colcon_core.package_identification:_identify(.) by extension 'colcon_pkg'
[0.308s] Level 1:colcon.colcon_core.package_identification:_identify(.) by extensions ['colcon_meta']
[0.308s] Level 1:colcon.colcon_core.package_identification:_identify(.) by extension 'colcon_meta'
[0.308s] Level 1:colcon.colcon_core.package_identification:_identify(.) by extensions ['ros']
[0.308s] Level 1:colcon.colcon_core.package_identification:_identify(.) by extension 'ros'
[0.326s] Level 1:colcon.colcon_core.package_identification:_identify(.) by extensions ['cmake', 'python']
[0.326s] Level 1:colcon.colcon_core.package_identification:_identify(.) by extension 'cmake'
[0.326s] Level 1:colcon.colcon_core.package_identification:_identify(.) by extension 'python'
[0.326s] Level 1:colcon.colcon_core.package_identification:_identify(.) by extensions ['python_setup_py']
[0.326s] Level 1:colcon.colcon_core.package_identification:_identify(.) by extension 'python_setup_py'
[0.326s] Level 1:colcon.colcon_core.package_identification:_identify(build) by extensions ['ignore', 'ignore_ament_install']
[0.327s] Level 1:colcon.colcon_core.package_identification:_identify(build) by extension 'ignore'
[0.327s] Level 1:colcon.colcon_core.package_identification:_identify(build) ignored
[0.327s] Level 1:colcon.colcon_core.package_identification:_identify(install) by extensions ['ignore', 'ignore_ament_install']
[0.327s] Level 1:colcon.colcon_core.package_identification:_identify(install) by extension 'ignore'
[0.327s] Level 1:colcon.colcon_core.package_identification:_identify(install) ignored
[0.327s] Level 1:colcon.colcon_core.package_identification:_identify(log) by extensions ['ignore', 'ignore_ament_install']
[0.327s] Level 1:colcon.colcon_core.package_identification:_identify(log) by extension 'ignore'
[0.327s] Level 1:colcon.colcon_core.package_identification:_identify(log) ignored
[0.327s] Level 1:colcon.colcon_core.package_identification:_identify(src) by extensions ['ignore', 'ignore_ament_install']
[0.327s] Level 1:colcon.colcon_core.package_identification:_identify(src) by extension 'ignore'
[0.327s] Level 1:colcon.colcon_core.package_identification:_identify(src) by extension 'ignore_ament_install'
[0.327s] Level 1:colcon.colcon_core.package_identification:_identify(src) by extensions ['colcon_pkg']
[0.327s] Level 1:colcon.colcon_core.package_identification:_identify(src) by extension 'colcon_pkg'
[0.327s] Level 1:colcon.colcon_core.package_identification:_identify(src) by extensions ['colcon_meta']
[0.327s] Level 1:colcon.colcon_core.package_identification:_identify(src) by extension 'colcon_meta'
[0.328s] Level 1:colcon.colcon_core.package_identification:_identify(src) by extensions ['ros']
[0.328s] Level 1:colcon.colcon_core.package_identification:_identify(src) by extension 'ros'
[0.328s] Level 1:colcon.colcon_core.package_identification:_identify(src) by extensions ['cmake', 'python']
[0.328s] Level 1:colcon.colcon_core.package_identification:_identify(src) by extension 'cmake'
[0.328s] Level 1:colcon.colcon_core.package_identification:_identify(src) by extension 'python'
[0.328s] Level 1:colcon.colcon_core.package_identification:_identify(src) by extensions ['python_setup_py']
[0.328s] Level 1:colcon.colcon_core.package_identification:_identify(src) by extension 'python_setup_py'
[0.328s] Level 1:colcon.colcon_core.package_identification:_identify(src/darknet_ros_msgs) by extensions ['ignore', 'ignore_ament_install']
[0.328s] Level 1:colcon.colcon_core.package_identification:_identify(src/darknet_ros_msgs) by extension 'ignore'
[0.328s] Level 1:colcon.colcon_core.package_identification:_identify(src/darknet_ros_msgs) by extension 'ignore_ament_install'
[0.328s] Level 1:colcon.colcon_core.package_identification:_identify(src/darknet_ros_msgs) by extensions ['colcon_pkg']
[0.328s] Level 1:colcon.colcon_core.package_identification:_identify(src/darknet_ros_msgs) by extension 'colcon_pkg'
[0.328s] Level 1:colcon.colcon_core.package_identification:_identify(src/darknet_ros_msgs) by extensions ['colcon_meta']
[0.328s] Level 1:colcon.colcon_core.package_identification:_identify(src/darknet_ros_msgs) by extension 'colcon_meta'
[0.328s] Level 1:colcon.colcon_core.package_identification:_identify(src/darknet_ros_msgs) by extensions ['ros']
[0.328s] Level 1:colcon.colcon_core.package_identification:_identify(src/darknet_ros_msgs) by extension 'ros'
[0.331s] DEBUG:colcon.colcon_core.package_identification:Package 'src/darknet_ros_msgs' with type 'ros.ament_cmake' and name 'darknet_ros_msgs'
[0.331s] Level 1:colcon.colcon_core.package_identification:_identify(src/open_cam) by extensions ['ignore', 'ignore_ament_install']
[0.332s] Level 1:colcon.colcon_core.package_identification:_identify(src/open_cam) by extension 'ignore'
[0.332s] Level 1:colcon.colcon_core.package_identification:_identify(src/open_cam) by extension 'ignore_ament_install'
[0.332s] Level 1:colcon.colcon_core.package_identification:_identify(src/open_cam) by extensions ['colcon_pkg']
[0.332s] Level 1:colcon.colcon_core.package_identification:_identify(src/open_cam) by extension 'colcon_pkg'
[0.332s] Level 1:colcon.colcon_core.package_identification:_identify(src/open_cam) by extensions ['colcon_meta']
[0.332s] Level 1:colcon.colcon_core.package_identification:_identify(src/open_cam) by extension 'colcon_meta'
[0.332s] Level 1:colcon.colcon_core.package_identification:_identify(src/open_cam) by extensions ['ros']
[0.332s] Level 1:colcon.colcon_core.package_identification:_identify(src/open_cam) by extension 'ros'
[0.333s] DEBUG:colcon.colcon_core.package_identification:Package 'src/open_cam' with type 'ros.ament_cmake' and name 'open_cam'
[0.333s] Level 1:colcon.colcon_core.package_discovery:discover_packages(recursive) using defaults
[0.333s] Level 1:colcon.colcon_core.package_discovery:discover_packages(ignore) discover
[0.333s] Level 1:colcon.colcon_core.package_discovery:discover_packages(ignore) using defaults
[0.333s] Level 1:colcon.colcon_core.package_discovery:discover_packages(path) discover
[0.333s] Level 1:colcon.colcon_core.package_discovery:discover_packages(path) using defaults
[0.353s] Level 1:colcon.colcon_core.package_discovery:discover_packages(prefix_path) check parameters
[0.354s] Level 1:colcon.colcon_core.package_discovery:discover_packages(prefix_path) discover
[0.357s] DEBUG:colcon.colcon_installed_package_information.package_discovery:Found 3 installed packages in /home/adimas/zed_ros2/install
[0.358s] DEBUG:colcon.colcon_installed_package_information.package_discovery:Found 259 installed packages in /opt/ros/foxy
[0.359s] Level 1:colcon.colcon_core.package_discovery:discover_packages(prefix_path) using defaults
[0.448s] Level 5:colcon.colcon_core.verb:set package 'darknet_ros_msgs' build argument 'cmake_args' from command line to 'None'
[0.448s] Level 5:colcon.colcon_core.verb:set package 'darknet_ros_msgs' build argument 'cmake_target' from command line to 'None'
[0.448s] Level 5:colcon.colcon_core.verb:set package 'darknet_ros_msgs' build argument 'cmake_target_skip_unavailable' from command line to 'False'
[0.448s] Level 5:colcon.colcon_core.verb:set package 'darknet_ros_msgs' build argument 'cmake_clean_cache' from command line to 'False'
[0.448s] Level 5:colcon.colcon_core.verb:set package 'darknet_ros_msgs' build argument 'cmake_clean_first' from command line to 'False'
[0.448s] Level 5:colcon.colcon_core.verb:set package 'darknet_ros_msgs' build argument 'cmake_force_configure' from command line to 'False'
[0.448s] Level 5:colcon.colcon_core.verb:set package 'darknet_ros_msgs' build argument 'ament_cmake_args' from command line to 'None'
[0.448s] Level 5:colcon.colcon_core.verb:set package 'darknet_ros_msgs' build argument 'catkin_cmake_args' from command line to 'None'
[0.448s] Level 5:colcon.colcon_core.verb:set package 'darknet_ros_msgs' build argument 'catkin_skip_building_tests' from command line to 'False'
[0.448s] DEBUG:colcon.colcon_core.verb:Building package 'darknet_ros_msgs' with the following arguments: {'ament_cmake_args': None, 'build_base': '/home/adimas/zed_ros2/build/darknet_ros_msgs', 'catkin_cmake_args': None, 'catkin_skip_building_tests': False, 'cmake_args': None, 'cmake_clean_cache': False, 'cmake_clean_first': False, 'cmake_force_configure': False, 'cmake_target': None, 'cmake_target_skip_unavailable': False, 'install_base': '/home/adimas/zed_ros2/install/darknet_ros_msgs', 'merge_install': False, 'path': '/home/adimas/zed_ros2/src/darknet_ros_msgs', 'symlink_install': False, 'test_result_base': None}
[0.449s] Level 5:colcon.colcon_core.verb:set package 'open_cam' build argument 'cmake_args' from command line to 'None'
[0.449s] Level 5:colcon.colcon_core.verb:set package 'open_cam' build argument 'cmake_target' from command line to 'None'
[0.449s] Level 5:colcon.colcon_core.verb:set package 'open_cam' build argument 'cmake_target_skip_unavailable' from command line to 'False'
[0.449s] Level 5:colcon.colcon_core.verb:set package 'open_cam' build argument 'cmake_clean_cache' from command line to 'False'
[0.449s] Level 5:colcon.colcon_core.verb:set package 'open_cam' build argument 'cmake_clean_first' from command line to 'False'
[0.449s] Level 5:colcon.colcon_core.verb:set package 'open_cam' build argument 'cmake_force_configure' from command line to 'False'
[0.449s] Level 5:colcon.colcon_core.verb:set package 'open_cam' build argument 'ament_cmake_args' from command line to 'None'
[0.449s] Level 5:colcon.colcon_core.verb:set package 'open_cam' build argument 'catkin_cmake_args' from command line to 'None'
[0.449s] Level 5:colcon.colcon_core.verb:set package 'open_cam' build argument 'catkin_skip_building_tests' from command line to 'False'
[0.449s] DEBUG:colcon.colcon_core.verb:Building package 'open_cam' with the following arguments: {'ament_cmake_args': None, 'build_base': '/home/adimas/zed_ros2/build/open_cam', 'catkin_cmake_args': None, 'catkin_skip_building_tests': False, 'cmake_args': None, 'cmake_clean_cache': False, 'cmake_clean_first': False, 'cmake_force_configure': False, 'cmake_target': None, 'cmake_target_skip_unavailable': False, 'install_base': '/home/adimas/zed_ros2/install/open_cam', 'merge_install': False, 'path': '/home/adimas/zed_ros2/src/open_cam', 'symlink_install': False, 'test_result_base': None}
[0.450s] INFO:colcon.colcon_core.executor:Executing jobs using 'parallel' executor
[0.453s] DEBUG:colcon.colcon_parallel_executor.executor.parallel:run_until_complete
[0.453s] INFO:colcon.colcon_ros.task.ament_cmake.build:Building ROS package in '/home/adimas/zed_ros2/src/darknet_ros_msgs' with build type 'ament_cmake'
[0.453s] INFO:colcon.colcon_cmake.task.cmake.build:Building CMake package in '/home/adimas/zed_ros2/src/darknet_ros_msgs'
[0.458s] INFO:colcon.colcon_core.plugin_system:Skipping extension 'colcon_core.shell.bat': Not used on non-Windows systems
[0.458s] INFO:colcon.colcon_core.shell:Skip shell extension 'powershell' for command environment: Not usable outside of PowerShell
[0.458s] DEBUG:colcon.colcon_core.shell:Skip shell extension 'dsv' for command environment
[0.466s] DEBUG:colcon.colcon_core.event_handler.log_command:Invoking command in '/home/adimas/zed_ros2/build/darknet_ros_msgs': CMAKE_PREFIX_PATH=${CMAKE_PREFIX_PATH}:/opt/ros/foxy /usr/bin/cmake --build /home/adimas/zed_ros2/build/darknet_ros_msgs -- -j8 -l8
[0.553s] DEBUG:colcon.colcon_core.event_handler.log_command:Invoked command in '/home/adimas/zed_ros2/build/darknet_ros_msgs' returned '0': CMAKE_PREFIX_PATH=${CMAKE_PREFIX_PATH}:/opt/ros/foxy /usr/bin/cmake --build /home/adimas/zed_ros2/build/darknet_ros_msgs -- -j8 -l8
[0.608s] DEBUG:colcon.colcon_core.event_handler.log_command:Invoking command in '/home/adimas/zed_ros2/build/darknet_ros_msgs': CMAKE_PREFIX_PATH=${CMAKE_PREFIX_PATH}:/opt/ros/foxy /usr/bin/cmake --install /home/adimas/zed_ros2/build/darknet_ros_msgs
[0.648s] Level 1:colcon.colcon_core.environment:create_environment_scripts_only(darknet_ros_msgs)
[0.649s] DEBUG:colcon.colcon_core.event_handler.log_command:Invoked command in '/home/adimas/zed_ros2/build/darknet_ros_msgs' returned '0': CMAKE_PREFIX_PATH=${CMAKE_PREFIX_PATH}:/opt/ros/foxy /usr/bin/cmake --install /home/adimas/zed_ros2/build/darknet_ros_msgs
[0.653s] Level 1:colcon.colcon_core.environment:checking '/home/adimas/zed_ros2/install/darknet_ros_msgs' for CMake module files
[0.654s] Level 1:colcon.colcon_core.environment:checking '/home/adimas/zed_ros2/install/darknet_ros_msgs' for CMake config files
[0.654s] Level 1:colcon.colcon_core.shell:create_environment_hook('darknet_ros_msgs', 'cmake_prefix_path')
[0.655s] INFO:colcon.colcon_core.shell:Creating environment hook '/home/adimas/zed_ros2/install/darknet_ros_msgs/share/darknet_ros_msgs/hook/cmake_prefix_path.ps1'
[0.656s] INFO:colcon.colcon_core.shell:Creating environment descriptor '/home/adimas/zed_ros2/install/darknet_ros_msgs/share/darknet_ros_msgs/hook/cmake_prefix_path.dsv'
[0.656s] INFO:colcon.colcon_core.shell:Creating environment hook '/home/adimas/zed_ros2/install/darknet_ros_msgs/share/darknet_ros_msgs/hook/cmake_prefix_path.sh'
[0.657s] Level 1:colcon.colcon_core.environment:checking '/home/adimas/zed_ros2/install/darknet_ros_msgs/lib'
[0.657s] Level 1:colcon.colcon_core.shell:create_environment_hook('darknet_ros_msgs', 'ld_library_path_lib')
[0.658s] INFO:colcon.colcon_core.shell:Creating environment hook '/home/adimas/zed_ros2/install/darknet_ros_msgs/share/darknet_ros_msgs/hook/ld_library_path_lib.ps1'
[0.659s] INFO:colcon.colcon_core.shell:Creating environment descriptor '/home/adimas/zed_ros2/install/darknet_ros_msgs/share/darknet_ros_msgs/hook/ld_library_path_lib.dsv'
[0.659s] INFO:colcon.colcon_core.shell:Creating environment hook '/home/adimas/zed_ros2/install/darknet_ros_msgs/share/darknet_ros_msgs/hook/ld_library_path_lib.sh'
[0.659s] Level 1:colcon.colcon_core.environment:checking '/home/adimas/zed_ros2/install/darknet_ros_msgs/bin'
[0.659s] Level 1:colcon.colcon_core.environment:checking '/home/adimas/zed_ros2/install/darknet_ros_msgs/lib/pkgconfig/darknet_ros_msgs.pc'
[0.659s] Level 1:colcon.colcon_core.environment:checking '/home/adimas/zed_ros2/install/darknet_ros_msgs/lib/python3.8/site-packages'
[0.659s] Level 1:colcon.colcon_core.shell:create_environment_hook('darknet_ros_msgs', 'pythonpath')
[0.660s] INFO:colcon.colcon_core.shell:Creating environment hook '/home/adimas/zed_ros2/install/darknet_ros_msgs/share/darknet_ros_msgs/hook/pythonpath.ps1'
[0.661s] INFO:colcon.colcon_core.shell:Creating environment descriptor '/home/adimas/zed_ros2/install/darknet_ros_msgs/share/darknet_ros_msgs/hook/pythonpath.dsv'
[0.661s] INFO:colcon.colcon_core.shell:Creating environment hook '/home/adimas/zed_ros2/install/darknet_ros_msgs/share/darknet_ros_msgs/hook/pythonpath.sh'
[0.661s] Level 1:colcon.colcon_core.environment:checking '/home/adimas/zed_ros2/install/darknet_ros_msgs/bin'
[0.662s] INFO:colcon.colcon_core.shell:Creating package script '/home/adimas/zed_ros2/install/darknet_ros_msgs/share/darknet_ros_msgs/package.ps1'
[0.663s] INFO:colcon.colcon_core.shell:Creating package descriptor '/home/adimas/zed_ros2/install/darknet_ros_msgs/share/darknet_ros_msgs/package.dsv'
[0.663s] INFO:colcon.colcon_core.shell:Creating package script '/home/adimas/zed_ros2/install/darknet_ros_msgs/share/darknet_ros_msgs/package.sh'
[0.664s] INFO:colcon.colcon_core.shell:Creating package script '/home/adimas/zed_ros2/install/darknet_ros_msgs/share/darknet_ros_msgs/package.bash'
[0.664s] INFO:colcon.colcon_core.shell:Creating package script '/home/adimas/zed_ros2/install/darknet_ros_msgs/share/darknet_ros_msgs/package.zsh'
[0.665s] Level 1:colcon.colcon_core.environment:create_file_with_runtime_dependencies(/home/adimas/zed_ros2/install/darknet_ros_msgs/share/colcon-core/packages/darknet_ros_msgs)
[0.716s] Level 1:colcon.colcon_core.environment:create_environment_scripts_only(darknet_ros_msgs)
[0.718s] Level 1:colcon.colcon_core.environment:checking '/home/adimas/zed_ros2/install/darknet_ros_msgs' for CMake module files
[0.719s] Level 1:colcon.colcon_core.environment:checking '/home/adimas/zed_ros2/install/darknet_ros_msgs' for CMake config files
[0.719s] Level 1:colcon.colcon_core.shell:create_environment_hook('darknet_ros_msgs', 'cmake_prefix_path')
[0.720s] INFO:colcon.colcon_core.shell:Creating environment hook '/home/adimas/zed_ros2/install/darknet_ros_msgs/share/darknet_ros_msgs/hook/cmake_prefix_path.ps1'
[0.720s] INFO:colcon.colcon_core.shell:Creating environment descriptor '/home/adimas/zed_ros2/install/darknet_ros_msgs/share/darknet_ros_msgs/hook/cmake_prefix_path.dsv'
[0.721s] INFO:colcon.colcon_core.shell:Creating environment hook '/home/adimas/zed_ros2/install/darknet_ros_msgs/share/darknet_ros_msgs/hook/cmake_prefix_path.sh'
[0.721s] Level 1:colcon.colcon_core.environment:checking '/home/adimas/zed_ros2/install/darknet_ros_msgs/lib'
[0.721s] Level 1:colcon.colcon_core.shell:create_environment_hook('darknet_ros_msgs', 'ld_library_path_lib')
[0.722s] INFO:colcon.colcon_core.shell:Creating environment hook '/home/adimas/zed_ros2/install/darknet_ros_msgs/share/darknet_ros_msgs/hook/ld_library_path_lib.ps1'
[0.722s] INFO:colcon.colcon_core.shell:Creating environment descriptor '/home/adimas/zed_ros2/install/darknet_ros_msgs/share/darknet_ros_msgs/hook/ld_library_path_lib.dsv'
[0.723s] INFO:colcon.colcon_core.shell:Creating environment hook '/home/adimas/zed_ros2/install/darknet_ros_msgs/share/darknet_ros_msgs/hook/ld_library_path_lib.sh'
[0.723s] Level 1:colcon.colcon_core.environment:checking '/home/adimas/zed_ros2/install/darknet_ros_msgs/bin'
[0.723s] Level 1:colcon.colcon_core.environment:checking '/home/adimas/zed_ros2/install/darknet_ros_msgs/lib/pkgconfig/darknet_ros_msgs.pc'
[0.723s] Level 1:colcon.colcon_core.environment:checking '/home/adimas/zed_ros2/install/darknet_ros_msgs/lib/python3.8/site-packages'
[0.723s] Level 1:colcon.colcon_core.shell:create_environment_hook('darknet_ros_msgs', 'pythonpath')
[0.724s] INFO:colcon.colcon_core.shell:Creating environment hook '/home/adimas/zed_ros2/install/darknet_ros_msgs/share/darknet_ros_msgs/hook/pythonpath.ps1'
[0.724s] INFO:colcon.colcon_core.shell:Creating environment descriptor '/home/adimas/zed_ros2/install/darknet_ros_msgs/share/darknet_ros_msgs/hook/pythonpath.dsv'
[0.725s] INFO:colcon.colcon_core.shell:Creating environment hook '/home/adimas/zed_ros2/install/darknet_ros_msgs/share/darknet_ros_msgs/hook/pythonpath.sh'
[0.725s] Level 1:colcon.colcon_core.environment:checking '/home/adimas/zed_ros2/install/darknet_ros_msgs/bin'
[0.726s] INFO:colcon.colcon_core.shell:Creating package script '/home/adimas/zed_ros2/install/darknet_ros_msgs/share/darknet_ros_msgs/package.ps1'
[0.727s] INFO:colcon.colcon_core.shell:Creating package descriptor '/home/adimas/zed_ros2/install/darknet_ros_msgs/share/darknet_ros_msgs/package.dsv'
[0.727s] INFO:colcon.colcon_core.shell:Creating package script '/home/adimas/zed_ros2/install/darknet_ros_msgs/share/darknet_ros_msgs/package.sh'
[0.727s] INFO:colcon.colcon_core.shell:Creating package script '/home/adimas/zed_ros2/install/darknet_ros_msgs/share/darknet_ros_msgs/package.bash'
[0.728s] INFO:colcon.colcon_core.shell:Creating package script '/home/adimas/zed_ros2/install/darknet_ros_msgs/share/darknet_ros_msgs/package.zsh'
[0.728s] Level 1:colcon.colcon_core.environment:create_file_with_runtime_dependencies(/home/adimas/zed_ros2/install/darknet_ros_msgs/share/colcon-core/packages/darknet_ros_msgs)
[0.728s] INFO:colcon.colcon_ros.task.ament_cmake.build:Building ROS package in '/home/adimas/zed_ros2/src/open_cam' with build type 'ament_cmake'
[0.728s] INFO:colcon.colcon_cmake.task.cmake.build:Building CMake package in '/home/adimas/zed_ros2/src/open_cam'
[0.729s] INFO:colcon.colcon_core.shell:Skip shell extension 'powershell' for command environment: Not usable outside of PowerShell
[0.729s] DEBUG:colcon.colcon_core.shell:Skip shell extension 'dsv' for command environment
[0.740s] DEBUG:colcon.colcon_core.event_handler.log_command:Invoking command in '/home/adimas/zed_ros2/build/open_cam': CMAKE_PREFIX_PATH=${CMAKE_PREFIX_PATH}:/opt/ros/foxy LD_LIBRARY_PATH=/home/adimas/zed_ros2/install/darknet_ros_msgs/lib:/opt/ros/foxy/opt/yaml_cpp_vendor/lib:/opt/ros/foxy/opt/rviz_ogre_vendor/lib:/opt/ros/foxy/lib/x86_64-linux-gnu:/opt/ros/foxy/lib:/usr/local/cuda-12.1/lib64 /usr/bin/cmake --build /home/adimas/zed_ros2/build/open_cam -- -j8 -l8
[5.037s] DEBUG:colcon.colcon_core.event_handler.log_command:Invoked command in '/home/adimas/zed_ros2/build/open_cam' returned '2': CMAKE_PREFIX_PATH=${CMAKE_PREFIX_PATH}:/opt/ros/foxy LD_LIBRARY_PATH=/home/adimas/zed_ros2/install/darknet_ros_msgs/lib:/opt/ros/foxy/opt/yaml_cpp_vendor/lib:/opt/ros/foxy/opt/rviz_ogre_vendor/lib:/opt/ros/foxy/lib/x86_64-linux-gnu:/opt/ros/foxy/lib:/usr/local/cuda-12.1/lib64 /usr/bin/cmake --build /home/adimas/zed_ros2/build/open_cam -- -j8 -l8
[5.050s] Level 1:colcon.colcon_core.environment:create_environment_scripts_only(open_cam)
[5.052s] Level 1:colcon.colcon_core.environment:checking '/home/adimas/zed_ros2/install/open_cam' for CMake module files
[5.053s] Level 1:colcon.colcon_core.environment:checking '/home/adimas/zed_ros2/install/open_cam' for CMake config files
[5.053s] Level 1:colcon.colcon_core.shell:create_environment_hook('open_cam', 'cmake_prefix_path')
[5.054s] INFO:colcon.colcon_core.shell:Creating environment hook '/home/adimas/zed_ros2/install/open_cam/share/open_cam/hook/cmake_prefix_path.ps1'
[5.055s] INFO:colcon.colcon_core.shell:Creating environment descriptor '/home/adimas/zed_ros2/install/open_cam/share/open_cam/hook/cmake_prefix_path.dsv'
[5.055s] INFO:colcon.colcon_core.shell:Creating environment hook '/home/adimas/zed_ros2/install/open_cam/share/open_cam/hook/cmake_prefix_path.sh'
[5.055s] Level 1:colcon.colcon_core.environment:checking '/home/adimas/zed_ros2/install/open_cam/lib'
[5.055s] Level 1:colcon.colcon_core.environment:checking '/home/adimas/zed_ros2/install/open_cam/bin'
[5.055s] Level 1:colcon.colcon_core.environment:checking '/home/adimas/zed_ros2/install/open_cam/lib/pkgconfig/open_cam.pc'
[5.056s] Level 1:colcon.colcon_core.environment:checking '/home/adimas/zed_ros2/install/open_cam/lib/python3.8/site-packages'
[5.056s] Level 1:colcon.colcon_core.environment:checking '/home/adimas/zed_ros2/install/open_cam/bin'
[5.057s] INFO:colcon.colcon_core.shell:Creating package script '/home/adimas/zed_ros2/install/open_cam/share/open_cam/package.ps1'
[5.057s] INFO:colcon.colcon_core.shell:Creating package descriptor '/home/adimas/zed_ros2/install/open_cam/share/open_cam/package.dsv'
[5.058s] INFO:colcon.colcon_core.shell:Creating package script '/home/adimas/zed_ros2/install/open_cam/share/open_cam/package.sh'
[5.058s] INFO:colcon.colcon_core.shell:Creating package script '/home/adimas/zed_ros2/install/open_cam/share/open_cam/package.bash'
[5.058s] INFO:colcon.colcon_core.shell:Creating package script '/home/adimas/zed_ros2/install/open_cam/share/open_cam/package.zsh'
[5.058s] Level 1:colcon.colcon_core.environment:create_file_with_runtime_dependencies(/home/adimas/zed_ros2/install/open_cam/share/colcon-core/packages/open_cam)
[5.069s] DEBUG:colcon.colcon_parallel_executor.executor.parallel:closing loop
[5.069s] DEBUG:colcon.colcon_parallel_executor.executor.parallel:loop closed
[5.069s] DEBUG:colcon.colcon_parallel_executor.executor.parallel:run_until_complete finished with '2'
[5.069s] DEBUG:colcon.colcon_core.event_reactor:joining thread
[5.077s] INFO:colcon.colcon_core.plugin_system:Skipping extension 'colcon_notification.desktop_notification.terminal_notifier': Not used on non-Darwin systems
[5.077s] INFO:colcon.colcon_core.plugin_system:Skipping extension 'colcon_notification.desktop_notification.win32': Not used on non-Windows systems
[5.077s] INFO:colcon.colcon_notification.desktop_notification:Sending desktop notification using 'notify2'
[5.089s] DEBUG:colcon.colcon_core.event_reactor:joined thread
[5.092s] INFO:colcon.colcon_core.shell:Creating prefix script '/home/adimas/zed_ros2/install/local_setup.ps1'
[5.093s] INFO:colcon.colcon_core.shell:Creating prefix util module '/home/adimas/zed_ros2/install/_local_setup_util_ps1.py'
[5.095s] INFO:colcon.colcon_core.shell:Creating prefix chain script '/home/adimas/zed_ros2/install/setup.ps1'
[5.097s] INFO:colcon.colcon_core.shell:Creating prefix script '/home/adimas/zed_ros2/install/local_setup.sh'
[5.097s] INFO:colcon.colcon_core.shell:Creating prefix util module '/home/adimas/zed_ros2/install/_local_setup_util_sh.py'
[5.098s] INFO:colcon.colcon_core.shell:Creating prefix chain script '/home/adimas/zed_ros2/install/setup.sh'
[5.099s] INFO:colcon.colcon_core.shell:Creating prefix script '/home/adimas/zed_ros2/install/local_setup.bash'
[5.100s] INFO:colcon.colcon_core.shell:Creating prefix chain script '/home/adimas/zed_ros2/install/setup.bash'
[5.101s] INFO:colcon.colcon_core.shell:Creating prefix script '/home/adimas/zed_ros2/install/local_setup.zsh'
[5.102s] INFO:colcon.colcon_core.shell:Creating prefix chain script '/home/adimas/zed_ros2/install/setup.zsh'
