[0.015s] Invoking command in '/home/adimas/zed_ros2/build/open_cam': CMAKE_PREFIX_PATH=${CMAKE_PREFIX_PATH}:/opt/ros/foxy /usr/bin/cmake --build /home/adimas/zed_ros2/build/open_cam -- -j8 -l8
[0.107s] [ 50%] [32mBuilding CXX object CMakeFiles/open_cam.dir/src/main.cpp.o[0m
[2.110s] In file included from [01m[K/home/adimas/zed_ros2/src/open_cam/src/main.cpp:8[m[K:
[2.110s] [01m[K/usr/local/zed/include/sl/Camera.hpp:896:13:[m[K [01;35m[Kwarning: [m[KISO C++ prohibits anonymous structs [[01;35m[K-Wpedantic[m[K]
[2.110s]   896 |             [01;35m[K}[m[K;
[2.110s]       |             [01;35m[K^[m[K
[2.110s] [01m[K/usr/local/zed/include/sl/Camera.hpp:1049:13:[m[K [01;35m[Kwarning: [m[KISO C++ prohibits anonymous structs [[01;35m[K-Wpedantic[m[K]
[2.110s]  1049 |             [01;35m[K}[m[K;
[2.110s]       |             [01;35m[K^[m[K
[2.111s] [01m[K/usr/local/zed/include/sl/Camera.hpp:1226:13:[m[K [01;35m[Kwarning: [m[KISO C++ prohibits anonymous structs [[01;35m[K-Wpedantic[m[K]
[2.111s]  1226 |             [01;35m[K}[m[K;
[2.111s]       |             [01;35m[K^[m[K
[2.111s] [01m[K/usr/local/zed/include/sl/Camera.hpp:1390:13:[m[K [01;35m[Kwarning: [m[KISO C++ prohibits anonymous structs [[01;35m[K-Wpedantic[m[K]
[2.111s]  1390 |             [01;35m[K}[m[K;
[2.111s]       |             [01;35m[K^[m[K
[2.111s] [01m[K/usr/local/zed/include/sl/Camera.hpp:1394:13:[m[K [01;35m[Kwarning: [m[KISO C++ prohibits anonymous structs [[01;35m[K-Wpedantic[m[K]
[2.111s]  1394 |             [01;35m[K}[m[K;
[2.112s]       |             [01;35m[K^[m[K
[2.112s] [01m[K/usr/local/zed/include/sl/Camera.hpp:1398:13:[m[K [01;35m[Kwarning: [m[KISO C++ prohibits anonymous structs [[01;35m[K-Wpedantic[m[K]
[2.112s]  1398 |             [01;35m[K}[m[K;
[2.112s]       |             [01;35m[K^[m[K
[2.112s] [01m[K/usr/local/zed/include/sl/Camera.hpp:1638:13:[m[K [01;35m[Kwarning: [m[KISO C++ prohibits anonymous structs [[01;35m[K-Wpedantic[m[K]
[2.113s]  1638 |             [01;35m[K}[m[K;
[2.113s]       |             [01;35m[K^[m[K
[2.113s] [01m[K/usr/local/zed/include/sl/Camera.hpp:1642:13:[m[K [01;35m[Kwarning: [m[KISO C++ prohibits anonymous structs [[01;35m[K-Wpedantic[m[K]
[2.113s]  1642 |             [01;35m[K}[m[K;
[2.113s]       |             [01;35m[K^[m[K
[2.113s] [01m[K/usr/local/zed/include/sl/Camera.hpp:1646:13:[m[K [01;35m[Kwarning: [m[KISO C++ prohibits anonymous structs [[01;35m[K-Wpedantic[m[K]
[2.113s]  1646 |             [01;35m[K}[m[K;
[2.113s]       |             [01;35m[K^[m[K
[2.115s] [01m[K/usr/local/zed/include/sl/Camera.hpp:[m[K In function ‘[01m[Ksl::Timestamp sl::operator+(sl::Timestamp, const sl::Timestamp&)[m[K’:
[2.115s] [01m[K/usr/local/zed/include/sl/Camera.hpp:2104:16:[m[K [01;35m[Kwarning: [m[Kimplicitly-declared ‘[01m[Kconstexpr sl::Timestamp::Timestamp(const sl::Timestamp&)[m[K’ is deprecated [[01;35m[K-Wdeprecated-copy[m[K]
[2.115s]  2104 |         return [01;35m[Klhs[m[K;
[2.115s]       |                [01;35m[K^~~[m[K
[2.115s] [01m[K/usr/local/zed/include/sl/Camera.hpp:2043:20:[m[K [01;36m[Knote: [m[Kbecause ‘[01m[Ksl::Timestamp[m[K’ has user-provided ‘[01m[Ksl::Timestamp& sl::Timestamp::operator=(sl::Timestamp)[m[K’
[2.115s]  2043 |         Timestamp& [01;36m[Koperator[m[K=(Timestamp other) {
[2.116s]       |                    [01;36m[K^~~~~~~~[m[K
[2.116s] [01m[K/usr/local/zed/include/sl/Camera.hpp:[m[K In function ‘[01m[Ksl::Timestamp sl::operator-(sl::Timestamp, const sl::Timestamp&)[m[K’:
[2.116s] [01m[K/usr/local/zed/include/sl/Camera.hpp:2109:16:[m[K [01;35m[Kwarning: [m[Kimplicitly-declared ‘[01m[Kconstexpr sl::Timestamp::Timestamp(const sl::Timestamp&)[m[K’ is deprecated [[01;35m[K-Wdeprecated-copy[m[K]
[2.116s]  2109 |         return [01;35m[Klhs[m[K;
[2.116s]       |                [01;35m[K^~~[m[K
[2.116s] [01m[K/usr/local/zed/include/sl/Camera.hpp:2043:20:[m[K [01;36m[Knote: [m[Kbecause ‘[01m[Ksl::Timestamp[m[K’ has user-provided ‘[01m[Ksl::Timestamp& sl::Timestamp::operator=(sl::Timestamp)[m[K’
[2.116s]  2043 |         Timestamp& [01;36m[Koperator[m[K=(Timestamp other) {
[2.116s]       |                    [01;36m[K^~~~~~~~[m[K
[2.116s] [01m[K/usr/local/zed/include/sl/Camera.hpp:[m[K In function ‘[01m[Ksl::Timestamp sl::operator/(sl::Timestamp, const sl::Timestamp&)[m[K’:
[2.116s] [01m[K/usr/local/zed/include/sl/Camera.hpp:2114:16:[m[K [01;35m[Kwarning: [m[Kimplicitly-declared ‘[01m[Kconstexpr sl::Timestamp::Timestamp(const sl::Timestamp&)[m[K’ is deprecated [[01;35m[K-Wdeprecated-copy[m[K]
[2.116s]  2114 |         return [01;35m[Klhs[m[K;
[2.116s]       |                [01;35m[K^~~[m[K
[2.116s] [01m[K/usr/local/zed/include/sl/Camera.hpp:2043:20:[m[K [01;36m[Knote: [m[Kbecause ‘[01m[Ksl::Timestamp[m[K’ has user-provided ‘[01m[Ksl::Timestamp& sl::Timestamp::operator=(sl::Timestamp)[m[K’
[2.116s]  2043 |         Timestamp& [01;36m[Koperator[m[K=(Timestamp other) {
[2.116s]       |                    [01;36m[K^~~~~~~~[m[K
[2.116s] [01m[K/usr/local/zed/include/sl/Camera.hpp:[m[K In function ‘[01m[Ksl::Timestamp sl::operator*(sl::Timestamp, const sl::Timestamp&)[m[K’:
[2.116s] [01m[K/usr/local/zed/include/sl/Camera.hpp:2119:16:[m[K [01;35m[Kwarning: [m[Kimplicitly-declared ‘[01m[Kconstexpr sl::Timestamp::Timestamp(const sl::Timestamp&)[m[K’ is deprecated [[01;35m[K-Wdeprecated-copy[m[K]
[2.116s]  2119 |         return [01;35m[Klhs[m[K;
[2.116s]       |                [01;35m[K^~~[m[K
[2.116s] [01m[K/usr/local/zed/include/sl/Camera.hpp:2043:20:[m[K [01;36m[Knote: [m[Kbecause ‘[01m[Ksl::Timestamp[m[K’ has user-provided ‘[01m[Ksl::Timestamp& sl::Timestamp::operator=(sl::Timestamp)[m[K’
[2.117s]  2043 |         Timestamp& [01;36m[Koperator[m[K=(Timestamp other) {
[2.117s]       |                    [01;36m[K^~~~~~~~[m[K
[2.117s] [01m[K/usr/local/zed/include/sl/Camera.hpp:[m[K In function ‘[01m[Ksl::Timestamp sl::getCurrentTimeStamp()[m[K’:
[2.117s] [01m[K/usr/local/zed/include/sl/Camera.hpp:2153:16:[m[K [01;35m[Kwarning: [m[Kimplicitly-declared ‘[01m[Kconstexpr sl::Timestamp::Timestamp(const sl::Timestamp&)[m[K’ is deprecated [[01;35m[K-Wdeprecated-copy[m[K]
[2.117s]  2153 |         return [01;35m[Kcurrent_ts[m[K;
[2.117s]       |                [01;35m[K^~~~~~~~~~[m[K
[2.117s] [01m[K/usr/local/zed/include/sl/Camera.hpp:2043:20:[m[K [01;36m[Knote: [m[Kbecause ‘[01m[Ksl::Timestamp[m[K’ has user-provided ‘[01m[Ksl::Timestamp& sl::Timestamp::operator=(sl::Timestamp)[m[K’
[2.117s]  2043 |         Timestamp& [01;36m[Koperator[m[K=(Timestamp other) {
[2.117s]       |                    [01;36m[K^~~~~~~~[m[K
[2.117s] [01m[K/usr/local/zed/include/sl/Camera.hpp:[m[K In function ‘[01m[KcudaError sl::__cudaSafeCall(cudaError, const char*, const char*, int)[m[K’:
[2.117s] [01m[K/usr/local/zed/include/sl/Camera.hpp:2160:89:[m[K [01;35m[Kwarning: [m[Kunused parameter ‘[01m[Kfile[m[K’ [[01;35m[K-Wunused-parameter[m[K]
[2.117s]  2160 | ror __cudaSafeCall(cudaError err, const char *func, [01;35m[Kconst char *file[m[K, const int line) {
[2.117s]       |                                                     [01;35m[K~~~~~~~~~~~~^~~~[m[K
[2.117s] 
[2.117s] [01m[K/usr/local/zed/include/sl/Camera.hpp:2160:105:[m[K [01;35m[Kwarning: [m[Kunused parameter ‘[01m[Kline[m[K’ [[01;35m[K-Wunused-parameter[m[K]
[2.117s]  2160 | ll(cudaError err, const char *func, const char *file, [01;35m[Kconst int line[m[K) {
[2.117s]       |                                                       [01;35m[K~~~~~~~~~~^~~~[m[K
[2.117s] 
[2.119s] In file included from [01m[K/home/adimas/zed_ros2/src/open_cam/src/main.cpp:8[m[K:
[2.119s] [01m[K/usr/local/zed/include/sl/Camera.hpp:[m[K In member function ‘[01m[Ksl::CalibrationParameters sl::CalibrationParameters::scale(sl::Resolution)[m[K’:
[2.119s] [01m[K/usr/local/zed/include/sl/Camera.hpp:3178:62:[m[K [01;35m[Kwarning: [m[Kimplicitly-declared ‘[01m[Ksl::Transform& sl::Transform::operator=(const sl::Transform&)[m[K’ is deprecated [[01;35m[K-Wdeprecated-copy[m[K]
[2.119s]  3178 |             output_calibration_parameters.stereo_transform = [01;35m[Kstereo_transform[m[K;
[2.119s]       |                                                              [01;35m[K^~~~~~~~~~~~~~~~[m[K
[2.119s] In file included from [01m[K/home/adimas/zed_ros2/src/open_cam/src/main.cpp:8[m[K:
[2.119s] [01m[K/usr/local/zed/include/sl/Camera.hpp:3023:9:[m[K [01;36m[Knote: [m[Kbecause ‘[01m[Ksl::Transform[m[K’ has user-provided ‘[01m[Ksl::Transform::Transform(const sl::Transform&)[m[K’
[2.119s]  3023 |         [01;36m[KTransform[m[K(const Transform &motion);
[2.119s]       |         [01;36m[K^~~~~~~~~[m[K
[2.119s] [01m[K/usr/local/zed/include/sl/Camera.hpp:[m[K In member function ‘[01m[Ksl::Transform& sl::Transform::operator=(const sl::Transform&)[m[K’:
[2.119s] [01m[K/usr/local/zed/include/sl/Camera.hpp:3012:60:[m[K [01;35m[Kwarning: [m[Kimplicitly-declared ‘[01m[Ksl::Matrix4f& sl::Matrix4f::operator=(const sl::Matrix4f&)[m[K’ is deprecated [[01;35m[K-Wdeprecated-copy[m[K]
[2.120s]  3012 |     class /*@cond SHOWHIDDEN*/ SL_CORE_EXPORT /*@endcond*/ [01;35m[KTransform[m[K : public Matrix4f {
[2.120s]       |                                                            [01;35m[K^~~~~~~~~[m[K
[2.120s] [01m[K/usr/local/zed/include/sl/Camera.hpp:1069:9:[m[K [01;36m[Knote: [m[Kbecause ‘[01m[Ksl::Matrix4f[m[K’ has user-provided ‘[01m[Ksl::Matrix4f::Matrix4f(const sl::Matrix4f&)[m[K’
[2.120s]  1069 |         [01;36m[KMatrix4f[m[K(const Matrix4f &mat);
[2.120s]       |         [01;36m[K^~~~~~~~[m[K
[2.120s] In file included from [01m[K/home/adimas/zed_ros2/src/open_cam/src/main.cpp:8[m[K:
[2.120s] [01m[K/usr/local/zed/include/sl/Camera.hpp:[m[K In member function ‘[01m[Ksl::CalibrationParameters sl::CalibrationParameters::scale(sl::Resolution)[m[K’:
[2.120s] [01m[K/usr/local/zed/include/sl/Camera.hpp:3178:62:[m[K [01;36m[Knote: [m[Ksynthesized method ‘[01m[Ksl::Transform& sl::Transform::operator=(const sl::Transform&)[m[K’ first required here
[2.120s]  3178 |             output_calibration_parameters.stereo_transform = [01;36m[Kstereo_transform[m[K;
[2.120s]       |                                                              [01;36m[K^~~~~~~~~~~~~~~~[m[K
[2.196s] [01m[K/usr/local/zed/include/sl/Camera.hpp:[m[K At global scope:
[2.196s] [01m[K/usr/local/zed/include/sl/Camera.hpp:6254:12:[m[K [01;35m[Kwarning: [m[Ktype qualifiers ignored on function return type [[01;35m[K-Wignored-qualifiers[m[K]
[2.196s]  6254 |     inline [01;35m[Kconst[m[K void /*@cond SHOWHIDDEN*/SL_SDK_EXPORT/*@endcond*/ getZEDSDKBuildVersion(int &major, int& minor, int& patch) {
[2.196s]       |            [01;35m[K^~~~~[m[K
[2.199s] [01m[K/usr/local/zed/include/sl/Camera.hpp:6640:2:[m[K [01;35m[Kwarning: [m[Kextra ‘[01m[K;[m[K’ [[01;35m[K-Wpedantic[m[K]
[2.199s]  6640 | }[01;35m[K;[m[K
[2.199s]       |  [01;35m[K^[m[K
[2.224s] [01m[K/home/adimas/zed_ros2/src/open_cam/src/main.cpp:[m[K In member function ‘[01m[Kvoid ZedCameraNode::captureAndPublishImage()[m[K’:
[2.224s] [01m[K/home/adimas/zed_ros2/src/open_cam/src/main.cpp:45:36:[m[K [01;31m[Kerror: [m[K‘[01m[Kinit_parameters[m[K’ was not declared in this scope; did you mean ‘[01m[Kset_parameters[m[K’?
[2.224s]    45 |     auto returned_state = zed.open([01;31m[Kinit_parameters[m[K);
[2.224s]       |                                    [01;31m[K^~~~~~~~~~~~~~~[m[K
[2.224s]       |                                    [32m[Kset_parameters[m[K
[2.224s] [01m[K/home/adimas/zed_ros2/src/open_cam/src/main.cpp:50:31:[m[K [01;31m[Kerror: [m[K‘[01m[KERROR_CODE[m[K’ has not been declared
[2.224s]    50 |         if (returned_state == [01;31m[KERROR_CODE[m[K::SUCCESS) {
[2.224s]       |                               [01;31m[K^~~~~~~~~~[m[K
[2.226s] [01m[K/home/adimas/zed_ros2/src/open_cam/src/main.cpp:53:31:[m[K [01;31m[Kerror: [m[K‘[01m[Kimage[m[K’ was not declared in this scope
[2.226s]    53 |             zed.retrieveImage([01;31m[Kimage[m[K, VIEW::LEFT);
[2.226s]       |                               [01;31m[K^~~~~[m[K
[2.226s] [01m[K/home/adimas/zed_ros2/src/open_cam/src/main.cpp:53:38:[m[K [01;31m[Kerror: [m[K‘[01m[KVIEW[m[K’ has not been declared
[2.226s]    53 |             zed.retrieveImage(image, [01;31m[KVIEW[m[K::LEFT);
[2.226s]       |                                      [01;31m[K^~~~[m[K
[2.226s] [01m[K/home/adimas/zed_ros2/src/open_cam/src/main.cpp:56:13:[m[K [01;31m[Kerror: [m[K‘[01m[Kcout[m[K’ was not declared in this scope; did you mean ‘[01m[Kstd::cout[m[K’?
[2.226s]    56 |             [01;31m[Kcout[m[K<<"Image resolution: "<< image.getWidth()<<"x"<<image.getHeight() <<" || Image timestamp: "<<image.timestamp.data_ns<<endl;
[2.227s]       |             [01;31m[K^~~~[m[K
[2.227s]       |             [32m[Kstd::cout[m[K
[2.227s] In file included from [01m[K/opt/ros/foxy/include/rclcpp/executor.hpp:22[m[K,
[2.227s]                  from [01m[K/opt/ros/foxy/include/rclcpp/executors/multi_threaded_executor.hpp:26[m[K,
[2.227s]                  from [01m[K/opt/ros/foxy/include/rclcpp/executors.hpp:21[m[K,
[2.227s]                  from [01m[K/opt/ros/foxy/include/rclcpp/rclcpp.hpp:146[m[K,
[2.227s]                  from [01m[K/home/adimas/zed_ros2/src/open_cam/src/main.cpp:2[m[K:
[2.227s] [01m[K/usr/include/c++/9/iostream:61:18:[m[K [01;36m[Knote: [m[K‘[01m[Kstd::cout[m[K’ declared here
[2.227s]    61 |   extern ostream [01;36m[Kcout[m[K;  /// Linked to standard output
[2.227s]       |                  [01;36m[K^~~~[m[K
[2.227s] [01m[K/home/adimas/zed_ros2/src/open_cam/src/main.cpp:56:135:[m[K [01;31m[Kerror: [m[K‘[01m[Kendl[m[K’ was not declared in this scope; did you mean ‘[01m[Kstd::endl[m[K’?
[2.227s]    56 | getHeight() <<" || Image timestamp: "<<image.timestamp.data_ns<<[01;31m[Kendl[m[K;
[2.227s]       |                                                                 [01;31m[K^~~~[m[K
[2.227s]       |                                                                 [32m[Kstd::endl[m[K
[2.228s] In file included from [01m[K/usr/include/c++/9/iostream:39[m[K,
[2.228s]                  from [01m[K/opt/ros/foxy/include/rclcpp/executor.hpp:22[m[K,
[2.228s]                  from [01m[K/opt/ros/foxy/include/rclcpp/executors/multi_threaded_executor.hpp:26[m[K,
[2.228s]                  from [01m[K/opt/ros/foxy/include/rclcpp/executors.hpp:21[m[K,
[2.228s]                  from [01m[K/opt/ros/foxy/include/rclcpp/rclcpp.hpp:146[m[K,
[2.228s]                  from [01m[K/home/adimas/zed_ros2/src/open_cam/src/main.cpp:2[m[K:
[2.228s] [01m[K/usr/include/c++/9/ostream:599:5:[m[K [01;36m[Knote: [m[K‘[01m[Kstd::endl[m[K’ declared here
[2.228s]   599 |     [01;36m[Kendl[m[K(basic_ostream<_CharT, _Traits>& __os)
[2.228s]       |     [01;36m[K^~~~[m[K
[3.083s] make[2]: *** [CMakeFiles/open_cam.dir/build.make:76: CMakeFiles/open_cam.dir/src/main.cpp.o] Error 1
[3.083s] make[1]: *** [CMakeFiles/Makefile2:137: CMakeFiles/open_cam.dir/all] Error 2
[3.083s] make: *** [Makefile:146: all] Error 2
[3.084s] Invoked command in '/home/adimas/zed_ros2/build/open_cam' returned '2': CMAKE_PREFIX_PATH=${CMAKE_PREFIX_PATH}:/opt/ros/foxy /usr/bin/cmake --build /home/adimas/zed_ros2/build/open_cam -- -j8 -l8
