[0.278s] DEBUG:colcon:Command line arguments: ['/usr/bin/colcon', 'build']
[0.278s] DEBUG:colcon:Parsed command line arguments: Namespace(allow_overriding=[], ament_cmake_args=None, base_paths=['.'], build_base='build', catkin_cmake_args=None, catkin_skip_building_tests=False, cmake_args=None, cmake_clean_cache=False, cmake_clean_first=False, cmake_force_configure=False, cmake_target=None, cmake_target_skip_unavailable=False, continue_on_error=False, event_handlers=None, executor='parallel', ignore_user_meta=False, install_base='install', log_base=None, log_level=None, main=<bound method BuildVerb.main of <colcon_core.verb.build.BuildVerb object at 0x7fe2dff2c6d0>>, merge_install=False, metas=['./colcon.meta'], packages_above=None, packages_above_and_dependencies=None, packages_above_depth=None, packages_end=None, packages_ignore=None, packages_ignore_regex=None, packages_select=None, packages_select_build_failed=False, packages_select_by_dep=None, packages_select_regex=None, packages_select_test_failures=False, packages_skip=None, packages_skip_build_finished=False, packages_skip_by_dep=None, packages_skip_regex=None, packages_skip_test_passed=False, packages_skip_up_to=None, packages_start=None, packages_up_to=None, packages_up_to_regex=None, parallel_workers=8, paths=None, symlink_install=False, test_result_base=None, verb_extension=<colcon_core.verb.build.BuildVerb object at 0x7fe2dff2c6d0>, verb_name='build', verb_parser=<colcon_defaults.argument_parser.defaults.DefaultArgumentsDecorator object at 0x7fe2dff2cc10>)
[0.299s] Level 1:colcon.colcon_core.package_discovery:discover_packages(colcon_meta) check parameters
[0.299s] Level 1:colcon.colcon_core.package_discovery:discover_packages(recursive) check parameters
[0.299s] Level 1:colcon.colcon_core.package_discovery:discover_packages(ignore) check parameters
[0.299s] Level 1:colcon.colcon_core.package_discovery:discover_packages(path) check parameters
[0.299s] Level 1:colcon.colcon_core.package_discovery:discover_packages(colcon_meta) discover
[0.300s] Level 1:colcon.colcon_core.package_discovery:discover_packages(recursive) discover
[0.300s] INFO:colcon.colcon_core.package_discovery:Crawling recursively for packages in '/home/adimas/zed_ros2'
[0.300s] Level 1:colcon.colcon_core.package_identification:_identify(.) by extensions ['ignore', 'ignore_ament_install']
[0.300s] Level 1:colcon.colcon_core.package_identification:_identify(.) by extension 'ignore'
[0.300s] Level 1:colcon.colcon_core.package_identification:_identify(.) by extension 'ignore_ament_install'
[0.300s] Level 1:colcon.colcon_core.package_identification:_identify(.) by extensions ['colcon_pkg']
[0.300s] Level 1:colcon.colcon_core.package_identification:_identify(.) by extension 'colcon_pkg'
[0.300s] Level 1:colcon.colcon_core.package_identification:_identify(.) by extensions ['colcon_meta']
[0.300s] Level 1:colcon.colcon_core.package_identification:_identify(.) by extension 'colcon_meta'
[0.300s] Level 1:colcon.colcon_core.package_identification:_identify(.) by extensions ['ros']
[0.300s] Level 1:colcon.colcon_core.package_identification:_identify(.) by extension 'ros'
[0.316s] Level 1:colcon.colcon_core.package_identification:_identify(.) by extensions ['cmake', 'python']
[0.316s] Level 1:colcon.colcon_core.package_identification:_identify(.) by extension 'cmake'
[0.316s] Level 1:colcon.colcon_core.package_identification:_identify(.) by extension 'python'
[0.316s] Level 1:colcon.colcon_core.package_identification:_identify(.) by extensions ['python_setup_py']
[0.316s] Level 1:colcon.colcon_core.package_identification:_identify(.) by extension 'python_setup_py'
[0.316s] Level 1:colcon.colcon_core.package_identification:_identify(build) by extensions ['ignore', 'ignore_ament_install']
[0.316s] Level 1:colcon.colcon_core.package_identification:_identify(build) by extension 'ignore'
[0.316s] Level 1:colcon.colcon_core.package_identification:_identify(build) ignored
[0.316s] Level 1:colcon.colcon_core.package_identification:_identify(install) by extensions ['ignore', 'ignore_ament_install']
[0.316s] Level 1:colcon.colcon_core.package_identification:_identify(install) by extension 'ignore'
[0.316s] Level 1:colcon.colcon_core.package_identification:_identify(install) ignored
[0.317s] Level 1:colcon.colcon_core.package_identification:_identify(log) by extensions ['ignore', 'ignore_ament_install']
[0.317s] Level 1:colcon.colcon_core.package_identification:_identify(log) by extension 'ignore'
[0.317s] Level 1:colcon.colcon_core.package_identification:_identify(log) ignored
[0.317s] Level 1:colcon.colcon_core.package_identification:_identify(src) by extensions ['ignore', 'ignore_ament_install']
[0.317s] Level 1:colcon.colcon_core.package_identification:_identify(src) by extension 'ignore'
[0.317s] Level 1:colcon.colcon_core.package_identification:_identify(src) by extension 'ignore_ament_install'
[0.317s] Level 1:colcon.colcon_core.package_identification:_identify(src) by extensions ['colcon_pkg']
[0.317s] Level 1:colcon.colcon_core.package_identification:_identify(src) by extension 'colcon_pkg'
[0.317s] Level 1:colcon.colcon_core.package_identification:_identify(src) by extensions ['colcon_meta']
[0.317s] Level 1:colcon.colcon_core.package_identification:_identify(src) by extension 'colcon_meta'
[0.317s] Level 1:colcon.colcon_core.package_identification:_identify(src) by extensions ['ros']
[0.317s] Level 1:colcon.colcon_core.package_identification:_identify(src) by extension 'ros'
[0.317s] Level 1:colcon.colcon_core.package_identification:_identify(src) by extensions ['cmake', 'python']
[0.317s] Level 1:colcon.colcon_core.package_identification:_identify(src) by extension 'cmake'
[0.317s] Level 1:colcon.colcon_core.package_identification:_identify(src) by extension 'python'
[0.317s] Level 1:colcon.colcon_core.package_identification:_identify(src) by extensions ['python_setup_py']
[0.317s] Level 1:colcon.colcon_core.package_identification:_identify(src) by extension 'python_setup_py'
[0.317s] Level 1:colcon.colcon_core.package_identification:_identify(src/darknet_ros_msgs) by extensions ['ignore', 'ignore_ament_install']
[0.317s] Level 1:colcon.colcon_core.package_identification:_identify(src/darknet_ros_msgs) by extension 'ignore'
[0.317s] Level 1:colcon.colcon_core.package_identification:_identify(src/darknet_ros_msgs) by extension 'ignore_ament_install'
[0.318s] Level 1:colcon.colcon_core.package_identification:_identify(src/darknet_ros_msgs) by extensions ['colcon_pkg']
[0.318s] Level 1:colcon.colcon_core.package_identification:_identify(src/darknet_ros_msgs) by extension 'colcon_pkg'
[0.318s] Level 1:colcon.colcon_core.package_identification:_identify(src/darknet_ros_msgs) by extensions ['colcon_meta']
[0.318s] Level 1:colcon.colcon_core.package_identification:_identify(src/darknet_ros_msgs) by extension 'colcon_meta'
[0.318s] Level 1:colcon.colcon_core.package_identification:_identify(src/darknet_ros_msgs) by extensions ['ros']
[0.318s] Level 1:colcon.colcon_core.package_identification:_identify(src/darknet_ros_msgs) by extension 'ros'
[0.320s] DEBUG:colcon.colcon_core.package_identification:Package 'src/darknet_ros_msgs' with type 'ros.ament_cmake' and name 'darknet_ros_msgs'
[0.320s] Level 1:colcon.colcon_core.package_identification:_identify(src/open_cam) by extensions ['ignore', 'ignore_ament_install']
[0.320s] Level 1:colcon.colcon_core.package_identification:_identify(src/open_cam) by extension 'ignore'
[0.320s] Level 1:colcon.colcon_core.package_identification:_identify(src/open_cam) by extension 'ignore_ament_install'
[0.320s] Level 1:colcon.colcon_core.package_identification:_identify(src/open_cam) by extensions ['colcon_pkg']
[0.320s] Level 1:colcon.colcon_core.package_identification:_identify(src/open_cam) by extension 'colcon_pkg'
[0.320s] Level 1:colcon.colcon_core.package_identification:_identify(src/open_cam) by extensions ['colcon_meta']
[0.320s] Level 1:colcon.colcon_core.package_identification:_identify(src/open_cam) by extension 'colcon_meta'
[0.320s] Level 1:colcon.colcon_core.package_identification:_identify(src/open_cam) by extensions ['ros']
[0.320s] Level 1:colcon.colcon_core.package_identification:_identify(src/open_cam) by extension 'ros'
[0.321s] DEBUG:colcon.colcon_core.package_identification:Package 'src/open_cam' with type 'ros.ament_cmake' and name 'open_cam'
[0.321s] Level 1:colcon.colcon_core.package_discovery:discover_packages(recursive) using defaults
[0.321s] Level 1:colcon.colcon_core.package_discovery:discover_packages(ignore) discover
[0.321s] Level 1:colcon.colcon_core.package_discovery:discover_packages(ignore) using defaults
[0.321s] Level 1:colcon.colcon_core.package_discovery:discover_packages(path) discover
[0.321s] Level 1:colcon.colcon_core.package_discovery:discover_packages(path) using defaults
[0.338s] Level 1:colcon.colcon_core.package_discovery:discover_packages(prefix_path) check parameters
[0.338s] Level 1:colcon.colcon_core.package_discovery:discover_packages(prefix_path) discover
[0.340s] DEBUG:colcon.colcon_installed_package_information.package_discovery:Found 3 installed packages in /home/adimas/zed_ros2/install
[0.341s] DEBUG:colcon.colcon_installed_package_information.package_discovery:Found 259 installed packages in /opt/ros/foxy
[0.342s] Level 1:colcon.colcon_core.package_discovery:discover_packages(prefix_path) using defaults
[0.398s] Level 5:colcon.colcon_core.verb:set package 'darknet_ros_msgs' build argument 'cmake_args' from command line to 'None'
[0.398s] Level 5:colcon.colcon_core.verb:set package 'darknet_ros_msgs' build argument 'cmake_target' from command line to 'None'
[0.398s] Level 5:colcon.colcon_core.verb:set package 'darknet_ros_msgs' build argument 'cmake_target_skip_unavailable' from command line to 'False'
[0.398s] Level 5:colcon.colcon_core.verb:set package 'darknet_ros_msgs' build argument 'cmake_clean_cache' from command line to 'False'
[0.398s] Level 5:colcon.colcon_core.verb:set package 'darknet_ros_msgs' build argument 'cmake_clean_first' from command line to 'False'
[0.398s] Level 5:colcon.colcon_core.verb:set package 'darknet_ros_msgs' build argument 'cmake_force_configure' from command line to 'False'
[0.398s] Level 5:colcon.colcon_core.verb:set package 'darknet_ros_msgs' build argument 'ament_cmake_args' from command line to 'None'
[0.398s] Level 5:colcon.colcon_core.verb:set package 'darknet_ros_msgs' build argument 'catkin_cmake_args' from command line to 'None'
[0.398s] Level 5:colcon.colcon_core.verb:set package 'darknet_ros_msgs' build argument 'catkin_skip_building_tests' from command line to 'False'
[0.398s] DEBUG:colcon.colcon_core.verb:Building package 'darknet_ros_msgs' with the following arguments: {'ament_cmake_args': None, 'build_base': '/home/adimas/zed_ros2/build/darknet_ros_msgs', 'catkin_cmake_args': None, 'catkin_skip_building_tests': False, 'cmake_args': None, 'cmake_clean_cache': False, 'cmake_clean_first': False, 'cmake_force_configure': False, 'cmake_target': None, 'cmake_target_skip_unavailable': False, 'install_base': '/home/adimas/zed_ros2/install/darknet_ros_msgs', 'merge_install': False, 'path': '/home/adimas/zed_ros2/src/darknet_ros_msgs', 'symlink_install': False, 'test_result_base': None}
[0.399s] Level 5:colcon.colcon_core.verb:set package 'open_cam' build argument 'cmake_args' from command line to 'None'
[0.399s] Level 5:colcon.colcon_core.verb:set package 'open_cam' build argument 'cmake_target' from command line to 'None'
[0.399s] Level 5:colcon.colcon_core.verb:set package 'open_cam' build argument 'cmake_target_skip_unavailable' from command line to 'False'
[0.399s] Level 5:colcon.colcon_core.verb:set package 'open_cam' build argument 'cmake_clean_cache' from command line to 'False'
[0.399s] Level 5:colcon.colcon_core.verb:set package 'open_cam' build argument 'cmake_clean_first' from command line to 'False'
[0.399s] Level 5:colcon.colcon_core.verb:set package 'open_cam' build argument 'cmake_force_configure' from command line to 'False'
[0.399s] Level 5:colcon.colcon_core.verb:set package 'open_cam' build argument 'ament_cmake_args' from command line to 'None'
[0.399s] Level 5:colcon.colcon_core.verb:set package 'open_cam' build argument 'catkin_cmake_args' from command line to 'None'
[0.399s] Level 5:colcon.colcon_core.verb:set package 'open_cam' build argument 'catkin_skip_building_tests' from command line to 'False'
[0.399s] DEBUG:colcon.colcon_core.verb:Building package 'open_cam' with the following arguments: {'ament_cmake_args': None, 'build_base': '/home/adimas/zed_ros2/build/open_cam', 'catkin_cmake_args': None, 'catkin_skip_building_tests': False, 'cmake_args': None, 'cmake_clean_cache': False, 'cmake_clean_first': False, 'cmake_force_configure': False, 'cmake_target': None, 'cmake_target_skip_unavailable': False, 'install_base': '/home/adimas/zed_ros2/install/open_cam', 'merge_install': False, 'path': '/home/adimas/zed_ros2/src/open_cam', 'symlink_install': False, 'test_result_base': None}
[0.400s] INFO:colcon.colcon_core.executor:Executing jobs using 'parallel' executor
[0.403s] DEBUG:colcon.colcon_parallel_executor.executor.parallel:run_until_complete
[0.403s] INFO:colcon.colcon_ros.task.ament_cmake.build:Building ROS package in '/home/adimas/zed_ros2/src/darknet_ros_msgs' with build type 'ament_cmake'
[0.403s] INFO:colcon.colcon_cmake.task.cmake.build:Building CMake package in '/home/adimas/zed_ros2/src/darknet_ros_msgs'
[0.407s] INFO:colcon.colcon_core.plugin_system:Skipping extension 'colcon_core.shell.bat': Not used on non-Windows systems
[0.407s] INFO:colcon.colcon_core.shell:Skip shell extension 'powershell' for command environment: Not usable outside of PowerShell
[0.407s] DEBUG:colcon.colcon_core.shell:Skip shell extension 'dsv' for command environment
[0.415s] DEBUG:colcon.colcon_core.event_handler.log_command:Invoking command in '/home/adimas/zed_ros2/build/darknet_ros_msgs': CMAKE_PREFIX_PATH=${CMAKE_PREFIX_PATH}:/opt/ros/foxy /usr/bin/cmake --build /home/adimas/zed_ros2/build/darknet_ros_msgs -- -j8 -l8
[0.529s] DEBUG:colcon.colcon_core.event_handler.log_command:Invoked command in '/home/adimas/zed_ros2/build/darknet_ros_msgs' returned '0': CMAKE_PREFIX_PATH=${CMAKE_PREFIX_PATH}:/opt/ros/foxy /usr/bin/cmake --build /home/adimas/zed_ros2/build/darknet_ros_msgs -- -j8 -l8
[0.585s] DEBUG:colcon.colcon_core.event_handler.log_command:Invoking command in '/home/adimas/zed_ros2/build/darknet_ros_msgs': CMAKE_PREFIX_PATH=${CMAKE_PREFIX_PATH}:/opt/ros/foxy /usr/bin/cmake --install /home/adimas/zed_ros2/build/darknet_ros_msgs
[0.620s] Level 1:colcon.colcon_core.environment:create_environment_scripts_only(darknet_ros_msgs)
[0.622s] DEBUG:colcon.colcon_core.event_handler.log_command:Invoked command in '/home/adimas/zed_ros2/build/darknet_ros_msgs' returned '0': CMAKE_PREFIX_PATH=${CMAKE_PREFIX_PATH}:/opt/ros/foxy /usr/bin/cmake --install /home/adimas/zed_ros2/build/darknet_ros_msgs
[0.625s] Level 1:colcon.colcon_core.environment:checking '/home/adimas/zed_ros2/install/darknet_ros_msgs' for CMake module files
[0.625s] Level 1:colcon.colcon_core.environment:checking '/home/adimas/zed_ros2/install/darknet_ros_msgs' for CMake config files
[0.626s] Level 1:colcon.colcon_core.shell:create_environment_hook('darknet_ros_msgs', 'cmake_prefix_path')
[0.627s] INFO:colcon.colcon_core.shell:Creating environment hook '/home/adimas/zed_ros2/install/darknet_ros_msgs/share/darknet_ros_msgs/hook/cmake_prefix_path.ps1'
[0.627s] INFO:colcon.colcon_core.shell:Creating environment descriptor '/home/adimas/zed_ros2/install/darknet_ros_msgs/share/darknet_ros_msgs/hook/cmake_prefix_path.dsv'
[0.628s] INFO:colcon.colcon_core.shell:Creating environment hook '/home/adimas/zed_ros2/install/darknet_ros_msgs/share/darknet_ros_msgs/hook/cmake_prefix_path.sh'
[0.628s] Level 1:colcon.colcon_core.environment:checking '/home/adimas/zed_ros2/install/darknet_ros_msgs/lib'
[0.629s] Level 1:colcon.colcon_core.shell:create_environment_hook('darknet_ros_msgs', 'ld_library_path_lib')
[0.630s] INFO:colcon.colcon_core.shell:Creating environment hook '/home/adimas/zed_ros2/install/darknet_ros_msgs/share/darknet_ros_msgs/hook/ld_library_path_lib.ps1'
[0.630s] INFO:colcon.colcon_core.shell:Creating environment descriptor '/home/adimas/zed_ros2/install/darknet_ros_msgs/share/darknet_ros_msgs/hook/ld_library_path_lib.dsv'
[0.630s] INFO:colcon.colcon_core.shell:Creating environment hook '/home/adimas/zed_ros2/install/darknet_ros_msgs/share/darknet_ros_msgs/hook/ld_library_path_lib.sh'
[0.631s] Level 1:colcon.colcon_core.environment:checking '/home/adimas/zed_ros2/install/darknet_ros_msgs/bin'
[0.631s] Level 1:colcon.colcon_core.environment:checking '/home/adimas/zed_ros2/install/darknet_ros_msgs/lib/pkgconfig/darknet_ros_msgs.pc'
[0.631s] Level 1:colcon.colcon_core.environment:checking '/home/adimas/zed_ros2/install/darknet_ros_msgs/lib/python3.8/site-packages'
[0.631s] Level 1:colcon.colcon_core.shell:create_environment_hook('darknet_ros_msgs', 'pythonpath')
[0.632s] INFO:colcon.colcon_core.shell:Creating environment hook '/home/adimas/zed_ros2/install/darknet_ros_msgs/share/darknet_ros_msgs/hook/pythonpath.ps1'
[0.632s] INFO:colcon.colcon_core.shell:Creating environment descriptor '/home/adimas/zed_ros2/install/darknet_ros_msgs/share/darknet_ros_msgs/hook/pythonpath.dsv'
[0.632s] INFO:colcon.colcon_core.shell:Creating environment hook '/home/adimas/zed_ros2/install/darknet_ros_msgs/share/darknet_ros_msgs/hook/pythonpath.sh'
[0.633s] Level 1:colcon.colcon_core.environment:checking '/home/adimas/zed_ros2/install/darknet_ros_msgs/bin'
[0.634s] INFO:colcon.colcon_core.shell:Creating package script '/home/adimas/zed_ros2/install/darknet_ros_msgs/share/darknet_ros_msgs/package.ps1'
[0.635s] INFO:colcon.colcon_core.shell:Creating package descriptor '/home/adimas/zed_ros2/install/darknet_ros_msgs/share/darknet_ros_msgs/package.dsv'
[0.635s] INFO:colcon.colcon_core.shell:Creating package script '/home/adimas/zed_ros2/install/darknet_ros_msgs/share/darknet_ros_msgs/package.sh'
[0.636s] INFO:colcon.colcon_core.shell:Creating package script '/home/adimas/zed_ros2/install/darknet_ros_msgs/share/darknet_ros_msgs/package.bash'
[0.636s] INFO:colcon.colcon_core.shell:Creating package script '/home/adimas/zed_ros2/install/darknet_ros_msgs/share/darknet_ros_msgs/package.zsh'
[0.637s] Level 1:colcon.colcon_core.environment:create_file_with_runtime_dependencies(/home/adimas/zed_ros2/install/darknet_ros_msgs/share/colcon-core/packages/darknet_ros_msgs)
[0.688s] Level 1:colcon.colcon_core.environment:create_environment_scripts_only(darknet_ros_msgs)
[0.690s] Level 1:colcon.colcon_core.environment:checking '/home/adimas/zed_ros2/install/darknet_ros_msgs' for CMake module files
[0.690s] Level 1:colcon.colcon_core.environment:checking '/home/adimas/zed_ros2/install/darknet_ros_msgs' for CMake config files
[0.691s] Level 1:colcon.colcon_core.shell:create_environment_hook('darknet_ros_msgs', 'cmake_prefix_path')
[0.692s] INFO:colcon.colcon_core.shell:Creating environment hook '/home/adimas/zed_ros2/install/darknet_ros_msgs/share/darknet_ros_msgs/hook/cmake_prefix_path.ps1'
[0.692s] INFO:colcon.colcon_core.shell:Creating environment descriptor '/home/adimas/zed_ros2/install/darknet_ros_msgs/share/darknet_ros_msgs/hook/cmake_prefix_path.dsv'
[0.692s] INFO:colcon.colcon_core.shell:Creating environment hook '/home/adimas/zed_ros2/install/darknet_ros_msgs/share/darknet_ros_msgs/hook/cmake_prefix_path.sh'
[0.693s] Level 1:colcon.colcon_core.environment:checking '/home/adimas/zed_ros2/install/darknet_ros_msgs/lib'
[0.693s] Level 1:colcon.colcon_core.shell:create_environment_hook('darknet_ros_msgs', 'ld_library_path_lib')
[0.694s] INFO:colcon.colcon_core.shell:Creating environment hook '/home/adimas/zed_ros2/install/darknet_ros_msgs/share/darknet_ros_msgs/hook/ld_library_path_lib.ps1'
[0.694s] INFO:colcon.colcon_core.shell:Creating environment descriptor '/home/adimas/zed_ros2/install/darknet_ros_msgs/share/darknet_ros_msgs/hook/ld_library_path_lib.dsv'
[0.694s] INFO:colcon.colcon_core.shell:Creating environment hook '/home/adimas/zed_ros2/install/darknet_ros_msgs/share/darknet_ros_msgs/hook/ld_library_path_lib.sh'
[0.695s] Level 1:colcon.colcon_core.environment:checking '/home/adimas/zed_ros2/install/darknet_ros_msgs/bin'
[0.695s] Level 1:colcon.colcon_core.environment:checking '/home/adimas/zed_ros2/install/darknet_ros_msgs/lib/pkgconfig/darknet_ros_msgs.pc'
[0.695s] Level 1:colcon.colcon_core.environment:checking '/home/adimas/zed_ros2/install/darknet_ros_msgs/lib/python3.8/site-packages'
[0.695s] Level 1:colcon.colcon_core.shell:create_environment_hook('darknet_ros_msgs', 'pythonpath')
[0.696s] INFO:colcon.colcon_core.shell:Creating environment hook '/home/adimas/zed_ros2/install/darknet_ros_msgs/share/darknet_ros_msgs/hook/pythonpath.ps1'
[0.696s] INFO:colcon.colcon_core.shell:Creating environment descriptor '/home/adimas/zed_ros2/install/darknet_ros_msgs/share/darknet_ros_msgs/hook/pythonpath.dsv'
[0.696s] INFO:colcon.colcon_core.shell:Creating environment hook '/home/adimas/zed_ros2/install/darknet_ros_msgs/share/darknet_ros_msgs/hook/pythonpath.sh'
[0.697s] Level 1:colcon.colcon_core.environment:checking '/home/adimas/zed_ros2/install/darknet_ros_msgs/bin'
[0.698s] INFO:colcon.colcon_core.shell:Creating package script '/home/adimas/zed_ros2/install/darknet_ros_msgs/share/darknet_ros_msgs/package.ps1'
[0.698s] INFO:colcon.colcon_core.shell:Creating package descriptor '/home/adimas/zed_ros2/install/darknet_ros_msgs/share/darknet_ros_msgs/package.dsv'
[0.699s] INFO:colcon.colcon_core.shell:Creating package script '/home/adimas/zed_ros2/install/darknet_ros_msgs/share/darknet_ros_msgs/package.sh'
[0.699s] INFO:colcon.colcon_core.shell:Creating package script '/home/adimas/zed_ros2/install/darknet_ros_msgs/share/darknet_ros_msgs/package.bash'
[0.699s] INFO:colcon.colcon_core.shell:Creating package script '/home/adimas/zed_ros2/install/darknet_ros_msgs/share/darknet_ros_msgs/package.zsh'
[0.700s] Level 1:colcon.colcon_core.environment:create_file_with_runtime_dependencies(/home/adimas/zed_ros2/install/darknet_ros_msgs/share/colcon-core/packages/darknet_ros_msgs)
[0.700s] INFO:colcon.colcon_ros.task.ament_cmake.build:Building ROS package in '/home/adimas/zed_ros2/src/open_cam' with build type 'ament_cmake'
[0.700s] INFO:colcon.colcon_cmake.task.cmake.build:Building CMake package in '/home/adimas/zed_ros2/src/open_cam'
[0.701s] INFO:colcon.colcon_core.shell:Skip shell extension 'powershell' for command environment: Not usable outside of PowerShell
[0.701s] DEBUG:colcon.colcon_core.shell:Skip shell extension 'dsv' for command environment
[0.711s] DEBUG:colcon.colcon_core.event_handler.log_command:Invoking command in '/home/adimas/zed_ros2/build/open_cam': CMAKE_PREFIX_PATH=${CMAKE_PREFIX_PATH}:/opt/ros/foxy LD_LIBRARY_PATH=/home/adimas/zed_ros2/install/darknet_ros_msgs/lib:/opt/ros/foxy/opt/yaml_cpp_vendor/lib:/opt/ros/foxy/opt/rviz_ogre_vendor/lib:/opt/ros/foxy/lib/x86_64-linux-gnu:/opt/ros/foxy/lib:/usr/local/cuda-12.1/lib64 /usr/bin/cmake --build /home/adimas/zed_ros2/build/open_cam -- -j8 -l8
[4.941s] DEBUG:colcon.colcon_core.event_handler.log_command:Invoked command in '/home/adimas/zed_ros2/build/open_cam' returned '2': CMAKE_PREFIX_PATH=${CMAKE_PREFIX_PATH}:/opt/ros/foxy LD_LIBRARY_PATH=/home/adimas/zed_ros2/install/darknet_ros_msgs/lib:/opt/ros/foxy/opt/yaml_cpp_vendor/lib:/opt/ros/foxy/opt/rviz_ogre_vendor/lib:/opt/ros/foxy/lib/x86_64-linux-gnu:/opt/ros/foxy/lib:/usr/local/cuda-12.1/lib64 /usr/bin/cmake --build /home/adimas/zed_ros2/build/open_cam -- -j8 -l8
[4.954s] Level 1:colcon.colcon_core.environment:create_environment_scripts_only(open_cam)
[4.956s] Level 1:colcon.colcon_core.environment:checking '/home/adimas/zed_ros2/install/open_cam' for CMake module files
[4.957s] Level 1:colcon.colcon_core.environment:checking '/home/adimas/zed_ros2/install/open_cam' for CMake config files
[4.957s] Level 1:colcon.colcon_core.shell:create_environment_hook('open_cam', 'cmake_prefix_path')
[4.958s] INFO:colcon.colcon_core.shell:Creating environment hook '/home/adimas/zed_ros2/install/open_cam/share/open_cam/hook/cmake_prefix_path.ps1'
[4.959s] INFO:colcon.colcon_core.shell:Creating environment descriptor '/home/adimas/zed_ros2/install/open_cam/share/open_cam/hook/cmake_prefix_path.dsv'
[4.959s] INFO:colcon.colcon_core.shell:Creating environment hook '/home/adimas/zed_ros2/install/open_cam/share/open_cam/hook/cmake_prefix_path.sh'
[4.960s] Level 1:colcon.colcon_core.environment:checking '/home/adimas/zed_ros2/install/open_cam/lib'
[4.960s] Level 1:colcon.colcon_core.environment:checking '/home/adimas/zed_ros2/install/open_cam/bin'
[4.960s] Level 1:colcon.colcon_core.environment:checking '/home/adimas/zed_ros2/install/open_cam/lib/pkgconfig/open_cam.pc'
[4.960s] Level 1:colcon.colcon_core.environment:checking '/home/adimas/zed_ros2/install/open_cam/lib/python3.8/site-packages'
[4.960s] Level 1:colcon.colcon_core.environment:checking '/home/adimas/zed_ros2/install/open_cam/bin'
[4.961s] INFO:colcon.colcon_core.shell:Creating package script '/home/adimas/zed_ros2/install/open_cam/share/open_cam/package.ps1'
[4.962s] INFO:colcon.colcon_core.shell:Creating package descriptor '/home/adimas/zed_ros2/install/open_cam/share/open_cam/package.dsv'
[4.962s] INFO:colcon.colcon_core.shell:Creating package script '/home/adimas/zed_ros2/install/open_cam/share/open_cam/package.sh'
[4.962s] INFO:colcon.colcon_core.shell:Creating package script '/home/adimas/zed_ros2/install/open_cam/share/open_cam/package.bash'
[4.962s] INFO:colcon.colcon_core.shell:Creating package script '/home/adimas/zed_ros2/install/open_cam/share/open_cam/package.zsh'
[4.963s] Level 1:colcon.colcon_core.environment:create_file_with_runtime_dependencies(/home/adimas/zed_ros2/install/open_cam/share/colcon-core/packages/open_cam)
[4.973s] DEBUG:colcon.colcon_parallel_executor.executor.parallel:closing loop
[4.973s] DEBUG:colcon.colcon_parallel_executor.executor.parallel:loop closed
[4.974s] DEBUG:colcon.colcon_parallel_executor.executor.parallel:run_until_complete finished with '2'
[4.974s] DEBUG:colcon.colcon_core.event_reactor:joining thread
[4.978s] INFO:colcon.colcon_core.plugin_system:Skipping extension 'colcon_notification.desktop_notification.terminal_notifier': Not used on non-Darwin systems
[4.978s] INFO:colcon.colcon_core.plugin_system:Skipping extension 'colcon_notification.desktop_notification.win32': Not used on non-Windows systems
[4.978s] INFO:colcon.colcon_notification.desktop_notification:Sending desktop notification using 'notify2'
[4.990s] DEBUG:colcon.colcon_core.event_reactor:joined thread
[4.992s] INFO:colcon.colcon_core.shell:Creating prefix script '/home/adimas/zed_ros2/install/local_setup.ps1'
[4.993s] INFO:colcon.colcon_core.shell:Creating prefix util module '/home/adimas/zed_ros2/install/_local_setup_util_ps1.py'
[4.994s] INFO:colcon.colcon_core.shell:Creating prefix chain script '/home/adimas/zed_ros2/install/setup.ps1'
[4.995s] INFO:colcon.colcon_core.shell:Creating prefix script '/home/adimas/zed_ros2/install/local_setup.sh'
[4.995s] INFO:colcon.colcon_core.shell:Creating prefix util module '/home/adimas/zed_ros2/install/_local_setup_util_sh.py'
[4.996s] INFO:colcon.colcon_core.shell:Creating prefix chain script '/home/adimas/zed_ros2/install/setup.sh'
[4.997s] INFO:colcon.colcon_core.shell:Creating prefix script '/home/adimas/zed_ros2/install/local_setup.bash'
[4.997s] INFO:colcon.colcon_core.shell:Creating prefix chain script '/home/adimas/zed_ros2/install/setup.bash'
[4.998s] INFO:colcon.colcon_core.shell:Creating prefix script '/home/adimas/zed_ros2/install/local_setup.zsh'
[4.999s] INFO:colcon.colcon_core.shell:Creating prefix chain script '/home/adimas/zed_ros2/install/setup.zsh'
