[0.012s] Invoking command in '/home/adimas/zed_ros2/build/darknet_ros_msgs': CMAKE_PREFIX_PATH=${CMAKE_PREFIX_PATH}:/opt/ros/foxy /usr/bin/cmake /home/adimas/zed_ros2/src/darknet_ros_msgs -DCMAKE_INSTALL_PREFIX=/home/adimas/zed_ros2/install/darknet_ros_msgs
[0.046s] -- The C compiler identification is GNU 9.4.0
[0.086s] -- The CXX compiler identification is GNU 9.4.0
[0.093s] -- Detecting C compiler ABI info
[0.134s] -- Detecting C compiler ABI info - done
[0.142s] -- Check for working C compiler: /usr/bin/cc - skipped
[0.142s] -- Detecting C compile features
[0.142s] -- Detecting C compile features - done
[0.145s] -- Detecting CXX compiler ABI info
[0.193s] -- Detecting CXX compiler ABI info - done
[0.201s] -- Check for working CXX compiler: /usr/bin/c++ - skipped
[0.202s] -- Detecting CXX compile features
[0.202s] -- Detecting CXX compile features - done
[0.204s] -- Found ament_cmake: 0.9.11 (/opt/ros/foxy/share/ament_cmake/cmake)
[0.222s] -- Found PythonInterp: /usr/bin/python3 (found suitable version "3.8.10", minimum required is "3") 
[0.222s] -- Using PYTHON_EXECUTABLE: /usr/bin/python3
[0.381s] -- Found action_msgs: 1.0.0 (/opt/ros/foxy/share/action_msgs/cmake)
[0.401s] -- Using all available rosidl_typesupport_c: rosidl_typesupport_fastrtps_c;rosidl_typesupport_introspection_c
[0.406s] -- Found rosidl_adapter: 1.3.0 (/opt/ros/foxy/share/rosidl_adapter/cmake)
[0.451s] -- Found OpenSSL: /usr/lib/x86_64-linux-gnu/libcrypto.so (found version "1.1.1f")  
[0.468s] -- Found FastRTPS: /opt/ros/foxy/include  
[0.518s] -- Using all available rosidl_typesupport_cpp: rosidl_typesupport_fastrtps_cpp;rosidl_typesupport_introspection_cpp
[0.567s] -- Found geometry_msgs: 2.0.5 (/opt/ros/foxy/share/geometry_msgs/cmake)
[0.608s] -- Found rosidl_default_generators: 1.0.1 (/opt/ros/foxy/share/rosidl_default_generators/cmake)
[0.617s] -- Found sensor_msgs: 2.0.5 (/opt/ros/foxy/share/sensor_msgs/cmake)
[0.684s] -- Found PythonInterp: /usr/bin/python3 (found version "3.8.10") 
[0.861s] -- Found ament_cmake_ros: 0.9.2 (/opt/ros/foxy/share/ament_cmake_ros/cmake)
[1.082s] -- Using all available rosidl_typesupport_c: rosidl_typesupport_fastrtps_c;rosidl_typesupport_introspection_c
[1.194s] -- Using all available rosidl_typesupport_cpp: rosidl_typesupport_fastrtps_cpp;rosidl_typesupport_introspection_cpp
[1.214s] -- Found PythonInterp: /usr/bin/python3 (found suitable version "3.8.10", minimum required is "3.5") 
[1.215s] -- Found python_cmake_module: 0.8.1 (/opt/ros/foxy/share/python_cmake_module/cmake)
[1.238s] -- Found PythonLibs: /usr/lib/x86_64-linux-gnu/libpython3.8.so (found suitable version "3.8.10", minimum required is "3.5") 
[1.238s] -- Using PYTHON_EXECUTABLE: /usr/bin/python3
[1.238s] -- Using PYTHON_INCLUDE_DIRS: /usr/include/python3.8
[1.238s] -- Using PYTHON_LIBRARIES: /usr/lib/x86_64-linux-gnu/libpython3.8.so
[1.254s] -- Found PythonExtra: .so  
[1.330s] -- Configuring done (1.3s)
[1.381s] -- Generating done (0.0s)
[1.382s] -- Build files have been written to: /home/adimas/zed_ros2/build/darknet_ros_msgs
[1.390s] Invoked command in '/home/adimas/zed_ros2/build/darknet_ros_msgs' returned '0': CMAKE_PREFIX_PATH=${CMAKE_PREFIX_PATH}:/opt/ros/foxy /usr/bin/cmake /home/adimas/zed_ros2/src/darknet_ros_msgs -DCMAKE_INSTALL_PREFIX=/home/adimas/zed_ros2/install/darknet_ros_msgs
[1.392s] Invoking command in '/home/adimas/zed_ros2/build/darknet_ros_msgs': CMAKE_PREFIX_PATH=${CMAKE_PREFIX_PATH}:/opt/ros/foxy /usr/bin/cmake --build /home/adimas/zed_ros2/build/darknet_ros_msgs -- -j8 -l8
[1.407s] [  1%] [34m[1mGenerating C code for ROS interfaces[0m
[1.411s] [  3%] [34m[1mGenerating C++ code for ROS interfaces[0m
[1.803s] [  3%] Built target darknet_ros_msgs__cpp
[1.807s] [  5%] [34m[1mGenerating C++ introspection for ROS interfaces[0m
[1.807s] [  7%] [34m[1mGenerating C++ type support dispatch for ROS interfaces[0m
[1.809s] [  9%] [34m[1mGenerating C++ type support for eProsima Fast-RTPS[0m
[1.893s] [ 16%] [32mBuilding C object CMakeFiles/darknet_ros_msgs__rosidl_generator_c.dir/rosidl_generator_c/darknet_ros_msgs/action/detail/check_for_objects__functions.c.o[0m
[1.893s] [ 16%] [32mBuilding C object CMakeFiles/darknet_ros_msgs__rosidl_generator_c.dir/rosidl_generator_c/darknet_ros_msgs/msg/detail/bounding_box__functions.c.o[0m
[1.893s] [ 16%] [32mBuilding C object CMakeFiles/darknet_ros_msgs__rosidl_generator_c.dir/rosidl_generator_c/darknet_ros_msgs/msg/detail/object_count__functions.c.o[0m
[1.893s] [ 16%] [32mBuilding C object CMakeFiles/darknet_ros_msgs__rosidl_generator_c.dir/rosidl_generator_c/darknet_ros_msgs/msg/detail/bounding_boxes__functions.c.o[0m
[2.018s] [ 18%] [32m[1mLinking C shared library libdarknet_ros_msgs__rosidl_generator_c.so[0m
[2.046s] [ 18%] Built target darknet_ros_msgs__rosidl_generator_c
[2.050s] [ 20%] [34m[1mGenerating C type support dispatch for ROS interfaces[0m
[2.051s] [ 21%] [34m[1mGenerating C introspection for ROS interfaces[0m
[2.169s] [ 27%] [32mBuilding CXX object CMakeFiles/darknet_ros_msgs__rosidl_typesupport_cpp.dir/rosidl_typesupport_cpp/darknet_ros_msgs/msg/object_count__type_support.cpp.o[0m
[2.169s] [ 27%] [32mBuilding CXX object CMakeFiles/darknet_ros_msgs__rosidl_typesupport_cpp.dir/rosidl_typesupport_cpp/darknet_ros_msgs/msg/bounding_boxes__type_support.cpp.o[0m
[2.169s] [ 27%] [32mBuilding CXX object CMakeFiles/darknet_ros_msgs__rosidl_typesupport_cpp.dir/rosidl_typesupport_cpp/darknet_ros_msgs/msg/bounding_box__type_support.cpp.o[0m
[2.171s] [ 29%] [32mBuilding CXX object CMakeFiles/darknet_ros_msgs__rosidl_typesupport_cpp.dir/rosidl_typesupport_cpp/darknet_ros_msgs/action/check_for_objects__type_support.cpp.o[0m
[2.213s] [ 30%] [32mBuilding CXX object CMakeFiles/darknet_ros_msgs__rosidl_typesupport_introspection_cpp.dir/rosidl_typesupport_introspection_cpp/darknet_ros_msgs/msg/detail/bounding_box__type_support.cpp.o[0m
[2.391s] [ 32%] [32mBuilding CXX object CMakeFiles/darknet_ros_msgs__rosidl_typesupport_fastrtps_cpp.dir/rosidl_typesupport_fastrtps_cpp/darknet_ros_msgs/msg/detail/dds_fastrtps/bounding_box__type_support.cpp.o[0m
[2.491s] [ 34%] [32mBuilding CXX object CMakeFiles/darknet_ros_msgs__rosidl_typesupport_c.dir/rosidl_typesupport_c/darknet_ros_msgs/msg/bounding_box__type_support.cpp.o[0m
[2.523s] [ 36%] [32mBuilding CXX object CMakeFiles/darknet_ros_msgs__rosidl_typesupport_c.dir/rosidl_typesupport_c/darknet_ros_msgs/msg/bounding_boxes__type_support.cpp.o[0m
[2.552s] [ 38%] [32mBuilding CXX object CMakeFiles/darknet_ros_msgs__rosidl_typesupport_c.dir/rosidl_typesupport_c/darknet_ros_msgs/msg/object_count__type_support.cpp.o[0m
[2.553s] [ 40%] [32mBuilding CXX object CMakeFiles/darknet_ros_msgs__rosidl_typesupport_introspection_cpp.dir/rosidl_typesupport_introspection_cpp/darknet_ros_msgs/msg/detail/bounding_boxes__type_support.cpp.o[0m
[2.558s] [ 41%] [32mBuilding CXX object CMakeFiles/darknet_ros_msgs__rosidl_typesupport_c.dir/rosidl_typesupport_c/darknet_ros_msgs/action/check_for_objects__type_support.cpp.o[0m
[2.575s] [ 43%] [32mBuilding CXX object CMakeFiles/darknet_ros_msgs__rosidl_typesupport_introspection_cpp.dir/rosidl_typesupport_introspection_cpp/darknet_ros_msgs/msg/detail/object_count__type_support.cpp.o[0m
[2.587s] [ 45%] [32mBuilding CXX object CMakeFiles/darknet_ros_msgs__rosidl_typesupport_introspection_cpp.dir/rosidl_typesupport_introspection_cpp/darknet_ros_msgs/action/detail/check_for_objects__type_support.cpp.o[0m
[2.613s] [ 47%] [32mBuilding CXX object CMakeFiles/darknet_ros_msgs__rosidl_typesupport_fastrtps_cpp.dir/rosidl_typesupport_fastrtps_cpp/darknet_ros_msgs/msg/detail/dds_fastrtps/bounding_boxes__type_support.cpp.o[0m
[2.616s] [ 49%] [32m[1mLinking CXX shared library libdarknet_ros_msgs__rosidl_typesupport_cpp.so[0m
[2.638s] [ 50%] [32m[1mLinking CXX shared library libdarknet_ros_msgs__rosidl_typesupport_c.so[0m
[2.668s] [ 50%] Built target darknet_ros_msgs__rosidl_typesupport_cpp
[2.675s] [ 52%] [32mBuilding CXX object CMakeFiles/darknet_ros_msgs__rosidl_typesupport_fastrtps_cpp.dir/rosidl_typesupport_fastrtps_cpp/darknet_ros_msgs/msg/detail/dds_fastrtps/object_count__type_support.cpp.o[0m
[2.696s] [ 52%] Built target darknet_ros_msgs__rosidl_typesupport_c
[2.700s] [ 54%] [32mBuilding CXX object CMakeFiles/darknet_ros_msgs__rosidl_typesupport_fastrtps_cpp.dir/rosidl_typesupport_fastrtps_cpp/darknet_ros_msgs/action/detail/dds_fastrtps/check_for_objects__type_support.cpp.o[0m
[2.729s] [ 56%] [32mBuilding C object CMakeFiles/darknet_ros_msgs__rosidl_typesupport_introspection_c.dir/rosidl_typesupport_introspection_c/darknet_ros_msgs/msg/detail/bounding_box__type_support.c.o[0m
[2.774s] [ 58%] [32mBuilding C object CMakeFiles/darknet_ros_msgs__rosidl_typesupport_introspection_c.dir/rosidl_typesupport_introspection_c/darknet_ros_msgs/msg/detail/bounding_boxes__type_support.c.o[0m
[2.828s] [ 60%] [32mBuilding C object CMakeFiles/darknet_ros_msgs__rosidl_typesupport_introspection_c.dir/rosidl_typesupport_introspection_c/darknet_ros_msgs/msg/detail/object_count__type_support.c.o[0m
[2.871s] [ 61%] [32mBuilding C object CMakeFiles/darknet_ros_msgs__rosidl_typesupport_introspection_c.dir/rosidl_typesupport_introspection_c/darknet_ros_msgs/action/detail/check_for_objects__type_support.c.o[0m
[2.945s] [ 63%] [32m[1mLinking C shared library libdarknet_ros_msgs__rosidl_typesupport_introspection_c.so[0m
[2.970s] [ 63%] Built target darknet_ros_msgs__rosidl_typesupport_introspection_c
[3.073s] [ 65%] [32m[1mLinking CXX shared library libdarknet_ros_msgs__rosidl_typesupport_introspection_cpp.so[0m
[3.167s] [ 65%] Built target darknet_ros_msgs__rosidl_typesupport_introspection_cpp
[3.256s] [ 67%] [32m[1mLinking CXX shared library libdarknet_ros_msgs__rosidl_typesupport_fastrtps_cpp.so[0m
[3.320s] [ 67%] Built target darknet_ros_msgs__rosidl_typesupport_fastrtps_cpp
[3.324s] [ 69%] [34m[1mGenerating C type support for eProsima Fast-RTPS[0m
[3.696s] [ 72%] [32mBuilding CXX object CMakeFiles/darknet_ros_msgs__rosidl_typesupport_fastrtps_c.dir/rosidl_typesupport_fastrtps_c/darknet_ros_msgs/msg/detail/bounding_box__type_support_c.cpp.o[0m
[3.697s] [ 72%] [32mBuilding CXX object CMakeFiles/darknet_ros_msgs__rosidl_typesupport_fastrtps_c.dir/rosidl_typesupport_fastrtps_c/darknet_ros_msgs/msg/detail/bounding_boxes__type_support_c.cpp.o[0m
[3.697s] [ 74%] [32mBuilding CXX object CMakeFiles/darknet_ros_msgs__rosidl_typesupport_fastrtps_c.dir/rosidl_typesupport_fastrtps_c/darknet_ros_msgs/msg/detail/object_count__type_support_c.cpp.o[0m
[3.697s] [ 76%] [32mBuilding CXX object CMakeFiles/darknet_ros_msgs__rosidl_typesupport_fastrtps_c.dir/rosidl_typesupport_fastrtps_c/darknet_ros_msgs/action/detail/check_for_objects__type_support_c.cpp.o[0m
[4.035s] [ 78%] [32m[1mLinking CXX shared library libdarknet_ros_msgs__rosidl_typesupport_fastrtps_c.so[0m
[4.100s] [ 78%] Built target darknet_ros_msgs__rosidl_typesupport_fastrtps_c
[4.106s] [ 78%] Built target darknet_ros_msgs
[4.113s] [ 80%] [34m[1mGenerating Python code for ROS interfaces[0m
[4.985s] [ 80%] Built target darknet_ros_msgs__py
[4.992s] [ 81%] [32mBuilding C object CMakeFiles/darknet_ros_msgs__python.dir/rosidl_generator_py/darknet_ros_msgs/msg/_bounding_box_s.c.o[0m
[4.992s] [ 83%] [32mBuilding C object CMakeFiles/darknet_ros_msgs__python.dir/rosidl_generator_py/darknet_ros_msgs/msg/_bounding_boxes_s.c.o[0m
[4.992s] [ 85%] [32mBuilding C object CMakeFiles/darknet_ros_msgs__python.dir/rosidl_generator_py/darknet_ros_msgs/msg/_object_count_s.c.o[0m
[4.993s] [ 87%] [32mBuilding C object CMakeFiles/darknet_ros_msgs__python.dir/rosidl_generator_py/darknet_ros_msgs/action/_check_for_objects_s.c.o[0m
[5.105s] [ 89%] [32m[1mLinking C shared library rosidl_generator_py/darknet_ros_msgs/libdarknet_ros_msgs__python.so[0m
[5.136s] [ 89%] Built target darknet_ros_msgs__python
[5.144s] [ 92%] [32mBuilding C object CMakeFiles/darknet_ros_msgs__rosidl_typesupport_fastrtps_c__pyext.dir/rosidl_generator_py/darknet_ros_msgs/_darknet_ros_msgs_s.ep.rosidl_typesupport_fastrtps_c.c.o[0m
[5.144s] [ 94%] [32mBuilding C object CMakeFiles/darknet_ros_msgs__rosidl_typesupport_introspection_c__pyext.dir/rosidl_generator_py/darknet_ros_msgs/_darknet_ros_msgs_s.ep.rosidl_typesupport_introspection_c.c.o[0m
[5.144s] [ 94%] [32mBuilding C object CMakeFiles/darknet_ros_msgs__rosidl_typesupport_c__pyext.dir/rosidl_generator_py/darknet_ros_msgs/_darknet_ros_msgs_s.ep.rosidl_typesupport_c.c.o[0m
[5.230s] [ 96%] [32m[1mLinking C shared library rosidl_generator_py/darknet_ros_msgs/darknet_ros_msgs_s__rosidl_typesupport_introspection_c.cpython-38-x86_64-linux-gnu.so[0m
[5.233s] [100%] [32m[1mLinking CXX shared library rosidl_generator_py/darknet_ros_msgs/darknet_ros_msgs_s__rosidl_typesupport_fastrtps_c.cpython-38-x86_64-linux-gnu.so[0m
[5.233s] [100%] [32m[1mLinking C shared library rosidl_generator_py/darknet_ros_msgs/darknet_ros_msgs_s__rosidl_typesupport_c.cpython-38-x86_64-linux-gnu.so[0m
[5.258s] [100%] Built target darknet_ros_msgs__rosidl_typesupport_introspection_c__pyext
[5.261s] [100%] Built target darknet_ros_msgs__rosidl_typesupport_c__pyext
[5.289s] [100%] Built target darknet_ros_msgs__rosidl_typesupport_fastrtps_c__pyext
[5.292s] Invoked command in '/home/adimas/zed_ros2/build/darknet_ros_msgs' returned '0': CMAKE_PREFIX_PATH=${CMAKE_PREFIX_PATH}:/opt/ros/foxy /usr/bin/cmake --build /home/adimas/zed_ros2/build/darknet_ros_msgs -- -j8 -l8
[5.346s] Invoking command in '/home/adimas/zed_ros2/build/darknet_ros_msgs': CMAKE_PREFIX_PATH=${CMAKE_PREFIX_PATH}:/opt/ros/foxy /usr/bin/cmake --install /home/adimas/zed_ros2/build/darknet_ros_msgs
[5.350s] -- Install configuration: ""
[5.350s] -- Installing: /home/adimas/zed_ros2/install/darknet_ros_msgs/share/ament_index/resource_index/rosidl_interfaces/darknet_ros_msgs
[5.350s] -- Installing: /home/adimas/zed_ros2/install/darknet_ros_msgs/include/darknet_ros_msgs
[5.350s] -- Installing: /home/adimas/zed_ros2/install/darknet_ros_msgs/include/darknet_ros_msgs/action
[5.350s] -- Installing: /home/adimas/zed_ros2/install/darknet_ros_msgs/include/darknet_ros_msgs/action/detail
[5.350s] -- Installing: /home/adimas/zed_ros2/install/darknet_ros_msgs/include/darknet_ros_msgs/action/detail/check_for_objects__type_support.h
[5.350s] -- Installing: /home/adimas/zed_ros2/install/darknet_ros_msgs/include/darknet_ros_msgs/action/detail/check_for_objects__functions.h
[5.350s] -- Installing: /home/adimas/zed_ros2/install/darknet_ros_msgs/include/darknet_ros_msgs/action/detail/check_for_objects__functions.c
[5.351s] -- Installing: /home/adimas/zed_ros2/install/darknet_ros_msgs/include/darknet_ros_msgs/action/detail/check_for_objects__struct.h
[5.351s] -- Installing: /home/adimas/zed_ros2/install/darknet_ros_msgs/include/darknet_ros_msgs/action/check_for_objects.h
[5.351s] -- Installing: /home/adimas/zed_ros2/install/darknet_ros_msgs/include/darknet_ros_msgs/msg
[5.351s] -- Installing: /home/adimas/zed_ros2/install/darknet_ros_msgs/include/darknet_ros_msgs/msg/bounding_boxes.h
[5.351s] -- Installing: /home/adimas/zed_ros2/install/darknet_ros_msgs/include/darknet_ros_msgs/msg/bounding_box.h
[5.351s] -- Installing: /home/adimas/zed_ros2/install/darknet_ros_msgs/include/darknet_ros_msgs/msg/rosidl_generator_c__visibility_control.h
[5.351s] -- Installing: /home/adimas/zed_ros2/install/darknet_ros_msgs/include/darknet_ros_msgs/msg/object_count.h
[5.352s] -- Installing: /home/adimas/zed_ros2/install/darknet_ros_msgs/include/darknet_ros_msgs/msg/detail
[5.352s] -- Installing: /home/adimas/zed_ros2/install/darknet_ros_msgs/include/darknet_ros_msgs/msg/detail/bounding_boxes__type_support.h
[5.352s] -- Installing: /home/adimas/zed_ros2/install/darknet_ros_msgs/include/darknet_ros_msgs/msg/detail/object_count__functions.h
[5.352s] -- Installing: /home/adimas/zed_ros2/install/darknet_ros_msgs/include/darknet_ros_msgs/msg/detail/bounding_box__functions.c
[5.352s] -- Installing: /home/adimas/zed_ros2/install/darknet_ros_msgs/include/darknet_ros_msgs/msg/detail/object_count__functions.c
[5.352s] -- Installing: /home/adimas/zed_ros2/install/darknet_ros_msgs/include/darknet_ros_msgs/msg/detail/object_count__type_support.h
[5.352s] -- Installing: /home/adimas/zed_ros2/install/darknet_ros_msgs/include/darknet_ros_msgs/msg/detail/bounding_boxes__functions.c
[5.352s] -- Installing: /home/adimas/zed_ros2/install/darknet_ros_msgs/include/darknet_ros_msgs/msg/detail/bounding_boxes__functions.h
[5.352s] -- Installing: /home/adimas/zed_ros2/install/darknet_ros_msgs/include/darknet_ros_msgs/msg/detail/bounding_box__functions.h
[5.352s] -- Installing: /home/adimas/zed_ros2/install/darknet_ros_msgs/include/darknet_ros_msgs/msg/detail/bounding_box__type_support.h
[5.353s] -- Installing: /home/adimas/zed_ros2/install/darknet_ros_msgs/include/darknet_ros_msgs/msg/detail/object_count__struct.h
[5.353s] -- Installing: /home/adimas/zed_ros2/install/darknet_ros_msgs/include/darknet_ros_msgs/msg/detail/bounding_boxes__struct.h
[5.353s] -- Installing: /home/adimas/zed_ros2/install/darknet_ros_msgs/include/darknet_ros_msgs/msg/detail/bounding_box__struct.h
[5.353s] -- Installing: /home/adimas/zed_ros2/install/darknet_ros_msgs/share/darknet_ros_msgs/environment/library_path.sh
[5.353s] -- Installing: /home/adimas/zed_ros2/install/darknet_ros_msgs/share/darknet_ros_msgs/environment/library_path.dsv
[5.353s] -- Installing: /home/adimas/zed_ros2/install/darknet_ros_msgs/lib/libdarknet_ros_msgs__rosidl_generator_c.so
[5.353s] -- Set runtime path of "/home/adimas/zed_ros2/install/darknet_ros_msgs/lib/libdarknet_ros_msgs__rosidl_generator_c.so" to ""
[5.353s] -- Up-to-date: /home/adimas/zed_ros2/install/darknet_ros_msgs/include/darknet_ros_msgs
[5.353s] -- Up-to-date: /home/adimas/zed_ros2/install/darknet_ros_msgs/include/darknet_ros_msgs/action
[5.354s] -- Up-to-date: /home/adimas/zed_ros2/install/darknet_ros_msgs/include/darknet_ros_msgs/action/detail
[5.354s] -- Installing: /home/adimas/zed_ros2/install/darknet_ros_msgs/include/darknet_ros_msgs/action/detail/check_for_objects__rosidl_typesupport_fastrtps_c.h
[5.354s] -- Up-to-date: /home/adimas/zed_ros2/install/darknet_ros_msgs/include/darknet_ros_msgs/msg
[5.354s] -- Up-to-date: /home/adimas/zed_ros2/install/darknet_ros_msgs/include/darknet_ros_msgs/msg/detail
[5.354s] -- Installing: /home/adimas/zed_ros2/install/darknet_ros_msgs/include/darknet_ros_msgs/msg/detail/bounding_box__rosidl_typesupport_fastrtps_c.h
[5.354s] -- Installing: /home/adimas/zed_ros2/install/darknet_ros_msgs/include/darknet_ros_msgs/msg/detail/bounding_boxes__rosidl_typesupport_fastrtps_c.h
[5.354s] -- Installing: /home/adimas/zed_ros2/install/darknet_ros_msgs/include/darknet_ros_msgs/msg/detail/object_count__rosidl_typesupport_fastrtps_c.h
[5.354s] -- Installing: /home/adimas/zed_ros2/install/darknet_ros_msgs/include/darknet_ros_msgs/msg/rosidl_typesupport_fastrtps_c__visibility_control.h
[5.354s] -- Installing: /home/adimas/zed_ros2/install/darknet_ros_msgs/lib/libdarknet_ros_msgs__rosidl_typesupport_fastrtps_c.so
[5.354s] -- Set runtime path of "/home/adimas/zed_ros2/install/darknet_ros_msgs/lib/libdarknet_ros_msgs__rosidl_typesupport_fastrtps_c.so" to ""
[5.355s] -- Up-to-date: /home/adimas/zed_ros2/install/darknet_ros_msgs/include/darknet_ros_msgs
[5.355s] -- Up-to-date: /home/adimas/zed_ros2/install/darknet_ros_msgs/include/darknet_ros_msgs/action
[5.355s] -- Up-to-date: /home/adimas/zed_ros2/install/darknet_ros_msgs/include/darknet_ros_msgs/action/detail
[5.355s] -- Installing: /home/adimas/zed_ros2/install/darknet_ros_msgs/include/darknet_ros_msgs/action/detail/check_for_objects__rosidl_typesupport_fastrtps_cpp.hpp
[5.355s] -- Installing: /home/adimas/zed_ros2/install/darknet_ros_msgs/include/darknet_ros_msgs/action/detail/dds_fastrtps
[5.355s] -- Up-to-date: /home/adimas/zed_ros2/install/darknet_ros_msgs/include/darknet_ros_msgs/msg
[5.355s] -- Installing: /home/adimas/zed_ros2/install/darknet_ros_msgs/include/darknet_ros_msgs/msg/rosidl_typesupport_fastrtps_cpp__visibility_control.h
[5.355s] -- Up-to-date: /home/adimas/zed_ros2/install/darknet_ros_msgs/include/darknet_ros_msgs/msg/detail
[5.355s] -- Installing: /home/adimas/zed_ros2/install/darknet_ros_msgs/include/darknet_ros_msgs/msg/detail/object_count__rosidl_typesupport_fastrtps_cpp.hpp
[5.356s] -- Installing: /home/adimas/zed_ros2/install/darknet_ros_msgs/include/darknet_ros_msgs/msg/detail/dds_fastrtps
[5.356s] -- Installing: /home/adimas/zed_ros2/install/darknet_ros_msgs/include/darknet_ros_msgs/msg/detail/bounding_boxes__rosidl_typesupport_fastrtps_cpp.hpp
[5.356s] -- Installing: /home/adimas/zed_ros2/install/darknet_ros_msgs/include/darknet_ros_msgs/msg/detail/bounding_box__rosidl_typesupport_fastrtps_cpp.hpp
[5.356s] -- Installing: /home/adimas/zed_ros2/install/darknet_ros_msgs/lib/libdarknet_ros_msgs__rosidl_typesupport_fastrtps_cpp.so
[5.356s] -- Set runtime path of "/home/adimas/zed_ros2/install/darknet_ros_msgs/lib/libdarknet_ros_msgs__rosidl_typesupport_fastrtps_cpp.so" to ""
[5.356s] -- Up-to-date: /home/adimas/zed_ros2/install/darknet_ros_msgs/include/darknet_ros_msgs
[5.356s] -- Up-to-date: /home/adimas/zed_ros2/install/darknet_ros_msgs/include/darknet_ros_msgs/action
[5.356s] -- Up-to-date: /home/adimas/zed_ros2/install/darknet_ros_msgs/include/darknet_ros_msgs/action/detail
[5.356s] -- Installing: /home/adimas/zed_ros2/install/darknet_ros_msgs/include/darknet_ros_msgs/action/detail/check_for_objects__type_support.c
[5.356s] -- Installing: /home/adimas/zed_ros2/install/darknet_ros_msgs/include/darknet_ros_msgs/action/detail/check_for_objects__rosidl_typesupport_introspection_c.h
[5.357s] -- Up-to-date: /home/adimas/zed_ros2/install/darknet_ros_msgs/include/darknet_ros_msgs/msg
[5.357s] -- Installing: /home/adimas/zed_ros2/install/darknet_ros_msgs/include/darknet_ros_msgs/msg/rosidl_typesupport_introspection_c__visibility_control.h
[5.357s] -- Up-to-date: /home/adimas/zed_ros2/install/darknet_ros_msgs/include/darknet_ros_msgs/msg/detail
[5.357s] -- Installing: /home/adimas/zed_ros2/install/darknet_ros_msgs/include/darknet_ros_msgs/msg/detail/bounding_box__rosidl_typesupport_introspection_c.h
[5.357s] -- Installing: /home/adimas/zed_ros2/install/darknet_ros_msgs/include/darknet_ros_msgs/msg/detail/object_count__type_support.c
[5.357s] -- Installing: /home/adimas/zed_ros2/install/darknet_ros_msgs/include/darknet_ros_msgs/msg/detail/bounding_box__type_support.c
[5.357s] -- Installing: /home/adimas/zed_ros2/install/darknet_ros_msgs/include/darknet_ros_msgs/msg/detail/object_count__rosidl_typesupport_introspection_c.h
[5.357s] -- Installing: /home/adimas/zed_ros2/install/darknet_ros_msgs/include/darknet_ros_msgs/msg/detail/bounding_boxes__type_support.c
[5.357s] -- Installing: /home/adimas/zed_ros2/install/darknet_ros_msgs/include/darknet_ros_msgs/msg/detail/bounding_boxes__rosidl_typesupport_introspection_c.h
[5.358s] -- Installing: /home/adimas/zed_ros2/install/darknet_ros_msgs/lib/libdarknet_ros_msgs__rosidl_typesupport_introspection_c.so
[5.358s] -- Set runtime path of "/home/adimas/zed_ros2/install/darknet_ros_msgs/lib/libdarknet_ros_msgs__rosidl_typesupport_introspection_c.so" to ""
[5.358s] -- Installing: /home/adimas/zed_ros2/install/darknet_ros_msgs/lib/libdarknet_ros_msgs__rosidl_typesupport_c.so
[5.358s] -- Set runtime path of "/home/adimas/zed_ros2/install/darknet_ros_msgs/lib/libdarknet_ros_msgs__rosidl_typesupport_c.so" to ""
[5.358s] -- Up-to-date: /home/adimas/zed_ros2/install/darknet_ros_msgs/include/darknet_ros_msgs
[5.358s] -- Up-to-date: /home/adimas/zed_ros2/install/darknet_ros_msgs/include/darknet_ros_msgs/action
[5.358s] -- Installing: /home/adimas/zed_ros2/install/darknet_ros_msgs/include/darknet_ros_msgs/action/check_for_objects.hpp
[5.358s] -- Up-to-date: /home/adimas/zed_ros2/install/darknet_ros_msgs/include/darknet_ros_msgs/action/detail
[5.358s] -- Installing: /home/adimas/zed_ros2/install/darknet_ros_msgs/include/darknet_ros_msgs/action/detail/check_for_objects__traits.hpp
[5.359s] -- Installing: /home/adimas/zed_ros2/install/darknet_ros_msgs/include/darknet_ros_msgs/action/detail/check_for_objects__builder.hpp
[5.359s] -- Installing: /home/adimas/zed_ros2/install/darknet_ros_msgs/include/darknet_ros_msgs/action/detail/check_for_objects__struct.hpp
[5.359s] -- Up-to-date: /home/adimas/zed_ros2/install/darknet_ros_msgs/include/darknet_ros_msgs/msg
[5.359s] -- Installing: /home/adimas/zed_ros2/install/darknet_ros_msgs/include/darknet_ros_msgs/msg/object_count.hpp
[5.359s] -- Installing: /home/adimas/zed_ros2/install/darknet_ros_msgs/include/darknet_ros_msgs/msg/bounding_box.hpp
[5.359s] -- Installing: /home/adimas/zed_ros2/install/darknet_ros_msgs/include/darknet_ros_msgs/msg/bounding_boxes.hpp
[5.359s] -- Up-to-date: /home/adimas/zed_ros2/install/darknet_ros_msgs/include/darknet_ros_msgs/msg/detail
[5.359s] -- Installing: /home/adimas/zed_ros2/install/darknet_ros_msgs/include/darknet_ros_msgs/msg/detail/bounding_boxes__struct.hpp
[5.359s] -- Installing: /home/adimas/zed_ros2/install/darknet_ros_msgs/include/darknet_ros_msgs/msg/detail/bounding_boxes__traits.hpp
[5.359s] -- Installing: /home/adimas/zed_ros2/install/darknet_ros_msgs/include/darknet_ros_msgs/msg/detail/object_count__struct.hpp
[5.360s] -- Installing: /home/adimas/zed_ros2/install/darknet_ros_msgs/include/darknet_ros_msgs/msg/detail/bounding_box__builder.hpp
[5.360s] -- Installing: /home/adimas/zed_ros2/install/darknet_ros_msgs/include/darknet_ros_msgs/msg/detail/object_count__builder.hpp
[5.360s] -- Installing: /home/adimas/zed_ros2/install/darknet_ros_msgs/include/darknet_ros_msgs/msg/detail/bounding_boxes__builder.hpp
[5.360s] -- Installing: /home/adimas/zed_ros2/install/darknet_ros_msgs/include/darknet_ros_msgs/msg/detail/object_count__traits.hpp
[5.360s] -- Installing: /home/adimas/zed_ros2/install/darknet_ros_msgs/include/darknet_ros_msgs/msg/detail/bounding_box__struct.hpp
[5.360s] -- Installing: /home/adimas/zed_ros2/install/darknet_ros_msgs/include/darknet_ros_msgs/msg/detail/bounding_box__traits.hpp
[5.360s] -- Up-to-date: /home/adimas/zed_ros2/install/darknet_ros_msgs/include/darknet_ros_msgs
[5.360s] -- Up-to-date: /home/adimas/zed_ros2/install/darknet_ros_msgs/include/darknet_ros_msgs/action
[5.360s] -- Up-to-date: /home/adimas/zed_ros2/install/darknet_ros_msgs/include/darknet_ros_msgs/action/detail
[5.360s] -- Installing: /home/adimas/zed_ros2/install/darknet_ros_msgs/include/darknet_ros_msgs/action/detail/check_for_objects__rosidl_typesupport_introspection_cpp.hpp
[5.360s] -- Installing: /home/adimas/zed_ros2/install/darknet_ros_msgs/include/darknet_ros_msgs/action/detail/check_for_objects__type_support.cpp
[5.360s] -- Up-to-date: /home/adimas/zed_ros2/install/darknet_ros_msgs/include/darknet_ros_msgs/msg
[5.361s] -- Up-to-date: /home/adimas/zed_ros2/install/darknet_ros_msgs/include/darknet_ros_msgs/msg/detail
[5.361s] -- Installing: /home/adimas/zed_ros2/install/darknet_ros_msgs/include/darknet_ros_msgs/msg/detail/object_count__rosidl_typesupport_introspection_cpp.hpp
[5.361s] -- Installing: /home/adimas/zed_ros2/install/darknet_ros_msgs/include/darknet_ros_msgs/msg/detail/bounding_box__rosidl_typesupport_introspection_cpp.hpp
[5.361s] -- Installing: /home/adimas/zed_ros2/install/darknet_ros_msgs/include/darknet_ros_msgs/msg/detail/bounding_boxes__type_support.cpp
[5.361s] -- Installing: /home/adimas/zed_ros2/install/darknet_ros_msgs/include/darknet_ros_msgs/msg/detail/object_count__type_support.cpp
[5.361s] -- Installing: /home/adimas/zed_ros2/install/darknet_ros_msgs/include/darknet_ros_msgs/msg/detail/bounding_boxes__rosidl_typesupport_introspection_cpp.hpp
[5.361s] -- Installing: /home/adimas/zed_ros2/install/darknet_ros_msgs/include/darknet_ros_msgs/msg/detail/bounding_box__type_support.cpp
[5.361s] -- Installing: /home/adimas/zed_ros2/install/darknet_ros_msgs/lib/libdarknet_ros_msgs__rosidl_typesupport_introspection_cpp.so
[5.361s] -- Set runtime path of "/home/adimas/zed_ros2/install/darknet_ros_msgs/lib/libdarknet_ros_msgs__rosidl_typesupport_introspection_cpp.so" to ""
[5.361s] -- Installing: /home/adimas/zed_ros2/install/darknet_ros_msgs/lib/libdarknet_ros_msgs__rosidl_typesupport_cpp.so
[5.361s] -- Set runtime path of "/home/adimas/zed_ros2/install/darknet_ros_msgs/lib/libdarknet_ros_msgs__rosidl_typesupport_cpp.so" to ""
[5.361s] -- Installing: /home/adimas/zed_ros2/install/darknet_ros_msgs/share/darknet_ros_msgs/environment/pythonpath.sh
[5.361s] -- Installing: /home/adimas/zed_ros2/install/darknet_ros_msgs/share/darknet_ros_msgs/environment/pythonpath.dsv
[5.361s] -- Installing: /home/adimas/zed_ros2/install/darknet_ros_msgs/lib/python3.8/site-packages/darknet_ros_msgs/__init__.py
[5.383s] Compiling '/home/adimas/zed_ros2/install/darknet_ros_msgs/lib/python3.8/site-packages/darknet_ros_msgs/__init__.py'...
[5.385s] -- Installing: /home/adimas/zed_ros2/install/darknet_ros_msgs/lib/python3.8/site-packages/darknet_ros_msgs/msg
[5.386s] -- Installing: /home/adimas/zed_ros2/install/darknet_ros_msgs/lib/python3.8/site-packages/darknet_ros_msgs/msg/_bounding_box.py
[5.386s] -- Installing: /home/adimas/zed_ros2/install/darknet_ros_msgs/lib/python3.8/site-packages/darknet_ros_msgs/msg/_bounding_boxes.py
[5.386s] -- Installing: /home/adimas/zed_ros2/install/darknet_ros_msgs/lib/python3.8/site-packages/darknet_ros_msgs/msg/__init__.py
[5.386s] -- Installing: /home/adimas/zed_ros2/install/darknet_ros_msgs/lib/python3.8/site-packages/darknet_ros_msgs/msg/_bounding_box_s.c
[5.386s] -- Installing: /home/adimas/zed_ros2/install/darknet_ros_msgs/lib/python3.8/site-packages/darknet_ros_msgs/msg/_object_count_s.c
[5.386s] -- Installing: /home/adimas/zed_ros2/install/darknet_ros_msgs/lib/python3.8/site-packages/darknet_ros_msgs/msg/_object_count.py
[5.386s] -- Installing: /home/adimas/zed_ros2/install/darknet_ros_msgs/lib/python3.8/site-packages/darknet_ros_msgs/msg/_bounding_boxes_s.c
[5.386s] -- Installing: /home/adimas/zed_ros2/install/darknet_ros_msgs/lib/python3.8/site-packages/darknet_ros_msgs/action
[5.386s] -- Installing: /home/adimas/zed_ros2/install/darknet_ros_msgs/lib/python3.8/site-packages/darknet_ros_msgs/action/_check_for_objects_s.c
[5.387s] -- Installing: /home/adimas/zed_ros2/install/darknet_ros_msgs/lib/python3.8/site-packages/darknet_ros_msgs/action/__init__.py
[5.387s] -- Installing: /home/adimas/zed_ros2/install/darknet_ros_msgs/lib/python3.8/site-packages/darknet_ros_msgs/action/_check_for_objects.py
[5.387s] -- Installing: /home/adimas/zed_ros2/install/darknet_ros_msgs/lib/python3.8/site-packages/darknet_ros_msgs/darknet_ros_msgs_s__rosidl_typesupport_fastrtps_c.cpython-38-x86_64-linux-gnu.so
[5.387s] -- Set runtime path of "/home/adimas/zed_ros2/install/darknet_ros_msgs/lib/python3.8/site-packages/darknet_ros_msgs/darknet_ros_msgs_s__rosidl_typesupport_fastrtps_c.cpython-38-x86_64-linux-gnu.so" to ""
[5.387s] -- Installing: /home/adimas/zed_ros2/install/darknet_ros_msgs/lib/python3.8/site-packages/darknet_ros_msgs/darknet_ros_msgs_s__rosidl_typesupport_introspection_c.cpython-38-x86_64-linux-gnu.so
[5.387s] -- Set runtime path of "/home/adimas/zed_ros2/install/darknet_ros_msgs/lib/python3.8/site-packages/darknet_ros_msgs/darknet_ros_msgs_s__rosidl_typesupport_introspection_c.cpython-38-x86_64-linux-gnu.so" to ""
[5.387s] -- Installing: /home/adimas/zed_ros2/install/darknet_ros_msgs/lib/python3.8/site-packages/darknet_ros_msgs/darknet_ros_msgs_s__rosidl_typesupport_c.cpython-38-x86_64-linux-gnu.so
[5.388s] -- Set runtime path of "/home/adimas/zed_ros2/install/darknet_ros_msgs/lib/python3.8/site-packages/darknet_ros_msgs/darknet_ros_msgs_s__rosidl_typesupport_c.cpython-38-x86_64-linux-gnu.so" to ""
[5.388s] -- Installing: /home/adimas/zed_ros2/install/darknet_ros_msgs/lib/libdarknet_ros_msgs__python.so
[5.388s] -- Set runtime path of "/home/adimas/zed_ros2/install/darknet_ros_msgs/lib/libdarknet_ros_msgs__python.so" to ""
[5.388s] -- Installing: /home/adimas/zed_ros2/install/darknet_ros_msgs/share/darknet_ros_msgs/msg/BoundingBox.idl
[5.388s] -- Installing: /home/adimas/zed_ros2/install/darknet_ros_msgs/share/darknet_ros_msgs/msg/BoundingBoxes.idl
[5.388s] -- Installing: /home/adimas/zed_ros2/install/darknet_ros_msgs/share/darknet_ros_msgs/msg/ObjectCount.idl
[5.388s] -- Installing: /home/adimas/zed_ros2/install/darknet_ros_msgs/share/darknet_ros_msgs/action/CheckForObjects.idl
[5.389s] -- Installing: /home/adimas/zed_ros2/install/darknet_ros_msgs/share/darknet_ros_msgs/msg/BoundingBox.msg
[5.389s] -- Installing: /home/adimas/zed_ros2/install/darknet_ros_msgs/share/darknet_ros_msgs/msg/BoundingBoxes.msg
[5.389s] -- Installing: /home/adimas/zed_ros2/install/darknet_ros_msgs/share/darknet_ros_msgs/msg/ObjectCount.msg
[5.389s] -- Installing: /home/adimas/zed_ros2/install/darknet_ros_msgs/share/darknet_ros_msgs/action/CheckForObjects.action
[5.389s] -- Installing: /home/adimas/zed_ros2/install/darknet_ros_msgs/share/ament_index/resource_index/package_run_dependencies/darknet_ros_msgs
[5.389s] -- Installing: /home/adimas/zed_ros2/install/darknet_ros_msgs/share/ament_index/resource_index/parent_prefix_path/darknet_ros_msgs
[5.389s] -- Installing: /home/adimas/zed_ros2/install/darknet_ros_msgs/share/darknet_ros_msgs/environment/ament_prefix_path.sh
[5.389s] -- Installing: /home/adimas/zed_ros2/install/darknet_ros_msgs/share/darknet_ros_msgs/environment/ament_prefix_path.dsv
[5.389s] -- Installing: /home/adimas/zed_ros2/install/darknet_ros_msgs/share/darknet_ros_msgs/environment/path.sh
[5.389s] -- Installing: /home/adimas/zed_ros2/install/darknet_ros_msgs/share/darknet_ros_msgs/environment/path.dsv
[5.389s] -- Installing: /home/adimas/zed_ros2/install/darknet_ros_msgs/share/darknet_ros_msgs/local_setup.bash
[5.389s] -- Installing: /home/adimas/zed_ros2/install/darknet_ros_msgs/share/darknet_ros_msgs/local_setup.sh
[5.389s] -- Installing: /home/adimas/zed_ros2/install/darknet_ros_msgs/share/darknet_ros_msgs/local_setup.zsh
[5.390s] -- Installing: /home/adimas/zed_ros2/install/darknet_ros_msgs/share/darknet_ros_msgs/local_setup.dsv
[5.390s] -- Installing: /home/adimas/zed_ros2/install/darknet_ros_msgs/share/darknet_ros_msgs/package.dsv
[5.390s] -- Installing: /home/adimas/zed_ros2/install/darknet_ros_msgs/share/ament_index/resource_index/packages/darknet_ros_msgs
[5.390s] -- Installing: /home/adimas/zed_ros2/install/darknet_ros_msgs/share/darknet_ros_msgs/cmake/darknet_ros_msgs__rosidl_generator_cExport.cmake
[5.390s] -- Installing: /home/adimas/zed_ros2/install/darknet_ros_msgs/share/darknet_ros_msgs/cmake/darknet_ros_msgs__rosidl_generator_cExport-noconfig.cmake
[5.390s] -- Installing: /home/adimas/zed_ros2/install/darknet_ros_msgs/share/darknet_ros_msgs/cmake/darknet_ros_msgs__rosidl_typesupport_introspection_cExport.cmake
[5.390s] -- Installing: /home/adimas/zed_ros2/install/darknet_ros_msgs/share/darknet_ros_msgs/cmake/darknet_ros_msgs__rosidl_typesupport_introspection_cExport-noconfig.cmake
[5.390s] -- Installing: /home/adimas/zed_ros2/install/darknet_ros_msgs/share/darknet_ros_msgs/cmake/darknet_ros_msgs__rosidl_typesupport_cExport.cmake
[5.390s] -- Installing: /home/adimas/zed_ros2/install/darknet_ros_msgs/share/darknet_ros_msgs/cmake/darknet_ros_msgs__rosidl_typesupport_cExport-noconfig.cmake
[5.390s] -- Installing: /home/adimas/zed_ros2/install/darknet_ros_msgs/share/darknet_ros_msgs/cmake/darknet_ros_msgs__rosidl_generator_cppExport.cmake
[5.390s] -- Installing: /home/adimas/zed_ros2/install/darknet_ros_msgs/share/darknet_ros_msgs/cmake/darknet_ros_msgs__rosidl_typesupport_introspection_cppExport.cmake
[5.390s] -- Installing: /home/adimas/zed_ros2/install/darknet_ros_msgs/share/darknet_ros_msgs/cmake/darknet_ros_msgs__rosidl_typesupport_introspection_cppExport-noconfig.cmake
[5.391s] -- Installing: /home/adimas/zed_ros2/install/darknet_ros_msgs/share/darknet_ros_msgs/cmake/darknet_ros_msgs__rosidl_typesupport_cppExport.cmake
[5.391s] -- Installing: /home/adimas/zed_ros2/install/darknet_ros_msgs/share/darknet_ros_msgs/cmake/darknet_ros_msgs__rosidl_typesupport_cppExport-noconfig.cmake
[5.391s] -- Installing: /home/adimas/zed_ros2/install/darknet_ros_msgs/share/darknet_ros_msgs/cmake/rosidl_cmake-extras.cmake
[5.391s] -- Installing: /home/adimas/zed_ros2/install/darknet_ros_msgs/share/darknet_ros_msgs/cmake/ament_cmake_export_dependencies-extras.cmake
[5.391s] -- Installing: /home/adimas/zed_ros2/install/darknet_ros_msgs/share/darknet_ros_msgs/cmake/ament_cmake_export_libraries-extras.cmake
[5.391s] -- Installing: /home/adimas/zed_ros2/install/darknet_ros_msgs/share/darknet_ros_msgs/cmake/ament_cmake_export_targets-extras.cmake
[5.391s] -- Installing: /home/adimas/zed_ros2/install/darknet_ros_msgs/share/darknet_ros_msgs/cmake/ament_cmake_export_include_directories-extras.cmake
[5.391s] -- Installing: /home/adimas/zed_ros2/install/darknet_ros_msgs/share/darknet_ros_msgs/cmake/rosidl_cmake_export_typesupport_libraries-extras.cmake
[5.391s] -- Installing: /home/adimas/zed_ros2/install/darknet_ros_msgs/share/darknet_ros_msgs/cmake/rosidl_cmake_export_typesupport_targets-extras.cmake
[5.391s] -- Installing: /home/adimas/zed_ros2/install/darknet_ros_msgs/share/darknet_ros_msgs/cmake/darknet_ros_msgsConfig.cmake
[5.391s] -- Installing: /home/adimas/zed_ros2/install/darknet_ros_msgs/share/darknet_ros_msgs/cmake/darknet_ros_msgsConfig-version.cmake
[5.391s] -- Installing: /home/adimas/zed_ros2/install/darknet_ros_msgs/share/darknet_ros_msgs/package.xml
[5.393s] Invoked command in '/home/adimas/zed_ros2/build/darknet_ros_msgs' returned '0': CMAKE_PREFIX_PATH=${CMAKE_PREFIX_PATH}:/opt/ros/foxy /usr/bin/cmake --install /home/adimas/zed_ros2/build/darknet_ros_msgs
