[0.013s] Invoking command in '/home/adimas/zed_ros2/build/darknet_ros_msgs': CMAKE_PREFIX_PATH=${CMAKE_PREFIX_PATH}:/opt/ros/foxy /usr/bin/cmake --build /home/adimas/zed_ros2/build/darknet_ros_msgs -- -j8 -l8
[0.034s] [  1%] Built target darknet_ros_msgs__cpp
[0.035s] [ 12%] Built target darknet_ros_msgs__rosidl_generator_c
[0.046s] [ 23%] Built target darknet_ros_msgs__rosidl_typesupport_introspection_c
[0.046s] [ 34%] Built target darknet_ros_msgs__rosidl_typesupport_cpp
[0.047s] [ 45%] Built target darknet_ros_msgs__rosidl_typesupport_fastrtps_cpp
[0.047s] [ 56%] Built target darknet_ros_msgs__rosidl_typesupport_c
[0.047s] [ 67%] Built target darknet_ros_msgs__rosidl_typesupport_introspection_cpp
[0.058s] [ 78%] Built target darknet_ros_msgs__rosidl_typesupport_fastrtps_c
[0.065s] [ 78%] Built target darknet_ros_msgs
[0.072s] [ 80%] Built target darknet_ros_msgs__py
[0.082s] [ 89%] Built target darknet_ros_msgs__python
[0.091s] [ 98%] Built target darknet_ros_msgs__rosidl_typesupport_introspection_c__pyext
[0.091s] [ 98%] Built target darknet_ros_msgs__rosidl_typesupport_fastrtps_c__pyext
[0.091s] [100%] Built target darknet_ros_msgs__rosidl_typesupport_c__pyext
[0.095s] Invoked command in '/home/adimas/zed_ros2/build/darknet_ros_msgs' returned '0': CMAKE_PREFIX_PATH=${CMAKE_PREFIX_PATH}:/opt/ros/foxy /usr/bin/cmake --build /home/adimas/zed_ros2/build/darknet_ros_msgs -- -j8 -l8
[0.157s] Invoking command in '/home/adimas/zed_ros2/build/darknet_ros_msgs': CMAKE_PREFIX_PATH=${CMAKE_PREFIX_PATH}:/opt/ros/foxy /usr/bin/cmake --install /home/adimas/zed_ros2/build/darknet_ros_msgs
[0.160s] -- Install configuration: ""
[0.160s] -- Up-to-date: /home/adimas/zed_ros2/install/darknet_ros_msgs/share/ament_index/resource_index/rosidl_interfaces/darknet_ros_msgs
[0.161s] -- Up-to-date: /home/adimas/zed_ros2/install/darknet_ros_msgs/include/darknet_ros_msgs
[0.161s] -- Up-to-date: /home/adimas/zed_ros2/install/darknet_ros_msgs/include/darknet_ros_msgs/action
[0.161s] -- Up-to-date: /home/adimas/zed_ros2/install/darknet_ros_msgs/include/darknet_ros_msgs/action/detail
[0.161s] -- Up-to-date: /home/adimas/zed_ros2/install/darknet_ros_msgs/include/darknet_ros_msgs/action/detail/check_for_objects__type_support.h
[0.161s] -- Up-to-date: /home/adimas/zed_ros2/install/darknet_ros_msgs/include/darknet_ros_msgs/action/detail/check_for_objects__functions.h
[0.161s] -- Up-to-date: /home/adimas/zed_ros2/install/darknet_ros_msgs/include/darknet_ros_msgs/action/detail/check_for_objects__functions.c
[0.161s] -- Up-to-date: /home/adimas/zed_ros2/install/darknet_ros_msgs/include/darknet_ros_msgs/action/detail/check_for_objects__struct.h
[0.161s] -- Up-to-date: /home/adimas/zed_ros2/install/darknet_ros_msgs/include/darknet_ros_msgs/action/check_for_objects.h
[0.161s] -- Up-to-date: /home/adimas/zed_ros2/install/darknet_ros_msgs/include/darknet_ros_msgs/msg
[0.161s] -- Up-to-date: /home/adimas/zed_ros2/install/darknet_ros_msgs/include/darknet_ros_msgs/msg/bounding_boxes.h
[0.161s] -- Up-to-date: /home/adimas/zed_ros2/install/darknet_ros_msgs/include/darknet_ros_msgs/msg/bounding_box.h
[0.161s] -- Up-to-date: /home/adimas/zed_ros2/install/darknet_ros_msgs/include/darknet_ros_msgs/msg/rosidl_generator_c__visibility_control.h
[0.161s] -- Up-to-date: /home/adimas/zed_ros2/install/darknet_ros_msgs/include/darknet_ros_msgs/msg/object_count.h
[0.162s] -- Up-to-date: /home/adimas/zed_ros2/install/darknet_ros_msgs/include/darknet_ros_msgs/msg/detail
[0.162s] -- Up-to-date: /home/adimas/zed_ros2/install/darknet_ros_msgs/include/darknet_ros_msgs/msg/detail/bounding_boxes__type_support.h
[0.162s] -- Up-to-date: /home/adimas/zed_ros2/install/darknet_ros_msgs/include/darknet_ros_msgs/msg/detail/object_count__functions.h
[0.162s] -- Up-to-date: /home/adimas/zed_ros2/install/darknet_ros_msgs/include/darknet_ros_msgs/msg/detail/bounding_box__functions.c
[0.162s] -- Up-to-date: /home/adimas/zed_ros2/install/darknet_ros_msgs/include/darknet_ros_msgs/msg/detail/object_count__functions.c
[0.162s] -- Up-to-date: /home/adimas/zed_ros2/install/darknet_ros_msgs/include/darknet_ros_msgs/msg/detail/object_count__type_support.h
[0.162s] -- Up-to-date: /home/adimas/zed_ros2/install/darknet_ros_msgs/include/darknet_ros_msgs/msg/detail/bounding_boxes__functions.c
[0.162s] -- Up-to-date: /home/adimas/zed_ros2/install/darknet_ros_msgs/include/darknet_ros_msgs/msg/detail/bounding_boxes__functions.h
[0.162s] -- Up-to-date: /home/adimas/zed_ros2/install/darknet_ros_msgs/include/darknet_ros_msgs/msg/detail/bounding_box__functions.h
[0.162s] -- Up-to-date: /home/adimas/zed_ros2/install/darknet_ros_msgs/include/darknet_ros_msgs/msg/detail/bounding_box__type_support.h
[0.162s] -- Up-to-date: /home/adimas/zed_ros2/install/darknet_ros_msgs/include/darknet_ros_msgs/msg/detail/object_count__struct.h
[0.162s] -- Up-to-date: /home/adimas/zed_ros2/install/darknet_ros_msgs/include/darknet_ros_msgs/msg/detail/bounding_boxes__struct.h
[0.162s] -- Up-to-date: /home/adimas/zed_ros2/install/darknet_ros_msgs/include/darknet_ros_msgs/msg/detail/bounding_box__struct.h
[0.163s] -- Up-to-date: /home/adimas/zed_ros2/install/darknet_ros_msgs/share/darknet_ros_msgs/environment/library_path.sh
[0.163s] -- Up-to-date: /home/adimas/zed_ros2/install/darknet_ros_msgs/share/darknet_ros_msgs/environment/library_path.dsv
[0.163s] -- Up-to-date: /home/adimas/zed_ros2/install/darknet_ros_msgs/lib/libdarknet_ros_msgs__rosidl_generator_c.so
[0.163s] -- Up-to-date: /home/adimas/zed_ros2/install/darknet_ros_msgs/include/darknet_ros_msgs
[0.163s] -- Up-to-date: /home/adimas/zed_ros2/install/darknet_ros_msgs/include/darknet_ros_msgs/action
[0.163s] -- Up-to-date: /home/adimas/zed_ros2/install/darknet_ros_msgs/include/darknet_ros_msgs/action/detail
[0.163s] -- Up-to-date: /home/adimas/zed_ros2/install/darknet_ros_msgs/include/darknet_ros_msgs/action/detail/check_for_objects__rosidl_typesupport_fastrtps_c.h
[0.163s] -- Up-to-date: /home/adimas/zed_ros2/install/darknet_ros_msgs/include/darknet_ros_msgs/msg
[0.163s] -- Up-to-date: /home/adimas/zed_ros2/install/darknet_ros_msgs/include/darknet_ros_msgs/msg/detail
[0.163s] -- Up-to-date: /home/adimas/zed_ros2/install/darknet_ros_msgs/include/darknet_ros_msgs/msg/detail/bounding_box__rosidl_typesupport_fastrtps_c.h
[0.163s] -- Up-to-date: /home/adimas/zed_ros2/install/darknet_ros_msgs/include/darknet_ros_msgs/msg/detail/bounding_boxes__rosidl_typesupport_fastrtps_c.h
[0.163s] -- Up-to-date: /home/adimas/zed_ros2/install/darknet_ros_msgs/include/darknet_ros_msgs/msg/detail/object_count__rosidl_typesupport_fastrtps_c.h
[0.163s] -- Up-to-date: /home/adimas/zed_ros2/install/darknet_ros_msgs/include/darknet_ros_msgs/msg/rosidl_typesupport_fastrtps_c__visibility_control.h
[0.163s] -- Up-to-date: /home/adimas/zed_ros2/install/darknet_ros_msgs/lib/libdarknet_ros_msgs__rosidl_typesupport_fastrtps_c.so
[0.163s] -- Up-to-date: /home/adimas/zed_ros2/install/darknet_ros_msgs/include/darknet_ros_msgs
[0.163s] -- Up-to-date: /home/adimas/zed_ros2/install/darknet_ros_msgs/include/darknet_ros_msgs/action
[0.163s] -- Up-to-date: /home/adimas/zed_ros2/install/darknet_ros_msgs/include/darknet_ros_msgs/action/detail
[0.163s] -- Up-to-date: /home/adimas/zed_ros2/install/darknet_ros_msgs/include/darknet_ros_msgs/action/detail/check_for_objects__rosidl_typesupport_fastrtps_cpp.hpp
[0.163s] -- Up-to-date: /home/adimas/zed_ros2/install/darknet_ros_msgs/include/darknet_ros_msgs/action/detail/dds_fastrtps
[0.164s] -- Up-to-date: /home/adimas/zed_ros2/install/darknet_ros_msgs/include/darknet_ros_msgs/msg
[0.164s] -- Up-to-date: /home/adimas/zed_ros2/install/darknet_ros_msgs/include/darknet_ros_msgs/msg/rosidl_typesupport_fastrtps_cpp__visibility_control.h
[0.164s] -- Up-to-date: /home/adimas/zed_ros2/install/darknet_ros_msgs/include/darknet_ros_msgs/msg/detail
[0.164s] -- Up-to-date: /home/adimas/zed_ros2/install/darknet_ros_msgs/include/darknet_ros_msgs/msg/detail/object_count__rosidl_typesupport_fastrtps_cpp.hpp
[0.164s] -- Up-to-date: /home/adimas/zed_ros2/install/darknet_ros_msgs/include/darknet_ros_msgs/msg/detail/dds_fastrtps
[0.164s] -- Up-to-date: /home/adimas/zed_ros2/install/darknet_ros_msgs/include/darknet_ros_msgs/msg/detail/bounding_boxes__rosidl_typesupport_fastrtps_cpp.hpp
[0.164s] -- Up-to-date: /home/adimas/zed_ros2/install/darknet_ros_msgs/include/darknet_ros_msgs/msg/detail/bounding_box__rosidl_typesupport_fastrtps_cpp.hpp
[0.164s] -- Up-to-date: /home/adimas/zed_ros2/install/darknet_ros_msgs/lib/libdarknet_ros_msgs__rosidl_typesupport_fastrtps_cpp.so
[0.164s] -- Up-to-date: /home/adimas/zed_ros2/install/darknet_ros_msgs/include/darknet_ros_msgs
[0.164s] -- Up-to-date: /home/adimas/zed_ros2/install/darknet_ros_msgs/include/darknet_ros_msgs/action
[0.164s] -- Up-to-date: /home/adimas/zed_ros2/install/darknet_ros_msgs/include/darknet_ros_msgs/action/detail
[0.164s] -- Up-to-date: /home/adimas/zed_ros2/install/darknet_ros_msgs/include/darknet_ros_msgs/action/detail/check_for_objects__type_support.c
[0.164s] -- Up-to-date: /home/adimas/zed_ros2/install/darknet_ros_msgs/include/darknet_ros_msgs/action/detail/check_for_objects__rosidl_typesupport_introspection_c.h
[0.164s] -- Up-to-date: /home/adimas/zed_ros2/install/darknet_ros_msgs/include/darknet_ros_msgs/msg
[0.164s] -- Up-to-date: /home/adimas/zed_ros2/install/darknet_ros_msgs/include/darknet_ros_msgs/msg/rosidl_typesupport_introspection_c__visibility_control.h
[0.164s] -- Up-to-date: /home/adimas/zed_ros2/install/darknet_ros_msgs/include/darknet_ros_msgs/msg/detail
[0.164s] -- Up-to-date: /home/adimas/zed_ros2/install/darknet_ros_msgs/include/darknet_ros_msgs/msg/detail/bounding_box__rosidl_typesupport_introspection_c.h
[0.164s] -- Up-to-date: /home/adimas/zed_ros2/install/darknet_ros_msgs/include/darknet_ros_msgs/msg/detail/object_count__type_support.c
[0.164s] -- Up-to-date: /home/adimas/zed_ros2/install/darknet_ros_msgs/include/darknet_ros_msgs/msg/detail/bounding_box__type_support.c
[0.164s] -- Up-to-date: /home/adimas/zed_ros2/install/darknet_ros_msgs/include/darknet_ros_msgs/msg/detail/object_count__rosidl_typesupport_introspection_c.h
[0.165s] -- Up-to-date: /home/adimas/zed_ros2/install/darknet_ros_msgs/include/darknet_ros_msgs/msg/detail/bounding_boxes__type_support.c
[0.165s] -- Up-to-date: /home/adimas/zed_ros2/install/darknet_ros_msgs/include/darknet_ros_msgs/msg/detail/bounding_boxes__rosidl_typesupport_introspection_c.h
[0.165s] -- Up-to-date: /home/adimas/zed_ros2/install/darknet_ros_msgs/lib/libdarknet_ros_msgs__rosidl_typesupport_introspection_c.so
[0.165s] -- Up-to-date: /home/adimas/zed_ros2/install/darknet_ros_msgs/lib/libdarknet_ros_msgs__rosidl_typesupport_c.so
[0.165s] -- Up-to-date: /home/adimas/zed_ros2/install/darknet_ros_msgs/include/darknet_ros_msgs
[0.165s] -- Up-to-date: /home/adimas/zed_ros2/install/darknet_ros_msgs/include/darknet_ros_msgs/action
[0.165s] -- Up-to-date: /home/adimas/zed_ros2/install/darknet_ros_msgs/include/darknet_ros_msgs/action/check_for_objects.hpp
[0.165s] -- Up-to-date: /home/adimas/zed_ros2/install/darknet_ros_msgs/include/darknet_ros_msgs/action/detail
[0.165s] -- Up-to-date: /home/adimas/zed_ros2/install/darknet_ros_msgs/include/darknet_ros_msgs/action/detail/check_for_objects__traits.hpp
[0.165s] -- Up-to-date: /home/adimas/zed_ros2/install/darknet_ros_msgs/include/darknet_ros_msgs/action/detail/check_for_objects__builder.hpp
[0.165s] -- Up-to-date: /home/adimas/zed_ros2/install/darknet_ros_msgs/include/darknet_ros_msgs/action/detail/check_for_objects__struct.hpp
[0.165s] -- Up-to-date: /home/adimas/zed_ros2/install/darknet_ros_msgs/include/darknet_ros_msgs/msg
[0.165s] -- Up-to-date: /home/adimas/zed_ros2/install/darknet_ros_msgs/include/darknet_ros_msgs/msg/object_count.hpp
[0.165s] -- Up-to-date: /home/adimas/zed_ros2/install/darknet_ros_msgs/include/darknet_ros_msgs/msg/bounding_box.hpp
[0.165s] -- Up-to-date: /home/adimas/zed_ros2/install/darknet_ros_msgs/include/darknet_ros_msgs/msg/bounding_boxes.hpp
[0.165s] -- Up-to-date: /home/adimas/zed_ros2/install/darknet_ros_msgs/include/darknet_ros_msgs/msg/detail
[0.165s] -- Up-to-date: /home/adimas/zed_ros2/install/darknet_ros_msgs/include/darknet_ros_msgs/msg/detail/bounding_boxes__struct.hpp
[0.165s] -- Up-to-date: /home/adimas/zed_ros2/install/darknet_ros_msgs/include/darknet_ros_msgs/msg/detail/bounding_boxes__traits.hpp
[0.165s] -- Up-to-date: /home/adimas/zed_ros2/install/darknet_ros_msgs/include/darknet_ros_msgs/msg/detail/object_count__struct.hpp
[0.165s] -- Up-to-date: /home/adimas/zed_ros2/install/darknet_ros_msgs/include/darknet_ros_msgs/msg/detail/bounding_box__builder.hpp
[0.166s] -- Up-to-date: /home/adimas/zed_ros2/install/darknet_ros_msgs/include/darknet_ros_msgs/msg/detail/object_count__builder.hpp
[0.166s] -- Up-to-date: /home/adimas/zed_ros2/install/darknet_ros_msgs/include/darknet_ros_msgs/msg/detail/bounding_boxes__builder.hpp
[0.166s] -- Up-to-date: /home/adimas/zed_ros2/install/darknet_ros_msgs/include/darknet_ros_msgs/msg/detail/object_count__traits.hpp
[0.166s] -- Up-to-date: /home/adimas/zed_ros2/install/darknet_ros_msgs/include/darknet_ros_msgs/msg/detail/bounding_box__struct.hpp
[0.166s] -- Up-to-date: /home/adimas/zed_ros2/install/darknet_ros_msgs/include/darknet_ros_msgs/msg/detail/bounding_box__traits.hpp
[0.166s] -- Up-to-date: /home/adimas/zed_ros2/install/darknet_ros_msgs/include/darknet_ros_msgs
[0.166s] -- Up-to-date: /home/adimas/zed_ros2/install/darknet_ros_msgs/include/darknet_ros_msgs/action
[0.166s] -- Up-to-date: /home/adimas/zed_ros2/install/darknet_ros_msgs/include/darknet_ros_msgs/action/detail
[0.166s] -- Up-to-date: /home/adimas/zed_ros2/install/darknet_ros_msgs/include/darknet_ros_msgs/action/detail/check_for_objects__rosidl_typesupport_introspection_cpp.hpp
[0.166s] -- Up-to-date: /home/adimas/zed_ros2/install/darknet_ros_msgs/include/darknet_ros_msgs/action/detail/check_for_objects__type_support.cpp
[0.166s] -- Up-to-date: /home/adimas/zed_ros2/install/darknet_ros_msgs/include/darknet_ros_msgs/msg
[0.166s] -- Up-to-date: /home/adimas/zed_ros2/install/darknet_ros_msgs/include/darknet_ros_msgs/msg/detail
[0.166s] -- Up-to-date: /home/adimas/zed_ros2/install/darknet_ros_msgs/include/darknet_ros_msgs/msg/detail/object_count__rosidl_typesupport_introspection_cpp.hpp
[0.166s] -- Up-to-date: /home/adimas/zed_ros2/install/darknet_ros_msgs/include/darknet_ros_msgs/msg/detail/bounding_box__rosidl_typesupport_introspection_cpp.hpp
[0.166s] -- Up-to-date: /home/adimas/zed_ros2/install/darknet_ros_msgs/include/darknet_ros_msgs/msg/detail/bounding_boxes__type_support.cpp
[0.166s] -- Up-to-date: /home/adimas/zed_ros2/install/darknet_ros_msgs/include/darknet_ros_msgs/msg/detail/object_count__type_support.cpp
[0.166s] -- Up-to-date: /home/adimas/zed_ros2/install/darknet_ros_msgs/include/darknet_ros_msgs/msg/detail/bounding_boxes__rosidl_typesupport_introspection_cpp.hpp
[0.166s] -- Up-to-date: /home/adimas/zed_ros2/install/darknet_ros_msgs/include/darknet_ros_msgs/msg/detail/bounding_box__type_support.cpp
[0.166s] -- Up-to-date: /home/adimas/zed_ros2/install/darknet_ros_msgs/lib/libdarknet_ros_msgs__rosidl_typesupport_introspection_cpp.so
[0.166s] -- Up-to-date: /home/adimas/zed_ros2/install/darknet_ros_msgs/lib/libdarknet_ros_msgs__rosidl_typesupport_cpp.so
[0.167s] -- Up-to-date: /home/adimas/zed_ros2/install/darknet_ros_msgs/share/darknet_ros_msgs/environment/pythonpath.sh
[0.167s] -- Up-to-date: /home/adimas/zed_ros2/install/darknet_ros_msgs/share/darknet_ros_msgs/environment/pythonpath.dsv
[0.167s] -- Up-to-date: /home/adimas/zed_ros2/install/darknet_ros_msgs/lib/python3.8/site-packages/darknet_ros_msgs/__init__.py
[0.188s] -- Up-to-date: /home/adimas/zed_ros2/install/darknet_ros_msgs/lib/python3.8/site-packages/darknet_ros_msgs/msg
[0.188s] -- Up-to-date: /home/adimas/zed_ros2/install/darknet_ros_msgs/lib/python3.8/site-packages/darknet_ros_msgs/msg/_bounding_box.py
[0.188s] -- Up-to-date: /home/adimas/zed_ros2/install/darknet_ros_msgs/lib/python3.8/site-packages/darknet_ros_msgs/msg/_bounding_boxes.py
[0.188s] -- Up-to-date: /home/adimas/zed_ros2/install/darknet_ros_msgs/lib/python3.8/site-packages/darknet_ros_msgs/msg/__init__.py
[0.188s] -- Up-to-date: /home/adimas/zed_ros2/install/darknet_ros_msgs/lib/python3.8/site-packages/darknet_ros_msgs/msg/_bounding_box_s.c
[0.188s] -- Up-to-date: /home/adimas/zed_ros2/install/darknet_ros_msgs/lib/python3.8/site-packages/darknet_ros_msgs/msg/_object_count_s.c
[0.188s] -- Up-to-date: /home/adimas/zed_ros2/install/darknet_ros_msgs/lib/python3.8/site-packages/darknet_ros_msgs/msg/_object_count.py
[0.188s] -- Up-to-date: /home/adimas/zed_ros2/install/darknet_ros_msgs/lib/python3.8/site-packages/darknet_ros_msgs/msg/_bounding_boxes_s.c
[0.188s] -- Up-to-date: /home/adimas/zed_ros2/install/darknet_ros_msgs/lib/python3.8/site-packages/darknet_ros_msgs/action
[0.188s] -- Up-to-date: /home/adimas/zed_ros2/install/darknet_ros_msgs/lib/python3.8/site-packages/darknet_ros_msgs/action/_check_for_objects_s.c
[0.189s] -- Up-to-date: /home/adimas/zed_ros2/install/darknet_ros_msgs/lib/python3.8/site-packages/darknet_ros_msgs/action/__init__.py
[0.189s] -- Up-to-date: /home/adimas/zed_ros2/install/darknet_ros_msgs/lib/python3.8/site-packages/darknet_ros_msgs/action/_check_for_objects.py
[0.189s] -- Up-to-date: /home/adimas/zed_ros2/install/darknet_ros_msgs/lib/python3.8/site-packages/darknet_ros_msgs/darknet_ros_msgs_s__rosidl_typesupport_fastrtps_c.cpython-38-x86_64-linux-gnu.so
[0.189s] -- Up-to-date: /home/adimas/zed_ros2/install/darknet_ros_msgs/lib/python3.8/site-packages/darknet_ros_msgs/darknet_ros_msgs_s__rosidl_typesupport_introspection_c.cpython-38-x86_64-linux-gnu.so
[0.189s] -- Up-to-date: /home/adimas/zed_ros2/install/darknet_ros_msgs/lib/python3.8/site-packages/darknet_ros_msgs/darknet_ros_msgs_s__rosidl_typesupport_c.cpython-38-x86_64-linux-gnu.so
[0.189s] -- Up-to-date: /home/adimas/zed_ros2/install/darknet_ros_msgs/lib/libdarknet_ros_msgs__python.so
[0.189s] -- Up-to-date: /home/adimas/zed_ros2/install/darknet_ros_msgs/share/darknet_ros_msgs/msg/BoundingBox.idl
[0.189s] -- Up-to-date: /home/adimas/zed_ros2/install/darknet_ros_msgs/share/darknet_ros_msgs/msg/BoundingBoxes.idl
[0.189s] -- Up-to-date: /home/adimas/zed_ros2/install/darknet_ros_msgs/share/darknet_ros_msgs/msg/ObjectCount.idl
[0.189s] -- Up-to-date: /home/adimas/zed_ros2/install/darknet_ros_msgs/share/darknet_ros_msgs/action/CheckForObjects.idl
[0.189s] -- Up-to-date: /home/adimas/zed_ros2/install/darknet_ros_msgs/share/darknet_ros_msgs/msg/BoundingBox.msg
[0.189s] -- Up-to-date: /home/adimas/zed_ros2/install/darknet_ros_msgs/share/darknet_ros_msgs/msg/BoundingBoxes.msg
[0.189s] -- Up-to-date: /home/adimas/zed_ros2/install/darknet_ros_msgs/share/darknet_ros_msgs/msg/ObjectCount.msg
[0.189s] -- Up-to-date: /home/adimas/zed_ros2/install/darknet_ros_msgs/share/darknet_ros_msgs/action/CheckForObjects.action
[0.189s] -- Up-to-date: /home/adimas/zed_ros2/install/darknet_ros_msgs/share/ament_index/resource_index/package_run_dependencies/darknet_ros_msgs
[0.190s] -- Up-to-date: /home/adimas/zed_ros2/install/darknet_ros_msgs/share/ament_index/resource_index/parent_prefix_path/darknet_ros_msgs
[0.190s] -- Up-to-date: /home/adimas/zed_ros2/install/darknet_ros_msgs/share/darknet_ros_msgs/environment/ament_prefix_path.sh
[0.190s] -- Up-to-date: /home/adimas/zed_ros2/install/darknet_ros_msgs/share/darknet_ros_msgs/environment/ament_prefix_path.dsv
[0.190s] -- Up-to-date: /home/adimas/zed_ros2/install/darknet_ros_msgs/share/darknet_ros_msgs/environment/path.sh
[0.190s] -- Up-to-date: /home/adimas/zed_ros2/install/darknet_ros_msgs/share/darknet_ros_msgs/environment/path.dsv
[0.190s] -- Up-to-date: /home/adimas/zed_ros2/install/darknet_ros_msgs/share/darknet_ros_msgs/local_setup.bash
[0.190s] -- Up-to-date: /home/adimas/zed_ros2/install/darknet_ros_msgs/share/darknet_ros_msgs/local_setup.sh
[0.190s] -- Up-to-date: /home/adimas/zed_ros2/install/darknet_ros_msgs/share/darknet_ros_msgs/local_setup.zsh
[0.190s] -- Up-to-date: /home/adimas/zed_ros2/install/darknet_ros_msgs/share/darknet_ros_msgs/local_setup.dsv
[0.190s] -- Installing: /home/adimas/zed_ros2/install/darknet_ros_msgs/share/darknet_ros_msgs/package.dsv
[0.190s] -- Up-to-date: /home/adimas/zed_ros2/install/darknet_ros_msgs/share/ament_index/resource_index/packages/darknet_ros_msgs
[0.190s] -- Up-to-date: /home/adimas/zed_ros2/install/darknet_ros_msgs/share/darknet_ros_msgs/cmake/darknet_ros_msgs__rosidl_generator_cExport.cmake
[0.190s] -- Up-to-date: /home/adimas/zed_ros2/install/darknet_ros_msgs/share/darknet_ros_msgs/cmake/darknet_ros_msgs__rosidl_generator_cExport-noconfig.cmake
[0.190s] -- Up-to-date: /home/adimas/zed_ros2/install/darknet_ros_msgs/share/darknet_ros_msgs/cmake/darknet_ros_msgs__rosidl_typesupport_introspection_cExport.cmake
[0.190s] -- Up-to-date: /home/adimas/zed_ros2/install/darknet_ros_msgs/share/darknet_ros_msgs/cmake/darknet_ros_msgs__rosidl_typesupport_introspection_cExport-noconfig.cmake
[0.190s] -- Up-to-date: /home/adimas/zed_ros2/install/darknet_ros_msgs/share/darknet_ros_msgs/cmake/darknet_ros_msgs__rosidl_typesupport_cExport.cmake
[0.190s] -- Up-to-date: /home/adimas/zed_ros2/install/darknet_ros_msgs/share/darknet_ros_msgs/cmake/darknet_ros_msgs__rosidl_typesupport_cExport-noconfig.cmake
[0.190s] -- Up-to-date: /home/adimas/zed_ros2/install/darknet_ros_msgs/share/darknet_ros_msgs/cmake/darknet_ros_msgs__rosidl_generator_cppExport.cmake
[0.191s] -- Up-to-date: /home/adimas/zed_ros2/install/darknet_ros_msgs/share/darknet_ros_msgs/cmake/darknet_ros_msgs__rosidl_typesupport_introspection_cppExport.cmake
[0.191s] -- Up-to-date: /home/adimas/zed_ros2/install/darknet_ros_msgs/share/darknet_ros_msgs/cmake/darknet_ros_msgs__rosidl_typesupport_introspection_cppExport-noconfig.cmake
[0.191s] -- Up-to-date: /home/adimas/zed_ros2/install/darknet_ros_msgs/share/darknet_ros_msgs/cmake/darknet_ros_msgs__rosidl_typesupport_cppExport.cmake
[0.191s] -- Up-to-date: /home/adimas/zed_ros2/install/darknet_ros_msgs/share/darknet_ros_msgs/cmake/darknet_ros_msgs__rosidl_typesupport_cppExport-noconfig.cmake
[0.191s] -- Up-to-date: /home/adimas/zed_ros2/install/darknet_ros_msgs/share/darknet_ros_msgs/cmake/rosidl_cmake-extras.cmake
[0.191s] -- Up-to-date: /home/adimas/zed_ros2/install/darknet_ros_msgs/share/darknet_ros_msgs/cmake/ament_cmake_export_dependencies-extras.cmake
[0.192s] -- Up-to-date: /home/adimas/zed_ros2/install/darknet_ros_msgs/share/darknet_ros_msgs/cmake/ament_cmake_export_libraries-extras.cmake
[0.192s] -- Up-to-date: /home/adimas/zed_ros2/install/darknet_ros_msgs/share/darknet_ros_msgs/cmake/ament_cmake_export_targets-extras.cmake
[0.193s] -- Up-to-date: /home/adimas/zed_ros2/install/darknet_ros_msgs/share/darknet_ros_msgs/cmake/ament_cmake_export_include_directories-extras.cmake
[0.193s] -- Up-to-date: /home/adimas/zed_ros2/install/darknet_ros_msgs/share/darknet_ros_msgs/cmake/rosidl_cmake_export_typesupport_libraries-extras.cmake
[0.193s] -- Up-to-date: /home/adimas/zed_ros2/install/darknet_ros_msgs/share/darknet_ros_msgs/cmake/rosidl_cmake_export_typesupport_targets-extras.cmake
[0.193s] -- Up-to-date: /home/adimas/zed_ros2/install/darknet_ros_msgs/share/darknet_ros_msgs/cmake/darknet_ros_msgsConfig.cmake
[0.193s] -- Up-to-date: /home/adimas/zed_ros2/install/darknet_ros_msgs/share/darknet_ros_msgs/cmake/darknet_ros_msgsConfig-version.cmake
[0.193s] -- Up-to-date: /home/adimas/zed_ros2/install/darknet_ros_msgs/share/darknet_ros_msgs/package.xml
[0.193s] Invoked command in '/home/adimas/zed_ros2/build/darknet_ros_msgs' returned '0': CMAKE_PREFIX_PATH=${CMAKE_PREFIX_PATH}:/opt/ros/foxy /usr/bin/cmake --install /home/adimas/zed_ros2/build/darknet_ros_msgs
