[0.243s] DEBUG:colcon:Command line arguments: ['/usr/bin/colcon', 'build']
[0.243s] DEBUG:colcon:Parsed command line arguments: Namespace(allow_overriding=[], ament_cmake_args=None, base_paths=['.'], build_base='build', catkin_cmake_args=None, catkin_skip_building_tests=False, cmake_args=None, cmake_clean_cache=False, cmake_clean_first=False, cmake_force_configure=False, cmake_target=None, cmake_target_skip_unavailable=False, continue_on_error=False, event_handlers=None, executor='parallel', ignore_user_meta=False, install_base='install', log_base=None, log_level=None, main=<bound method BuildVerb.main of <colcon_core.verb.build.BuildVerb object at 0x7f6478cc1610>>, merge_install=False, metas=['./colcon.meta'], packages_above=None, packages_above_and_dependencies=None, packages_above_depth=None, packages_end=None, packages_ignore=None, packages_ignore_regex=None, packages_select=None, packages_select_build_failed=False, packages_select_by_dep=None, packages_select_regex=None, packages_select_test_failures=False, packages_skip=None, packages_skip_build_finished=False, packages_skip_by_dep=None, packages_skip_regex=None, packages_skip_test_passed=False, packages_skip_up_to=None, packages_start=None, packages_up_to=None, packages_up_to_regex=None, parallel_workers=8, paths=None, symlink_install=False, test_result_base=None, verb_extension=<colcon_core.verb.build.BuildVerb object at 0x7f6478cc1610>, verb_name='build', verb_parser=<colcon_defaults.argument_parser.defaults.DefaultArgumentsDecorator object at 0x7f6478cc1b50>)
[0.263s] Level 1:colcon.colcon_core.package_discovery:discover_packages(colcon_meta) check parameters
[0.263s] Level 1:colcon.colcon_core.package_discovery:discover_packages(recursive) check parameters
[0.263s] Level 1:colcon.colcon_core.package_discovery:discover_packages(ignore) check parameters
[0.263s] Level 1:colcon.colcon_core.package_discovery:discover_packages(path) check parameters
[0.263s] Level 1:colcon.colcon_core.package_discovery:discover_packages(colcon_meta) discover
[0.264s] Level 1:colcon.colcon_core.package_discovery:discover_packages(recursive) discover
[0.264s] INFO:colcon.colcon_core.package_discovery:Crawling recursively for packages in '/home/adimas/zed_ros2'
[0.264s] Level 1:colcon.colcon_core.package_identification:_identify(.) by extensions ['ignore', 'ignore_ament_install']
[0.264s] Level 1:colcon.colcon_core.package_identification:_identify(.) by extension 'ignore'
[0.264s] Level 1:colcon.colcon_core.package_identification:_identify(.) by extension 'ignore_ament_install'
[0.264s] Level 1:colcon.colcon_core.package_identification:_identify(.) by extensions ['colcon_pkg']
[0.264s] Level 1:colcon.colcon_core.package_identification:_identify(.) by extension 'colcon_pkg'
[0.264s] Level 1:colcon.colcon_core.package_identification:_identify(.) by extensions ['colcon_meta']
[0.264s] Level 1:colcon.colcon_core.package_identification:_identify(.) by extension 'colcon_meta'
[0.264s] Level 1:colcon.colcon_core.package_identification:_identify(.) by extensions ['ros']
[0.264s] Level 1:colcon.colcon_core.package_identification:_identify(.) by extension 'ros'
[0.279s] Level 1:colcon.colcon_core.package_identification:_identify(.) by extensions ['cmake', 'python']
[0.279s] Level 1:colcon.colcon_core.package_identification:_identify(.) by extension 'cmake'
[0.279s] Level 1:colcon.colcon_core.package_identification:_identify(.) by extension 'python'
[0.279s] Level 1:colcon.colcon_core.package_identification:_identify(.) by extensions ['python_setup_py']
[0.279s] Level 1:colcon.colcon_core.package_identification:_identify(.) by extension 'python_setup_py'
[0.279s] Level 1:colcon.colcon_core.package_identification:_identify(build) by extensions ['ignore', 'ignore_ament_install']
[0.279s] Level 1:colcon.colcon_core.package_identification:_identify(build) by extension 'ignore'
[0.280s] Level 1:colcon.colcon_core.package_identification:_identify(build) ignored
[0.280s] Level 1:colcon.colcon_core.package_identification:_identify(install) by extensions ['ignore', 'ignore_ament_install']
[0.280s] Level 1:colcon.colcon_core.package_identification:_identify(install) by extension 'ignore'
[0.280s] Level 1:colcon.colcon_core.package_identification:_identify(install) ignored
[0.280s] Level 1:colcon.colcon_core.package_identification:_identify(log) by extensions ['ignore', 'ignore_ament_install']
[0.280s] Level 1:colcon.colcon_core.package_identification:_identify(log) by extension 'ignore'
[0.280s] Level 1:colcon.colcon_core.package_identification:_identify(log) ignored
[0.280s] Level 1:colcon.colcon_core.package_identification:_identify(src) by extensions ['ignore', 'ignore_ament_install']
[0.280s] Level 1:colcon.colcon_core.package_identification:_identify(src) by extension 'ignore'
[0.280s] Level 1:colcon.colcon_core.package_identification:_identify(src) by extension 'ignore_ament_install'
[0.280s] Level 1:colcon.colcon_core.package_identification:_identify(src) by extensions ['colcon_pkg']
[0.280s] Level 1:colcon.colcon_core.package_identification:_identify(src) by extension 'colcon_pkg'
[0.280s] Level 1:colcon.colcon_core.package_identification:_identify(src) by extensions ['colcon_meta']
[0.280s] Level 1:colcon.colcon_core.package_identification:_identify(src) by extension 'colcon_meta'
[0.280s] Level 1:colcon.colcon_core.package_identification:_identify(src) by extensions ['ros']
[0.280s] Level 1:colcon.colcon_core.package_identification:_identify(src) by extension 'ros'
[0.280s] Level 1:colcon.colcon_core.package_identification:_identify(src) by extensions ['cmake', 'python']
[0.280s] Level 1:colcon.colcon_core.package_identification:_identify(src) by extension 'cmake'
[0.281s] Level 1:colcon.colcon_core.package_identification:_identify(src) by extension 'python'
[0.281s] Level 1:colcon.colcon_core.package_identification:_identify(src) by extensions ['python_setup_py']
[0.281s] Level 1:colcon.colcon_core.package_identification:_identify(src) by extension 'python_setup_py'
[0.281s] Level 1:colcon.colcon_core.package_identification:_identify(src/depth) by extensions ['ignore', 'ignore_ament_install']
[0.281s] Level 1:colcon.colcon_core.package_identification:_identify(src/depth) by extension 'ignore'
[0.281s] Level 1:colcon.colcon_core.package_identification:_identify(src/depth) by extension 'ignore_ament_install'
[0.281s] Level 1:colcon.colcon_core.package_identification:_identify(src/depth) by extensions ['colcon_pkg']
[0.281s] Level 1:colcon.colcon_core.package_identification:_identify(src/depth) by extension 'colcon_pkg'
[0.281s] Level 1:colcon.colcon_core.package_identification:_identify(src/depth) by extensions ['colcon_meta']
[0.281s] Level 1:colcon.colcon_core.package_identification:_identify(src/depth) by extension 'colcon_meta'
[0.281s] Level 1:colcon.colcon_core.package_identification:_identify(src/depth) by extensions ['ros']
[0.281s] Level 1:colcon.colcon_core.package_identification:_identify(src/depth) by extension 'ros'
[0.283s] DEBUG:colcon.colcon_core.package_identification:Package 'src/depth' with type 'ros.ament_cmake' and name 'depth'
[0.283s] Level 1:colcon.colcon_core.package_identification:_identify(src/open_cam) by extensions ['ignore', 'ignore_ament_install']
[0.283s] Level 1:colcon.colcon_core.package_identification:_identify(src/open_cam) by extension 'ignore'
[0.283s] Level 1:colcon.colcon_core.package_identification:_identify(src/open_cam) by extension 'ignore_ament_install'
[0.283s] Level 1:colcon.colcon_core.package_identification:_identify(src/open_cam) by extensions ['colcon_pkg']
[0.283s] Level 1:colcon.colcon_core.package_identification:_identify(src/open_cam) by extension 'colcon_pkg'
[0.283s] Level 1:colcon.colcon_core.package_identification:_identify(src/open_cam) by extensions ['colcon_meta']
[0.283s] Level 1:colcon.colcon_core.package_identification:_identify(src/open_cam) by extension 'colcon_meta'
[0.284s] Level 1:colcon.colcon_core.package_identification:_identify(src/open_cam) by extensions ['ros']
[0.284s] Level 1:colcon.colcon_core.package_identification:_identify(src/open_cam) by extension 'ros'
[0.284s] DEBUG:colcon.colcon_core.package_identification:Package 'src/open_cam' with type 'ros.ament_cmake' and name 'open_cam'
[0.284s] Level 1:colcon.colcon_core.package_discovery:discover_packages(recursive) using defaults
[0.284s] Level 1:colcon.colcon_core.package_discovery:discover_packages(ignore) discover
[0.284s] Level 1:colcon.colcon_core.package_discovery:discover_packages(ignore) using defaults
[0.284s] Level 1:colcon.colcon_core.package_discovery:discover_packages(path) discover
[0.284s] Level 1:colcon.colcon_core.package_discovery:discover_packages(path) using defaults
[0.300s] Level 1:colcon.colcon_core.package_discovery:discover_packages(prefix_path) check parameters
[0.300s] Level 1:colcon.colcon_core.package_discovery:discover_packages(prefix_path) discover
[0.302s] DEBUG:colcon.colcon_installed_package_information.package_discovery:Found 2 installed packages in /home/adimas/zed_ros2/install
[0.303s] DEBUG:colcon.colcon_installed_package_information.package_discovery:Found 259 installed packages in /opt/ros/foxy
[0.304s] Level 1:colcon.colcon_core.package_discovery:discover_packages(prefix_path) using defaults
[0.357s] Level 5:colcon.colcon_core.verb:set package 'depth' build argument 'cmake_args' from command line to 'None'
[0.357s] Level 5:colcon.colcon_core.verb:set package 'depth' build argument 'cmake_target' from command line to 'None'
[0.357s] Level 5:colcon.colcon_core.verb:set package 'depth' build argument 'cmake_target_skip_unavailable' from command line to 'False'
[0.357s] Level 5:colcon.colcon_core.verb:set package 'depth' build argument 'cmake_clean_cache' from command line to 'False'
[0.357s] Level 5:colcon.colcon_core.verb:set package 'depth' build argument 'cmake_clean_first' from command line to 'False'
[0.357s] Level 5:colcon.colcon_core.verb:set package 'depth' build argument 'cmake_force_configure' from command line to 'False'
[0.357s] Level 5:colcon.colcon_core.verb:set package 'depth' build argument 'ament_cmake_args' from command line to 'None'
[0.357s] Level 5:colcon.colcon_core.verb:set package 'depth' build argument 'catkin_cmake_args' from command line to 'None'
[0.357s] Level 5:colcon.colcon_core.verb:set package 'depth' build argument 'catkin_skip_building_tests' from command line to 'False'
[0.357s] DEBUG:colcon.colcon_core.verb:Building package 'depth' with the following arguments: {'ament_cmake_args': None, 'build_base': '/home/adimas/zed_ros2/build/depth', 'catkin_cmake_args': None, 'catkin_skip_building_tests': False, 'cmake_args': None, 'cmake_clean_cache': False, 'cmake_clean_first': False, 'cmake_force_configure': False, 'cmake_target': None, 'cmake_target_skip_unavailable': False, 'install_base': '/home/adimas/zed_ros2/install/depth', 'merge_install': False, 'path': '/home/adimas/zed_ros2/src/depth', 'symlink_install': False, 'test_result_base': None}
[0.358s] Level 5:colcon.colcon_core.verb:set package 'open_cam' build argument 'cmake_args' from command line to 'None'
[0.358s] Level 5:colcon.colcon_core.verb:set package 'open_cam' build argument 'cmake_target' from command line to 'None'
[0.358s] Level 5:colcon.colcon_core.verb:set package 'open_cam' build argument 'cmake_target_skip_unavailable' from command line to 'False'
[0.358s] Level 5:colcon.colcon_core.verb:set package 'open_cam' build argument 'cmake_clean_cache' from command line to 'False'
[0.358s] Level 5:colcon.colcon_core.verb:set package 'open_cam' build argument 'cmake_clean_first' from command line to 'False'
[0.358s] Level 5:colcon.colcon_core.verb:set package 'open_cam' build argument 'cmake_force_configure' from command line to 'False'
[0.358s] Level 5:colcon.colcon_core.verb:set package 'open_cam' build argument 'ament_cmake_args' from command line to 'None'
[0.358s] Level 5:colcon.colcon_core.verb:set package 'open_cam' build argument 'catkin_cmake_args' from command line to 'None'
[0.358s] Level 5:colcon.colcon_core.verb:set package 'open_cam' build argument 'catkin_skip_building_tests' from command line to 'False'
[0.358s] DEBUG:colcon.colcon_core.verb:Building package 'open_cam' with the following arguments: {'ament_cmake_args': None, 'build_base': '/home/adimas/zed_ros2/build/open_cam', 'catkin_cmake_args': None, 'catkin_skip_building_tests': False, 'cmake_args': None, 'cmake_clean_cache': False, 'cmake_clean_first': False, 'cmake_force_configure': False, 'cmake_target': None, 'cmake_target_skip_unavailable': False, 'install_base': '/home/adimas/zed_ros2/install/open_cam', 'merge_install': False, 'path': '/home/adimas/zed_ros2/src/open_cam', 'symlink_install': False, 'test_result_base': None}
[0.359s] INFO:colcon.colcon_core.executor:Executing jobs using 'parallel' executor
[0.362s] DEBUG:colcon.colcon_parallel_executor.executor.parallel:run_until_complete
[0.362s] INFO:colcon.colcon_ros.task.ament_cmake.build:Building ROS package in '/home/adimas/zed_ros2/src/depth' with build type 'ament_cmake'
[0.362s] INFO:colcon.colcon_cmake.task.cmake.build:Building CMake package in '/home/adimas/zed_ros2/src/depth'
[0.365s] INFO:colcon.colcon_core.plugin_system:Skipping extension 'colcon_core.shell.bat': Not used on non-Windows systems
[0.365s] INFO:colcon.colcon_core.shell:Skip shell extension 'powershell' for command environment: Not usable outside of PowerShell
[0.365s] DEBUG:colcon.colcon_core.shell:Skip shell extension 'dsv' for command environment
[0.370s] INFO:colcon.colcon_ros.task.ament_cmake.build:Building ROS package in '/home/adimas/zed_ros2/src/open_cam' with build type 'ament_cmake'
[0.370s] INFO:colcon.colcon_cmake.task.cmake.build:Building CMake package in '/home/adimas/zed_ros2/src/open_cam'
[0.371s] INFO:colcon.colcon_core.shell:Skip shell extension 'powershell' for command environment: Not usable outside of PowerShell
[0.371s] DEBUG:colcon.colcon_core.shell:Skip shell extension 'dsv' for command environment
[0.382s] DEBUG:colcon.colcon_core.event_handler.log_command:Invoking command in '/home/adimas/zed_ros2/build/depth': CMAKE_PREFIX_PATH=${CMAKE_PREFIX_PATH}:/opt/ros/foxy /usr/bin/cmake --build /home/adimas/zed_ros2/build/depth -- -j8 -l8
[0.386s] DEBUG:colcon.colcon_core.event_handler.log_command:Invoking command in '/home/adimas/zed_ros2/build/open_cam': CMAKE_PREFIX_PATH=${CMAKE_PREFIX_PATH}:/opt/ros/foxy /usr/bin/cmake --build /home/adimas/zed_ros2/build/open_cam -- -j8 -l8
[0.408s] DEBUG:colcon.colcon_core.event_handler.log_command:Invoked command in '/home/adimas/zed_ros2/build/depth' returned '0': CMAKE_PREFIX_PATH=${CMAKE_PREFIX_PATH}:/opt/ros/foxy /usr/bin/cmake --build /home/adimas/zed_ros2/build/depth -- -j8 -l8
[0.415s] DEBUG:colcon.colcon_core.event_handler.log_command:Invoked command in '/home/adimas/zed_ros2/build/open_cam' returned '0': CMAKE_PREFIX_PATH=${CMAKE_PREFIX_PATH}:/opt/ros/foxy /usr/bin/cmake --build /home/adimas/zed_ros2/build/open_cam -- -j8 -l8
[0.425s] DEBUG:colcon.colcon_core.event_handler.log_command:Invoking command in '/home/adimas/zed_ros2/build/depth': CMAKE_PREFIX_PATH=${CMAKE_PREFIX_PATH}:/opt/ros/foxy /usr/bin/cmake --install /home/adimas/zed_ros2/build/depth
[0.428s] DEBUG:colcon.colcon_core.event_handler.log_command:Invoking command in '/home/adimas/zed_ros2/build/open_cam': CMAKE_PREFIX_PATH=${CMAKE_PREFIX_PATH}:/opt/ros/foxy /usr/bin/cmake --install /home/adimas/zed_ros2/build/open_cam
[0.430s] Level 1:colcon.colcon_core.environment:create_environment_scripts_only(depth)
[0.433s] DEBUG:colcon.colcon_core.event_handler.log_command:Invoked command in '/home/adimas/zed_ros2/build/depth' returned '0': CMAKE_PREFIX_PATH=${CMAKE_PREFIX_PATH}:/opt/ros/foxy /usr/bin/cmake --install /home/adimas/zed_ros2/build/depth
[0.437s] Level 1:colcon.colcon_core.environment:checking '/home/adimas/zed_ros2/install/depth' for CMake module files
[0.438s] Level 1:colcon.colcon_core.environment:checking '/home/adimas/zed_ros2/install/depth' for CMake config files
[0.438s] Level 1:colcon.colcon_core.shell:create_environment_hook('depth', 'cmake_prefix_path')
[0.439s] INFO:colcon.colcon_core.shell:Creating environment hook '/home/adimas/zed_ros2/install/depth/share/depth/hook/cmake_prefix_path.ps1'
[0.439s] INFO:colcon.colcon_core.shell:Creating environment descriptor '/home/adimas/zed_ros2/install/depth/share/depth/hook/cmake_prefix_path.dsv'
[0.440s] INFO:colcon.colcon_core.shell:Creating environment hook '/home/adimas/zed_ros2/install/depth/share/depth/hook/cmake_prefix_path.sh'
[0.440s] Level 1:colcon.colcon_core.environment:checking '/home/adimas/zed_ros2/install/depth/bin'
[0.440s] Level 1:colcon.colcon_core.shell:create_environment_hook('depth', 'path')
[0.441s] INFO:colcon.colcon_core.shell:Creating environment hook '/home/adimas/zed_ros2/install/depth/share/depth/hook/path.ps1'
[0.442s] INFO:colcon.colcon_core.shell:Creating environment descriptor '/home/adimas/zed_ros2/install/depth/share/depth/hook/path.dsv'
[0.442s] INFO:colcon.colcon_core.shell:Creating environment hook '/home/adimas/zed_ros2/install/depth/share/depth/hook/path.sh'
[0.442s] Level 1:colcon.colcon_core.environment:checking '/home/adimas/zed_ros2/install/depth/lib/pkgconfig/depth.pc'
[0.442s] Level 1:colcon.colcon_core.environment:checking '/home/adimas/zed_ros2/install/depth/lib/python3.8/site-packages'
[0.442s] Level 1:colcon.colcon_core.environment:checking '/home/adimas/zed_ros2/install/depth/bin'
[0.442s] Level 1:colcon.colcon_core.shell:create_environment_hook('depth', 'pythonscriptspath')
[0.443s] INFO:colcon.colcon_core.shell:Creating environment hook '/home/adimas/zed_ros2/install/depth/share/depth/hook/pythonscriptspath.ps1'
[0.444s] INFO:colcon.colcon_core.shell:Creating environment descriptor '/home/adimas/zed_ros2/install/depth/share/depth/hook/pythonscriptspath.dsv'
[0.444s] INFO:colcon.colcon_core.shell:Creating environment hook '/home/adimas/zed_ros2/install/depth/share/depth/hook/pythonscriptspath.sh'
[0.445s] INFO:colcon.colcon_core.shell:Creating package script '/home/adimas/zed_ros2/install/depth/share/depth/package.ps1'
[0.446s] INFO:colcon.colcon_core.shell:Creating package descriptor '/home/adimas/zed_ros2/install/depth/share/depth/package.dsv'
[0.446s] INFO:colcon.colcon_core.shell:Creating package script '/home/adimas/zed_ros2/install/depth/share/depth/package.sh'
[0.447s] INFO:colcon.colcon_core.shell:Creating package script '/home/adimas/zed_ros2/install/depth/share/depth/package.bash'
[0.447s] INFO:colcon.colcon_core.shell:Creating package script '/home/adimas/zed_ros2/install/depth/share/depth/package.zsh'
[0.448s] Level 1:colcon.colcon_core.environment:create_file_with_runtime_dependencies(/home/adimas/zed_ros2/install/depth/share/colcon-core/packages/depth)
[0.451s] Level 1:colcon.colcon_core.environment:create_environment_scripts_only(open_cam)
[0.452s] Level 1:colcon.colcon_core.environment:checking '/home/adimas/zed_ros2/install/open_cam' for CMake module files
[0.453s] DEBUG:colcon.colcon_core.event_handler.log_command:Invoked command in '/home/adimas/zed_ros2/build/open_cam' returned '0': CMAKE_PREFIX_PATH=${CMAKE_PREFIX_PATH}:/opt/ros/foxy /usr/bin/cmake --install /home/adimas/zed_ros2/build/open_cam
[0.453s] Level 1:colcon.colcon_core.environment:checking '/home/adimas/zed_ros2/install/open_cam' for CMake config files
[0.453s] Level 1:colcon.colcon_core.shell:create_environment_hook('open_cam', 'cmake_prefix_path')
[0.454s] INFO:colcon.colcon_core.shell:Creating environment hook '/home/adimas/zed_ros2/install/open_cam/share/open_cam/hook/cmake_prefix_path.ps1'
[0.455s] INFO:colcon.colcon_core.shell:Creating environment descriptor '/home/adimas/zed_ros2/install/open_cam/share/open_cam/hook/cmake_prefix_path.dsv'
[0.455s] INFO:colcon.colcon_core.shell:Creating environment hook '/home/adimas/zed_ros2/install/open_cam/share/open_cam/hook/cmake_prefix_path.sh'
[0.455s] Level 1:colcon.colcon_core.environment:checking '/home/adimas/zed_ros2/install/open_cam/lib'
[0.456s] Level 1:colcon.colcon_core.environment:checking '/home/adimas/zed_ros2/install/open_cam/bin'
[0.456s] Level 1:colcon.colcon_core.environment:checking '/home/adimas/zed_ros2/install/open_cam/lib/pkgconfig/open_cam.pc'
[0.456s] Level 1:colcon.colcon_core.environment:checking '/home/adimas/zed_ros2/install/open_cam/lib/python3.8/site-packages'
[0.456s] Level 1:colcon.colcon_core.environment:checking '/home/adimas/zed_ros2/install/open_cam/bin'
[0.457s] INFO:colcon.colcon_core.shell:Creating package script '/home/adimas/zed_ros2/install/open_cam/share/open_cam/package.ps1'
[0.458s] INFO:colcon.colcon_core.shell:Creating package descriptor '/home/adimas/zed_ros2/install/open_cam/share/open_cam/package.dsv'
[0.458s] INFO:colcon.colcon_core.shell:Creating package script '/home/adimas/zed_ros2/install/open_cam/share/open_cam/package.sh'
[0.458s] INFO:colcon.colcon_core.shell:Creating package script '/home/adimas/zed_ros2/install/open_cam/share/open_cam/package.bash'
[0.458s] INFO:colcon.colcon_core.shell:Creating package script '/home/adimas/zed_ros2/install/open_cam/share/open_cam/package.zsh'
[0.459s] Level 1:colcon.colcon_core.environment:create_file_with_runtime_dependencies(/home/adimas/zed_ros2/install/open_cam/share/colcon-core/packages/open_cam)
[0.462s] Level 1:colcon.colcon_core.environment:create_environment_scripts_only(depth)
[0.464s] Level 1:colcon.colcon_core.environment:checking '/home/adimas/zed_ros2/install/depth' for CMake module files
[0.465s] Level 1:colcon.colcon_core.environment:checking '/home/adimas/zed_ros2/install/depth' for CMake config files
[0.465s] Level 1:colcon.colcon_core.shell:create_environment_hook('depth', 'cmake_prefix_path')
[0.466s] INFO:colcon.colcon_core.shell:Creating environment hook '/home/adimas/zed_ros2/install/depth/share/depth/hook/cmake_prefix_path.ps1'
[0.466s] INFO:colcon.colcon_core.shell:Creating environment descriptor '/home/adimas/zed_ros2/install/depth/share/depth/hook/cmake_prefix_path.dsv'
[0.466s] INFO:colcon.colcon_core.shell:Creating environment hook '/home/adimas/zed_ros2/install/depth/share/depth/hook/cmake_prefix_path.sh'
[0.467s] Level 1:colcon.colcon_core.environment:checking '/home/adimas/zed_ros2/install/depth/bin'
[0.467s] Level 1:colcon.colcon_core.shell:create_environment_hook('depth', 'path')
[0.468s] INFO:colcon.colcon_core.shell:Creating environment hook '/home/adimas/zed_ros2/install/depth/share/depth/hook/path.ps1'
[0.468s] INFO:colcon.colcon_core.shell:Creating environment descriptor '/home/adimas/zed_ros2/install/depth/share/depth/hook/path.dsv'
[0.468s] INFO:colcon.colcon_core.shell:Creating environment hook '/home/adimas/zed_ros2/install/depth/share/depth/hook/path.sh'
[0.469s] Level 1:colcon.colcon_core.environment:checking '/home/adimas/zed_ros2/install/depth/lib/pkgconfig/depth.pc'
[0.469s] Level 1:colcon.colcon_core.environment:checking '/home/adimas/zed_ros2/install/depth/lib/python3.8/site-packages'
[0.469s] Level 1:colcon.colcon_core.environment:checking '/home/adimas/zed_ros2/install/depth/bin'
[0.469s] Level 1:colcon.colcon_core.shell:create_environment_hook('depth', 'pythonscriptspath')
[0.470s] INFO:colcon.colcon_core.shell:Creating environment hook '/home/adimas/zed_ros2/install/depth/share/depth/hook/pythonscriptspath.ps1'
[0.470s] INFO:colcon.colcon_core.shell:Creating environment descriptor '/home/adimas/zed_ros2/install/depth/share/depth/hook/pythonscriptspath.dsv'
[0.471s] INFO:colcon.colcon_core.shell:Creating environment hook '/home/adimas/zed_ros2/install/depth/share/depth/hook/pythonscriptspath.sh'
[0.472s] INFO:colcon.colcon_core.shell:Creating package script '/home/adimas/zed_ros2/install/depth/share/depth/package.ps1'
[0.472s] INFO:colcon.colcon_core.shell:Creating package descriptor '/home/adimas/zed_ros2/install/depth/share/depth/package.dsv'
[0.473s] INFO:colcon.colcon_core.shell:Creating package script '/home/adimas/zed_ros2/install/depth/share/depth/package.sh'
[0.473s] INFO:colcon.colcon_core.shell:Creating package script '/home/adimas/zed_ros2/install/depth/share/depth/package.bash'
[0.473s] INFO:colcon.colcon_core.shell:Creating package script '/home/adimas/zed_ros2/install/depth/share/depth/package.zsh'
[0.474s] Level 1:colcon.colcon_core.environment:create_file_with_runtime_dependencies(/home/adimas/zed_ros2/install/depth/share/colcon-core/packages/depth)
[0.475s] Level 1:colcon.colcon_core.environment:create_environment_scripts_only(open_cam)
[0.477s] Level 1:colcon.colcon_core.environment:checking '/home/adimas/zed_ros2/install/open_cam' for CMake module files
[0.478s] Level 1:colcon.colcon_core.environment:checking '/home/adimas/zed_ros2/install/open_cam' for CMake config files
[0.478s] Level 1:colcon.colcon_core.shell:create_environment_hook('open_cam', 'cmake_prefix_path')
[0.479s] INFO:colcon.colcon_core.shell:Creating environment hook '/home/adimas/zed_ros2/install/open_cam/share/open_cam/hook/cmake_prefix_path.ps1'
[0.479s] INFO:colcon.colcon_core.shell:Creating environment descriptor '/home/adimas/zed_ros2/install/open_cam/share/open_cam/hook/cmake_prefix_path.dsv'
[0.479s] INFO:colcon.colcon_core.shell:Creating environment hook '/home/adimas/zed_ros2/install/open_cam/share/open_cam/hook/cmake_prefix_path.sh'
[0.480s] Level 1:colcon.colcon_core.environment:checking '/home/adimas/zed_ros2/install/open_cam/lib'
[0.480s] Level 1:colcon.colcon_core.environment:checking '/home/adimas/zed_ros2/install/open_cam/bin'
[0.480s] Level 1:colcon.colcon_core.environment:checking '/home/adimas/zed_ros2/install/open_cam/lib/pkgconfig/open_cam.pc'
[0.480s] Level 1:colcon.colcon_core.environment:checking '/home/adimas/zed_ros2/install/open_cam/lib/python3.8/site-packages'
[0.480s] Level 1:colcon.colcon_core.environment:checking '/home/adimas/zed_ros2/install/open_cam/bin'
[0.481s] INFO:colcon.colcon_core.shell:Creating package script '/home/adimas/zed_ros2/install/open_cam/share/open_cam/package.ps1'
[0.482s] INFO:colcon.colcon_core.shell:Creating package descriptor '/home/adimas/zed_ros2/install/open_cam/share/open_cam/package.dsv'
[0.482s] INFO:colcon.colcon_core.shell:Creating package script '/home/adimas/zed_ros2/install/open_cam/share/open_cam/package.sh'
[0.482s] INFO:colcon.colcon_core.shell:Creating package script '/home/adimas/zed_ros2/install/open_cam/share/open_cam/package.bash'
[0.482s] INFO:colcon.colcon_core.shell:Creating package script '/home/adimas/zed_ros2/install/open_cam/share/open_cam/package.zsh'
[0.483s] Level 1:colcon.colcon_core.environment:create_file_with_runtime_dependencies(/home/adimas/zed_ros2/install/open_cam/share/colcon-core/packages/open_cam)
[0.483s] DEBUG:colcon.colcon_parallel_executor.executor.parallel:closing loop
[0.483s] DEBUG:colcon.colcon_parallel_executor.executor.parallel:loop closed
[0.483s] DEBUG:colcon.colcon_parallel_executor.executor.parallel:run_until_complete finished with '0'
[0.483s] DEBUG:colcon.colcon_core.event_reactor:joining thread
[0.487s] INFO:colcon.colcon_core.plugin_system:Skipping extension 'colcon_notification.desktop_notification.terminal_notifier': Not used on non-Darwin systems
[0.487s] INFO:colcon.colcon_core.plugin_system:Skipping extension 'colcon_notification.desktop_notification.win32': Not used on non-Windows systems
[0.487s] INFO:colcon.colcon_notification.desktop_notification:Sending desktop notification using 'notify2'
[0.499s] DEBUG:colcon.colcon_core.event_reactor:joined thread
[0.500s] INFO:colcon.colcon_core.shell:Creating prefix script '/home/adimas/zed_ros2/install/local_setup.ps1'
[0.501s] INFO:colcon.colcon_core.shell:Creating prefix util module '/home/adimas/zed_ros2/install/_local_setup_util_ps1.py'
[0.502s] INFO:colcon.colcon_core.shell:Creating prefix chain script '/home/adimas/zed_ros2/install/setup.ps1'
[0.504s] INFO:colcon.colcon_core.shell:Creating prefix script '/home/adimas/zed_ros2/install/local_setup.sh'
[0.504s] INFO:colcon.colcon_core.shell:Creating prefix util module '/home/adimas/zed_ros2/install/_local_setup_util_sh.py'
[0.504s] INFO:colcon.colcon_core.shell:Creating prefix chain script '/home/adimas/zed_ros2/install/setup.sh'
[0.505s] INFO:colcon.colcon_core.shell:Creating prefix script '/home/adimas/zed_ros2/install/local_setup.bash'
[0.506s] INFO:colcon.colcon_core.shell:Creating prefix chain script '/home/adimas/zed_ros2/install/setup.bash'
[0.507s] INFO:colcon.colcon_core.shell:Creating prefix script '/home/adimas/zed_ros2/install/local_setup.zsh'
[0.507s] INFO:colcon.colcon_core.shell:Creating prefix chain script '/home/adimas/zed_ros2/install/setup.zsh'
