[0.012s] Invoking command in '/home/adimas/zed_ros2/build/open_cam': CMAKE_PREFIX_PATH=${CMAKE_PREFIX_PATH}:/opt/ros/foxy /usr/bin/cmake --build /home/adimas/zed_ros2/build/open_cam -- -j8 -l8
[0.035s] [ 50%] [32mBuilding CXX object CMakeFiles/open_cam.dir/src/main.cpp.o[0m
[2.034s] In file included from [01m[K/home/adimas/zed_ros2/src/open_cam/src/main.cpp:6[m[K:
[2.034s] [01m[K/usr/local/zed/include/sl/Camera.hpp:896:13:[m[K [01;35m[Kwarning: [m[KISO C++ prohibits anonymous structs [[01;35m[K-Wpedantic[m[K]
[2.034s]   896 |             [01;35m[K}[m[K;
[2.034s]       |             [01;35m[K^[m[K
[2.035s] [01m[K/usr/local/zed/include/sl/Camera.hpp:1049:13:[m[K [01;35m[Kwarning: [m[KISO C++ prohibits anonymous structs [[01;35m[K-Wpedantic[m[K]
[2.035s]  1049 |             [01;35m[K}[m[K;
[2.035s]       |             [01;35m[K^[m[K
[2.035s] [01m[K/usr/local/zed/include/sl/Camera.hpp:1226:13:[m[K [01;35m[Kwarning: [m[KISO C++ prohibits anonymous structs [[01;35m[K-Wpedantic[m[K]
[2.035s]  1226 |             [01;35m[K}[m[K;
[2.035s]       |             [01;35m[K^[m[K
[2.035s] [01m[K/usr/local/zed/include/sl/Camera.hpp:1390:13:[m[K [01;35m[Kwarning: [m[KISO C++ prohibits anonymous structs [[01;35m[K-Wpedantic[m[K]
[2.035s]  1390 |             [01;35m[K}[m[K;
[2.035s]       |             [01;35m[K^[m[K
[2.035s] [01m[K/usr/local/zed/include/sl/Camera.hpp:1394:13:[m[K [01;35m[Kwarning: [m[KISO C++ prohibits anonymous structs [[01;35m[K-Wpedantic[m[K]
[2.035s]  1394 |             [01;35m[K}[m[K;
[2.036s]       |             [01;35m[K^[m[K
[2.036s] [01m[K/usr/local/zed/include/sl/Camera.hpp:1398:13:[m[K [01;35m[Kwarning: [m[KISO C++ prohibits anonymous structs [[01;35m[K-Wpedantic[m[K]
[2.036s]  1398 |             [01;35m[K}[m[K;
[2.036s]       |             [01;35m[K^[m[K
[2.036s] [01m[K/usr/local/zed/include/sl/Camera.hpp:1638:13:[m[K [01;35m[Kwarning: [m[KISO C++ prohibits anonymous structs [[01;35m[K-Wpedantic[m[K]
[2.036s]  1638 |             [01;35m[K}[m[K;
[2.036s]       |             [01;35m[K^[m[K
[2.037s] [01m[K/usr/local/zed/include/sl/Camera.hpp:1642:13:[m[K [01;35m[Kwarning: [m[KISO C++ prohibits anonymous structs [[01;35m[K-Wpedantic[m[K]
[2.037s]  1642 |             [01;35m[K}[m[K;
[2.037s]       |             [01;35m[K^[m[K
[2.037s] [01m[K/usr/local/zed/include/sl/Camera.hpp:1646:13:[m[K [01;35m[Kwarning: [m[KISO C++ prohibits anonymous structs [[01;35m[K-Wpedantic[m[K]
[2.037s]  1646 |             [01;35m[K}[m[K;
[2.037s]       |             [01;35m[K^[m[K
[2.039s] [01m[K/usr/local/zed/include/sl/Camera.hpp:[m[K In function ‘[01m[Ksl::Timestamp sl::operator+(sl::Timestamp, const sl::Timestamp&)[m[K’:
[2.039s] [01m[K/usr/local/zed/include/sl/Camera.hpp:2104:16:[m[K [01;35m[Kwarning: [m[Kimplicitly-declared ‘[01m[Kconstexpr sl::Timestamp::Timestamp(const sl::Timestamp&)[m[K’ is deprecated [[01;35m[K-Wdeprecated-copy[m[K]
[2.039s]  2104 |         return [01;35m[Klhs[m[K;
[2.039s]       |                [01;35m[K^~~[m[K
[2.039s] [01m[K/usr/local/zed/include/sl/Camera.hpp:2043:20:[m[K [01;36m[Knote: [m[Kbecause ‘[01m[Ksl::Timestamp[m[K’ has user-provided ‘[01m[Ksl::Timestamp& sl::Timestamp::operator=(sl::Timestamp)[m[K’
[2.039s]  2043 |         Timestamp& [01;36m[Koperator[m[K=(Timestamp other) {
[2.039s]       |                    [01;36m[K^~~~~~~~[m[K
[2.039s] [01m[K/usr/local/zed/include/sl/Camera.hpp:[m[K In function ‘[01m[Ksl::Timestamp sl::operator-(sl::Timestamp, const sl::Timestamp&)[m[K’:
[2.039s] [01m[K/usr/local/zed/include/sl/Camera.hpp:2109:16:[m[K [01;35m[Kwarning: [m[Kimplicitly-declared ‘[01m[Kconstexpr sl::Timestamp::Timestamp(const sl::Timestamp&)[m[K’ is deprecated [[01;35m[K-Wdeprecated-copy[m[K]
[2.039s]  2109 |         return [01;35m[Klhs[m[K;
[2.039s]       |                [01;35m[K^~~[m[K
[2.039s] [01m[K/usr/local/zed/include/sl/Camera.hpp:2043:20:[m[K [01;36m[Knote: [m[Kbecause ‘[01m[Ksl::Timestamp[m[K’ has user-provided ‘[01m[Ksl::Timestamp& sl::Timestamp::operator=(sl::Timestamp)[m[K’
[2.040s]  2043 |         Timestamp& [01;36m[Koperator[m[K=(Timestamp other) {
[2.040s]       |                    [01;36m[K^~~~~~~~[m[K
[2.040s] [01m[K/usr/local/zed/include/sl/Camera.hpp:[m[K In function ‘[01m[Ksl::Timestamp sl::operator/(sl::Timestamp, const sl::Timestamp&)[m[K’:
[2.040s] [01m[K/usr/local/zed/include/sl/Camera.hpp:2114:16:[m[K [01;35m[Kwarning: [m[Kimplicitly-declared ‘[01m[Kconstexpr sl::Timestamp::Timestamp(const sl::Timestamp&)[m[K’ is deprecated [[01;35m[K-Wdeprecated-copy[m[K]
[2.040s]  2114 |         return [01;35m[Klhs[m[K;
[2.040s]       |                [01;35m[K^~~[m[K
[2.040s] [01m[K/usr/local/zed/include/sl/Camera.hpp:2043:20:[m[K [01;36m[Knote: [m[Kbecause ‘[01m[Ksl::Timestamp[m[K’ has user-provided ‘[01m[Ksl::Timestamp& sl::Timestamp::operator=(sl::Timestamp)[m[K’
[2.040s]  2043 |         Timestamp& [01;36m[Koperator[m[K=(Timestamp other) {
[2.040s]       |                    [01;36m[K^~~~~~~~[m[K
[2.040s] [01m[K/usr/local/zed/include/sl/Camera.hpp:[m[K In function ‘[01m[Ksl::Timestamp sl::operator*(sl::Timestamp, const sl::Timestamp&)[m[K’:
[2.040s] [01m[K/usr/local/zed/include/sl/Camera.hpp:2119:16:[m[K [01;35m[Kwarning: [m[Kimplicitly-declared ‘[01m[Kconstexpr sl::Timestamp::Timestamp(const sl::Timestamp&)[m[K’ is deprecated [[01;35m[K-Wdeprecated-copy[m[K]
[2.040s]  2119 |         return [01;35m[Klhs[m[K;
[2.040s]       |                [01;35m[K^~~[m[K
[2.040s] [01m[K/usr/local/zed/include/sl/Camera.hpp:2043:20:[m[K [01;36m[Knote: [m[Kbecause ‘[01m[Ksl::Timestamp[m[K’ has user-provided ‘[01m[Ksl::Timestamp& sl::Timestamp::operator=(sl::Timestamp)[m[K’
[2.040s]  2043 |         Timestamp& [01;36m[Koperator[m[K=(Timestamp other) {
[2.040s]       |                    [01;36m[K^~~~~~~~[m[K
[2.040s] [01m[K/usr/local/zed/include/sl/Camera.hpp:[m[K In function ‘[01m[Ksl::Timestamp sl::getCurrentTimeStamp()[m[K’:
[2.040s] [01m[K/usr/local/zed/include/sl/Camera.hpp:2153:16:[m[K [01;35m[Kwarning: [m[Kimplicitly-declared ‘[01m[Kconstexpr sl::Timestamp::Timestamp(const sl::Timestamp&)[m[K’ is deprecated [[01;35m[K-Wdeprecated-copy[m[K]
[2.040s]  2153 |         return [01;35m[Kcurrent_ts[m[K;
[2.040s]       |                [01;35m[K^~~~~~~~~~[m[K
[2.040s] [01m[K/usr/local/zed/include/sl/Camera.hpp:2043:20:[m[K [01;36m[Knote: [m[Kbecause ‘[01m[Ksl::Timestamp[m[K’ has user-provided ‘[01m[Ksl::Timestamp& sl::Timestamp::operator=(sl::Timestamp)[m[K’
[2.041s]  2043 |         Timestamp& [01;36m[Koperator[m[K=(Timestamp other) {
[2.041s]       |                    [01;36m[K^~~~~~~~[m[K
[2.041s] [01m[K/usr/local/zed/include/sl/Camera.hpp:[m[K In function ‘[01m[KcudaError sl::__cudaSafeCall(cudaError, const char*, const char*, int)[m[K’:
[2.041s] [01m[K/usr/local/zed/include/sl/Camera.hpp:2160:89:[m[K [01;35m[Kwarning: [m[Kunused parameter ‘[01m[Kfile[m[K’ [[01;35m[K-Wunused-parameter[m[K]
[2.041s]  2160 | or __cudaSafeCall(cudaError err, const char *func, [01;35m[Kconst char *file[m[K, const int line) {
[2.041s]       |                                                    [01;35m[K~~~~~~~~~~~~^~~~[m[K
[2.041s] 
[2.041s] [01m[K/usr/local/zed/include/sl/Camera.hpp:2160:105:[m[K [01;35m[Kwarning: [m[Kunused parameter ‘[01m[Kline[m[K’ [[01;35m[K-Wunused-parameter[m[K]
[2.041s]  2160 | l(cudaError err, const char *func, const char *file, [01;35m[Kconst int line[m[K) {
[2.041s]       |                                                      [01;35m[K~~~~~~~~~~^~~~[m[K
[2.041s] 
[2.043s] In file included from [01m[K/home/adimas/zed_ros2/src/open_cam/src/main.cpp:6[m[K:
[2.043s] [01m[K/usr/local/zed/include/sl/Camera.hpp:[m[K In member function ‘[01m[Ksl::CalibrationParameters sl::CalibrationParameters::scale(sl::Resolution)[m[K’:
[2.043s] [01m[K/usr/local/zed/include/sl/Camera.hpp:3178:62:[m[K [01;35m[Kwarning: [m[Kimplicitly-declared ‘[01m[Ksl::Transform& sl::Transform::operator=(const sl::Transform&)[m[K’ is deprecated [[01;35m[K-Wdeprecated-copy[m[K]
[2.043s]  3178 |             output_calibration_parameters.stereo_transform = [01;35m[Kstereo_transform[m[K;
[2.043s]       |                                                              [01;35m[K^~~~~~~~~~~~~~~~[m[K
[2.043s] In file included from [01m[K/home/adimas/zed_ros2/src/open_cam/src/main.cpp:6[m[K:
[2.043s] [01m[K/usr/local/zed/include/sl/Camera.hpp:3023:9:[m[K [01;36m[Knote: [m[Kbecause ‘[01m[Ksl::Transform[m[K’ has user-provided ‘[01m[Ksl::Transform::Transform(const sl::Transform&)[m[K’
[2.043s]  3023 |         [01;36m[KTransform[m[K(const Transform &motion);
[2.043s]       |         [01;36m[K^~~~~~~~~[m[K
[2.043s] [01m[K/usr/local/zed/include/sl/Camera.hpp:[m[K In member function ‘[01m[Ksl::Transform& sl::Transform::operator=(const sl::Transform&)[m[K’:
[2.043s] [01m[K/usr/local/zed/include/sl/Camera.hpp:3012:60:[m[K [01;35m[Kwarning: [m[Kimplicitly-declared ‘[01m[Ksl::Matrix4f& sl::Matrix4f::operator=(const sl::Matrix4f&)[m[K’ is deprecated [[01;35m[K-Wdeprecated-copy[m[K]
[2.043s]  3012 |     class /*@cond SHOWHIDDEN*/ SL_CORE_EXPORT /*@endcond*/ [01;35m[KTransform[m[K : public Matrix4f {
[2.043s]       |                                                            [01;35m[K^~~~~~~~~[m[K
[2.044s] [01m[K/usr/local/zed/include/sl/Camera.hpp:1069:9:[m[K [01;36m[Knote: [m[Kbecause ‘[01m[Ksl::Matrix4f[m[K’ has user-provided ‘[01m[Ksl::Matrix4f::Matrix4f(const sl::Matrix4f&)[m[K’
[2.044s]  1069 |         [01;36m[KMatrix4f[m[K(const Matrix4f &mat);
[2.044s]       |         [01;36m[K^~~~~~~~[m[K
[2.044s] In file included from [01m[K/home/adimas/zed_ros2/src/open_cam/src/main.cpp:6[m[K:
[2.044s] [01m[K/usr/local/zed/include/sl/Camera.hpp:[m[K In member function ‘[01m[Ksl::CalibrationParameters sl::CalibrationParameters::scale(sl::Resolution)[m[K’:
[2.044s] [01m[K/usr/local/zed/include/sl/Camera.hpp:3178:62:[m[K [01;36m[Knote: [m[Ksynthesized method ‘[01m[Ksl::Transform& sl::Transform::operator=(const sl::Transform&)[m[K’ first required here
[2.044s]  3178 |             output_calibration_parameters.stereo_transform = [01;36m[Kstereo_transform[m[K;
[2.044s]       |                                                              [01;36m[K^~~~~~~~~~~~~~~~[m[K
[2.124s] [01m[K/usr/local/zed/include/sl/Camera.hpp:[m[K At global scope:
[2.124s] [01m[K/usr/local/zed/include/sl/Camera.hpp:6254:12:[m[K [01;35m[Kwarning: [m[Ktype qualifiers ignored on function return type [[01;35m[K-Wignored-qualifiers[m[K]
[2.124s]  6254 |     inline [01;35m[Kconst[m[K void /*@cond SHOWHIDDEN*/SL_SDK_EXPORT/*@endcond*/ getZEDSDKBuildVersion(int &major, int& minor, int& patch) {
[2.124s]       |            [01;35m[K^~~~~[m[K
[2.126s] [01m[K/usr/local/zed/include/sl/Camera.hpp:6640:2:[m[K [01;35m[Kwarning: [m[Kextra ‘[01m[K;[m[K’ [[01;35m[K-Wpedantic[m[K]
[2.127s]  6640 | }[01;35m[K;[m[K
[2.127s]       |  [01;35m[K^[m[K
[2.154s] [01m[K/home/adimas/zed_ros2/src/open_cam/src/main.cpp:[m[K In constructor ‘[01m[KZedCameraNode::ZedCameraNode()[m[K’:
[2.154s] [01m[K/home/adimas/zed_ros2/src/open_cam/src/main.cpp:24:41:[m[K [01;31m[Kerror: [m[K‘[01m[KRESOLUTION_HD720[m[K’ is not a member of ‘[01m[Ksl[m[K’; did you mean ‘[01m[KRESOLUTION[m[K’?
[2.154s]    24 |     init_params.camera_resolution = sl::[01;31m[KRESOLUTION_HD720[m[K;
[2.154s]       |                                         [01;31m[K^~~~~~~~~~~~~~~~[m[K
[2.155s]       |                                         [32m[KRESOLUTION[m[K
[2.156s] [01m[K/home/adimas/zed_ros2/src/open_cam/src/main.cpp:27:20:[m[K [01;31m[Kerror: [m[K‘[01m[KSUCCESS[m[K’ is not a member of ‘[01m[Ksl[m[K’
[2.156s]    27 |     if (err != sl::[01;31m[KSUCCESS[m[K)
[2.156s]       |                    [01;31m[K^~~~~~~[m[K
[2.156s] [01m[K/home/adimas/zed_ros2/src/open_cam/src/main.cpp:27:20:[m[K [01;36m[Knote: [m[Ksuggested alternatives:
[2.156s] In file included from [01m[K/opt/ros/foxy/include/rclcpp/executor.hpp:34[m[K,
[2.156s]                  from [01m[K/opt/ros/foxy/include/rclcpp/executors/multi_threaded_executor.hpp:26[m[K,
[2.156s]                  from [01m[K/opt/ros/foxy/include/rclcpp/executors.hpp:21[m[K,
[2.156s]                  from [01m[K/opt/ros/foxy/include/rclcpp/rclcpp.hpp:146[m[K,
[2.156s]                  from [01m[K/home/adimas/zed_ros2/src/open_cam/src/main.cpp:1[m[K:
[2.156s] [01m[K/opt/ros/foxy/include/rclcpp/future_return_code.hpp:33:30:[m[K [01;36m[Knote: [m[K  ‘[01m[Krclcpp::FutureReturnCode::SUCCESS[m[K’
[2.156s]    33 | enum class FutureReturnCode {[01;36m[KSUCCESS[m[K, INTERRUPTED, TIMEOUT};
[2.157s]       |                              [01;36m[K^~~~~~~[m[K
[2.157s] In file included from [01m[K/home/adimas/zed_ros2/src/open_cam/src/main.cpp:6[m[K:
[2.157s] [01m[K/usr/local/zed/include/sl/Camera.hpp:6553:9:[m[K [01;36m[Knote: [m[K  ‘[01m[Ksl::AREA_EXPORTING_STATE::SUCCESS[m[K’
[2.157s]  6553 |         [01;36m[KSUCCESS[m[K, /**< The spatial memory file has been successfully created.*/
[2.157s]       |         [01;36m[K^~~~~~~[m[K
[2.157s] In file included from [01m[K/home/adimas/zed_ros2/src/open_cam/src/main.cpp:6[m[K:
[2.157s] [01m[K/usr/local/zed/include/sl/Camera.hpp:370:9:[m[K [01;36m[Knote: [m[K  ‘[01m[Ksl::ERROR_CODE::SUCCESS[m[K’
[2.157s]   370 |         [01;36m[KSUCCESS[m[K = 0, /**< Standard code for successful behavior.*/
[2.157s]       |         [01;36m[K^~~~~~~[m[K
[2.157s] In file included from [01m[K/opt/ros/foxy/include/rclcpp/executor.hpp:34[m[K,
[2.157s]                  from [01m[K/opt/ros/foxy/include/rclcpp/executors/multi_threaded_executor.hpp:26[m[K,
[2.157s]                  from [01m[K/opt/ros/foxy/include/rclcpp/executors.hpp:21[m[K,
[2.157s]                  from [01m[K/opt/ros/foxy/include/rclcpp/rclcpp.hpp:146[m[K,
[2.157s]                  from [01m[K/home/adimas/zed_ros2/src/open_cam/src/main.cpp:1[m[K:
[2.157s] [01m[K/opt/ros/foxy/include/rclcpp/future_return_code.hpp:33:30:[m[K [01;36m[Knote: [m[K  ‘[01m[Krclcpp::FutureReturnCode::SUCCESS[m[K’
[2.157s]    33 | enum class FutureReturnCode {[01;36m[KSUCCESS[m[K, INTERRUPTED, TIMEOUT};
[2.157s]       |                              [01;36m[K^~~~~~~[m[K
[2.158s] [01m[K/home/adimas/zed_ros2/src/open_cam/src/main.cpp:[m[K In member function ‘[01m[Kvoid ZedCameraNode::captureImage()[m[K’:
[2.159s] [01m[K/home/adimas/zed_ros2/src/open_cam/src/main.cpp:40:20:[m[K [01;31m[Kerror: [m[K‘[01m[KSUCCESS[m[K’ is not a member of ‘[01m[Ksl[m[K’
[2.159s]    40 |     if (err != sl::[01;31m[KSUCCESS[m[K)
[2.159s]       |                    [01;31m[K^~~~~~~[m[K
[2.159s] [01m[K/home/adimas/zed_ros2/src/open_cam/src/main.cpp:40:20:[m[K [01;36m[Knote: [m[Ksuggested alternatives:
[2.159s] In file included from [01m[K/opt/ros/foxy/include/rclcpp/executor.hpp:34[m[K,
[2.159s]                  from [01m[K/opt/ros/foxy/include/rclcpp/executors/multi_threaded_executor.hpp:26[m[K,
[2.159s]                  from [01m[K/opt/ros/foxy/include/rclcpp/executors.hpp:21[m[K,
[2.159s]                  from [01m[K/opt/ros/foxy/include/rclcpp/rclcpp.hpp:146[m[K,
[2.159s]                  from [01m[K/home/adimas/zed_ros2/src/open_cam/src/main.cpp:1[m[K:
[2.159s] [01m[K/opt/ros/foxy/include/rclcpp/future_return_code.hpp:33:30:[m[K [01;36m[Knote: [m[K  ‘[01m[Krclcpp::FutureReturnCode::SUCCESS[m[K’
[2.159s]    33 | enum class FutureReturnCode {[01;36m[KSUCCESS[m[K, INTERRUPTED, TIMEOUT};
[2.159s]       |                              [01;36m[K^~~~~~~[m[K
[2.159s] In file included from [01m[K/home/adimas/zed_ros2/src/open_cam/src/main.cpp:6[m[K:
[2.159s] [01m[K/usr/local/zed/include/sl/Camera.hpp:6553:9:[m[K [01;36m[Knote: [m[K  ‘[01m[Ksl::AREA_EXPORTING_STATE::SUCCESS[m[K’
[2.159s]  6553 |         [01;36m[KSUCCESS[m[K, /**< The spatial memory file has been successfully created.*/
[2.159s]       |         [01;36m[K^~~~~~~[m[K
[2.159s] In file included from [01m[K/home/adimas/zed_ros2/src/open_cam/src/main.cpp:6[m[K:
[2.159s] [01m[K/usr/local/zed/include/sl/Camera.hpp:370:9:[m[K [01;36m[Knote: [m[K  ‘[01m[Ksl::ERROR_CODE::SUCCESS[m[K’
[2.159s]   370 |         [01;36m[KSUCCESS[m[K = 0, /**< Standard code for successful behavior.*/
[2.159s]       |         [01;36m[K^~~~~~~[m[K
[2.159s] In file included from [01m[K/opt/ros/foxy/include/rclcpp/executor.hpp:34[m[K,
[2.160s]                  from [01m[K/opt/ros/foxy/include/rclcpp/executors/multi_threaded_executor.hpp:26[m[K,
[2.160s]                  from [01m[K/opt/ros/foxy/include/rclcpp/executors.hpp:21[m[K,
[2.160s]                  from [01m[K/opt/ros/foxy/include/rclcpp/rclcpp.hpp:146[m[K,
[2.160s]                  from [01m[K/home/adimas/zed_ros2/src/open_cam/src/main.cpp:1[m[K:
[2.160s] [01m[K/opt/ros/foxy/include/rclcpp/future_return_code.hpp:33:30:[m[K [01;36m[Knote: [m[K  ‘[01m[Krclcpp::FutureReturnCode::SUCCESS[m[K’
[2.160s]    33 | enum class FutureReturnCode {[01;36m[KSUCCESS[m[K, INTERRUPTED, TIMEOUT};
[2.160s]       |                              [01;36m[K^~~~~~~[m[K
[2.160s] [01m[K/home/adimas/zed_ros2/src/open_cam/src/main.cpp:47:38:[m[K [01;31m[Kerror: [m[K‘[01m[KVIEW_LEFT[m[K’ is not a member of ‘[01m[Ksl[m[K’
[2.160s]    47 |     zed.retrieveImage(zed_image, sl::[01;31m[KVIEW_LEFT[m[K);
[2.160s]       |                                      [01;31m[K^~~~~~~~~[m[K
[2.161s] [01m[K/home/adimas/zed_ros2/src/open_cam/src/main.cpp:50:106:[m[K [01;31m[Kerror: [m[K‘[01m[KMEM_CPU[m[K’ is not a member of ‘[01m[Ksl[m[K’
[2.161s]    50 | ght(), zed_image.getWidth(), CV_8UC4, zed_image.getPtr<sl::uchar1>(sl::[01;31m[KMEM_CPU[m[K));
[2.161s]       |                                                                        [01;31m[K^~~~~~~[m[K
[2.161s] 
[3.092s] make[2]: *** [CMakeFiles/open_cam.dir/build.make:76: CMakeFiles/open_cam.dir/src/main.cpp.o] Error 1
[3.092s] make[1]: *** [CMakeFiles/Makefile2:137: CMakeFiles/open_cam.dir/all] Error 2
[3.092s] make: *** [Makefile:146: all] Error 2
[3.094s] Invoked command in '/home/adimas/zed_ros2/build/open_cam' returned '2': CMAKE_PREFIX_PATH=${CMAKE_PREFIX_PATH}:/opt/ros/foxy /usr/bin/cmake --build /home/adimas/zed_ros2/build/open_cam -- -j8 -l8
