[ 50%] [32mBuilding CXX object CMakeFiles/open_cam.dir/src/main.cpp.o[0m
[100%] [32m[1mLinking CXX executable open_cam[0m
[100%] Built target open_cam
-- Install configuration: ""
-- Execute custom install script
-- Up-to-date symlink: /home/adimas/zed_ros2/install/open_cam/lib/open_cam/open_cam
-- Up-to-date symlink: /home/adimas/zed_ros2/install/open_cam/share/ament_index/resource_index/package_run_dependencies/open_cam
-- Up-to-date symlink: /home/adimas/zed_ros2/install/open_cam/share/ament_index/resource_index/parent_prefix_path/open_cam
-- Up-to-date symlink: /home/adimas/zed_ros2/install/open_cam/share/open_cam/environment/ament_prefix_path.sh
-- Up-to-date symlink: /home/adimas/zed_ros2/install/open_cam/share/open_cam/environment/ament_prefix_path.dsv
-- Up-to-date symlink: /home/adimas/zed_ros2/install/open_cam/share/open_cam/environment/path.sh
-- Up-to-date symlink: /home/adimas/zed_ros2/install/open_cam/share/open_cam/environment/path.dsv
-- Up-to-date symlink: /home/adimas/zed_ros2/install/open_cam/share/open_cam/local_setup.bash
-- Up-to-date symlink: /home/adimas/zed_ros2/install/open_cam/share/open_cam/local_setup.sh
-- Up-to-date symlink: /home/adimas/zed_ros2/install/open_cam/share/open_cam/local_setup.zsh
-- Up-to-date symlink: /home/adimas/zed_ros2/install/open_cam/share/open_cam/local_setup.dsv
-- Symlinking: /home/adimas/zed_ros2/install/open_cam/share/open_cam/package.dsv
-- Up-to-date symlink: /home/adimas/zed_ros2/install/open_cam/share/ament_index/resource_index/packages/open_cam
-- Up-to-date symlink: /home/adimas/zed_ros2/install/open_cam/share/open_cam/cmake/open_camConfig.cmake
-- Up-to-date symlink: /home/adimas/zed_ros2/install/open_cam/share/open_cam/cmake/open_camConfig-version.cmake
-- Up-to-date symlink: /home/adimas/zed_ros2/install/open_cam/share/open_cam/package.xml
