[0.261s] DEBUG:colcon:Command line arguments: ['/usr/bin/colcon', 'build']
[0.261s] DEBUG:colcon:Parsed command line arguments: Namespace(allow_overriding=[], ament_cmake_args=None, base_paths=['.'], build_base='build', catkin_cmake_args=None, catkin_skip_building_tests=False, cmake_args=None, cmake_clean_cache=False, cmake_clean_first=False, cmake_force_configure=False, cmake_target=None, cmake_target_skip_unavailable=False, continue_on_error=False, event_handlers=None, executor='parallel', ignore_user_meta=False, install_base='install', log_base=None, log_level=None, main=<bound method BuildVerb.main of <colcon_core.verb.build.BuildVerb object at 0x7f70956ca6a0>>, merge_install=False, metas=['./colcon.meta'], packages_above=None, packages_above_and_dependencies=None, packages_above_depth=None, packages_end=None, packages_ignore=None, packages_ignore_regex=None, packages_select=None, packages_select_build_failed=False, packages_select_by_dep=None, packages_select_regex=None, packages_select_test_failures=False, packages_skip=None, packages_skip_build_finished=False, packages_skip_by_dep=None, packages_skip_regex=None, packages_skip_test_passed=False, packages_skip_up_to=None, packages_start=None, packages_up_to=None, packages_up_to_regex=None, parallel_workers=8, paths=None, symlink_install=False, test_result_base=None, verb_extension=<colcon_core.verb.build.BuildVerb object at 0x7f70956ca6a0>, verb_name='build', verb_parser=<colcon_defaults.argument_parser.defaults.DefaultArgumentsDecorator object at 0x7f70956cabe0>)
[0.283s] Level 1:colcon.colcon_core.package_discovery:discover_packages(colcon_meta) check parameters
[0.283s] Level 1:colcon.colcon_core.package_discovery:discover_packages(recursive) check parameters
[0.283s] Level 1:colcon.colcon_core.package_discovery:discover_packages(ignore) check parameters
[0.283s] Level 1:colcon.colcon_core.package_discovery:discover_packages(path) check parameters
[0.283s] Level 1:colcon.colcon_core.package_discovery:discover_packages(colcon_meta) discover
[0.283s] Level 1:colcon.colcon_core.package_discovery:discover_packages(recursive) discover
[0.283s] INFO:colcon.colcon_core.package_discovery:Crawling recursively for packages in '/home/adimas/zed_ros2'
[0.284s] Level 1:colcon.colcon_core.package_identification:_identify(.) by extensions ['ignore', 'ignore_ament_install']
[0.284s] Level 1:colcon.colcon_core.package_identification:_identify(.) by extension 'ignore'
[0.284s] Level 1:colcon.colcon_core.package_identification:_identify(.) by extension 'ignore_ament_install'
[0.284s] Level 1:colcon.colcon_core.package_identification:_identify(.) by extensions ['colcon_pkg']
[0.284s] Level 1:colcon.colcon_core.package_identification:_identify(.) by extension 'colcon_pkg'
[0.284s] Level 1:colcon.colcon_core.package_identification:_identify(.) by extensions ['colcon_meta']
[0.284s] Level 1:colcon.colcon_core.package_identification:_identify(.) by extension 'colcon_meta'
[0.284s] Level 1:colcon.colcon_core.package_identification:_identify(.) by extensions ['ros']
[0.284s] Level 1:colcon.colcon_core.package_identification:_identify(.) by extension 'ros'
[0.302s] Level 1:colcon.colcon_core.package_identification:_identify(.) by extensions ['cmake', 'python']
[0.302s] Level 1:colcon.colcon_core.package_identification:_identify(.) by extension 'cmake'
[0.302s] Level 1:colcon.colcon_core.package_identification:_identify(.) by extension 'python'
[0.302s] Level 1:colcon.colcon_core.package_identification:_identify(.) by extensions ['python_setup_py']
[0.302s] Level 1:colcon.colcon_core.package_identification:_identify(.) by extension 'python_setup_py'
[0.302s] Level 1:colcon.colcon_core.package_identification:_identify(build) by extensions ['ignore', 'ignore_ament_install']
[0.302s] Level 1:colcon.colcon_core.package_identification:_identify(build) by extension 'ignore'
[0.302s] Level 1:colcon.colcon_core.package_identification:_identify(build) ignored
[0.302s] Level 1:colcon.colcon_core.package_identification:_identify(install) by extensions ['ignore', 'ignore_ament_install']
[0.302s] Level 1:colcon.colcon_core.package_identification:_identify(install) by extension 'ignore'
[0.302s] Level 1:colcon.colcon_core.package_identification:_identify(install) ignored
[0.303s] Level 1:colcon.colcon_core.package_identification:_identify(log) by extensions ['ignore', 'ignore_ament_install']
[0.303s] Level 1:colcon.colcon_core.package_identification:_identify(log) by extension 'ignore'
[0.303s] Level 1:colcon.colcon_core.package_identification:_identify(log) ignored
[0.303s] Level 1:colcon.colcon_core.package_identification:_identify(src) by extensions ['ignore', 'ignore_ament_install']
[0.303s] Level 1:colcon.colcon_core.package_identification:_identify(src) by extension 'ignore'
[0.303s] Level 1:colcon.colcon_core.package_identification:_identify(src) by extension 'ignore_ament_install'
[0.303s] Level 1:colcon.colcon_core.package_identification:_identify(src) by extensions ['colcon_pkg']
[0.303s] Level 1:colcon.colcon_core.package_identification:_identify(src) by extension 'colcon_pkg'
[0.303s] Level 1:colcon.colcon_core.package_identification:_identify(src) by extensions ['colcon_meta']
[0.303s] Level 1:colcon.colcon_core.package_identification:_identify(src) by extension 'colcon_meta'
[0.303s] Level 1:colcon.colcon_core.package_identification:_identify(src) by extensions ['ros']
[0.303s] Level 1:colcon.colcon_core.package_identification:_identify(src) by extension 'ros'
[0.303s] Level 1:colcon.colcon_core.package_identification:_identify(src) by extensions ['cmake', 'python']
[0.303s] Level 1:colcon.colcon_core.package_identification:_identify(src) by extension 'cmake'
[0.303s] Level 1:colcon.colcon_core.package_identification:_identify(src) by extension 'python'
[0.303s] Level 1:colcon.colcon_core.package_identification:_identify(src) by extensions ['python_setup_py']
[0.303s] Level 1:colcon.colcon_core.package_identification:_identify(src) by extension 'python_setup_py'
[0.303s] Level 1:colcon.colcon_core.package_identification:_identify(src/darknet_ros_msgs) by extensions ['ignore', 'ignore_ament_install']
[0.303s] Level 1:colcon.colcon_core.package_identification:_identify(src/darknet_ros_msgs) by extension 'ignore'
[0.303s] Level 1:colcon.colcon_core.package_identification:_identify(src/darknet_ros_msgs) by extension 'ignore_ament_install'
[0.303s] Level 1:colcon.colcon_core.package_identification:_identify(src/darknet_ros_msgs) by extensions ['colcon_pkg']
[0.304s] Level 1:colcon.colcon_core.package_identification:_identify(src/darknet_ros_msgs) by extension 'colcon_pkg'
[0.304s] Level 1:colcon.colcon_core.package_identification:_identify(src/darknet_ros_msgs) by extensions ['colcon_meta']
[0.304s] Level 1:colcon.colcon_core.package_identification:_identify(src/darknet_ros_msgs) by extension 'colcon_meta'
[0.304s] Level 1:colcon.colcon_core.package_identification:_identify(src/darknet_ros_msgs) by extensions ['ros']
[0.304s] Level 1:colcon.colcon_core.package_identification:_identify(src/darknet_ros_msgs) by extension 'ros'
[0.306s] DEBUG:colcon.colcon_core.package_identification:Package 'src/darknet_ros_msgs' with type 'ros.ament_cmake' and name 'darknet_ros_msgs'
[0.306s] Level 1:colcon.colcon_core.package_identification:_identify(src/open_cam) by extensions ['ignore', 'ignore_ament_install']
[0.306s] Level 1:colcon.colcon_core.package_identification:_identify(src/open_cam) by extension 'ignore'
[0.306s] Level 1:colcon.colcon_core.package_identification:_identify(src/open_cam) by extension 'ignore_ament_install'
[0.306s] Level 1:colcon.colcon_core.package_identification:_identify(src/open_cam) by extensions ['colcon_pkg']
[0.306s] Level 1:colcon.colcon_core.package_identification:_identify(src/open_cam) by extension 'colcon_pkg'
[0.306s] Level 1:colcon.colcon_core.package_identification:_identify(src/open_cam) by extensions ['colcon_meta']
[0.306s] Level 1:colcon.colcon_core.package_identification:_identify(src/open_cam) by extension 'colcon_meta'
[0.307s] Level 1:colcon.colcon_core.package_identification:_identify(src/open_cam) by extensions ['ros']
[0.307s] Level 1:colcon.colcon_core.package_identification:_identify(src/open_cam) by extension 'ros'
[0.307s] DEBUG:colcon.colcon_core.package_identification:Package 'src/open_cam' with type 'ros.ament_cmake' and name 'open_cam'
[0.307s] Level 1:colcon.colcon_core.package_discovery:discover_packages(recursive) using defaults
[0.308s] Level 1:colcon.colcon_core.package_discovery:discover_packages(ignore) discover
[0.308s] Level 1:colcon.colcon_core.package_discovery:discover_packages(ignore) using defaults
[0.308s] Level 1:colcon.colcon_core.package_discovery:discover_packages(path) discover
[0.308s] Level 1:colcon.colcon_core.package_discovery:discover_packages(path) using defaults
[0.325s] Level 1:colcon.colcon_core.package_discovery:discover_packages(prefix_path) check parameters
[0.325s] Level 1:colcon.colcon_core.package_discovery:discover_packages(prefix_path) discover
[0.327s] DEBUG:colcon.colcon_installed_package_information.package_discovery:Found 3 installed packages in /home/adimas/zed_ros2/install
[0.329s] DEBUG:colcon.colcon_installed_package_information.package_discovery:Found 259 installed packages in /opt/ros/foxy
[0.330s] Level 1:colcon.colcon_core.package_discovery:discover_packages(prefix_path) using defaults
[0.387s] Level 5:colcon.colcon_core.verb:set package 'darknet_ros_msgs' build argument 'cmake_args' from command line to 'None'
[0.387s] Level 5:colcon.colcon_core.verb:set package 'darknet_ros_msgs' build argument 'cmake_target' from command line to 'None'
[0.387s] Level 5:colcon.colcon_core.verb:set package 'darknet_ros_msgs' build argument 'cmake_target_skip_unavailable' from command line to 'False'
[0.387s] Level 5:colcon.colcon_core.verb:set package 'darknet_ros_msgs' build argument 'cmake_clean_cache' from command line to 'False'
[0.387s] Level 5:colcon.colcon_core.verb:set package 'darknet_ros_msgs' build argument 'cmake_clean_first' from command line to 'False'
[0.387s] Level 5:colcon.colcon_core.verb:set package 'darknet_ros_msgs' build argument 'cmake_force_configure' from command line to 'False'
[0.387s] Level 5:colcon.colcon_core.verb:set package 'darknet_ros_msgs' build argument 'ament_cmake_args' from command line to 'None'
[0.387s] Level 5:colcon.colcon_core.verb:set package 'darknet_ros_msgs' build argument 'catkin_cmake_args' from command line to 'None'
[0.387s] Level 5:colcon.colcon_core.verb:set package 'darknet_ros_msgs' build argument 'catkin_skip_building_tests' from command line to 'False'
[0.387s] DEBUG:colcon.colcon_core.verb:Building package 'darknet_ros_msgs' with the following arguments: {'ament_cmake_args': None, 'build_base': '/home/adimas/zed_ros2/build/darknet_ros_msgs', 'catkin_cmake_args': None, 'catkin_skip_building_tests': False, 'cmake_args': None, 'cmake_clean_cache': False, 'cmake_clean_first': False, 'cmake_force_configure': False, 'cmake_target': None, 'cmake_target_skip_unavailable': False, 'install_base': '/home/adimas/zed_ros2/install/darknet_ros_msgs', 'merge_install': False, 'path': '/home/adimas/zed_ros2/src/darknet_ros_msgs', 'symlink_install': False, 'test_result_base': None}
[0.388s] Level 5:colcon.colcon_core.verb:set package 'open_cam' build argument 'cmake_args' from command line to 'None'
[0.388s] Level 5:colcon.colcon_core.verb:set package 'open_cam' build argument 'cmake_target' from command line to 'None'
[0.388s] Level 5:colcon.colcon_core.verb:set package 'open_cam' build argument 'cmake_target_skip_unavailable' from command line to 'False'
[0.389s] Level 5:colcon.colcon_core.verb:set package 'open_cam' build argument 'cmake_clean_cache' from command line to 'False'
[0.389s] Level 5:colcon.colcon_core.verb:set package 'open_cam' build argument 'cmake_clean_first' from command line to 'False'
[0.389s] Level 5:colcon.colcon_core.verb:set package 'open_cam' build argument 'cmake_force_configure' from command line to 'False'
[0.389s] Level 5:colcon.colcon_core.verb:set package 'open_cam' build argument 'ament_cmake_args' from command line to 'None'
[0.389s] Level 5:colcon.colcon_core.verb:set package 'open_cam' build argument 'catkin_cmake_args' from command line to 'None'
[0.389s] Level 5:colcon.colcon_core.verb:set package 'open_cam' build argument 'catkin_skip_building_tests' from command line to 'False'
[0.389s] DEBUG:colcon.colcon_core.verb:Building package 'open_cam' with the following arguments: {'ament_cmake_args': None, 'build_base': '/home/adimas/zed_ros2/build/open_cam', 'catkin_cmake_args': None, 'catkin_skip_building_tests': False, 'cmake_args': None, 'cmake_clean_cache': False, 'cmake_clean_first': False, 'cmake_force_configure': False, 'cmake_target': None, 'cmake_target_skip_unavailable': False, 'install_base': '/home/adimas/zed_ros2/install/open_cam', 'merge_install': False, 'path': '/home/adimas/zed_ros2/src/open_cam', 'symlink_install': False, 'test_result_base': None}
[0.389s] INFO:colcon.colcon_core.executor:Executing jobs using 'parallel' executor
[0.392s] DEBUG:colcon.colcon_parallel_executor.executor.parallel:run_until_complete
[0.393s] INFO:colcon.colcon_ros.task.ament_cmake.build:Building ROS package in '/home/adimas/zed_ros2/src/darknet_ros_msgs' with build type 'ament_cmake'
[0.393s] INFO:colcon.colcon_cmake.task.cmake.build:Building CMake package in '/home/adimas/zed_ros2/src/darknet_ros_msgs'
[0.396s] INFO:colcon.colcon_core.plugin_system:Skipping extension 'colcon_core.shell.bat': Not used on non-Windows systems
[0.396s] INFO:colcon.colcon_core.shell:Skip shell extension 'powershell' for command environment: Not usable outside of PowerShell
[0.396s] DEBUG:colcon.colcon_core.shell:Skip shell extension 'dsv' for command environment
[0.405s] DEBUG:colcon.colcon_core.event_handler.log_command:Invoking command in '/home/adimas/zed_ros2/build/darknet_ros_msgs': CMAKE_PREFIX_PATH=${CMAKE_PREFIX_PATH}:/opt/ros/foxy /usr/bin/cmake --build /home/adimas/zed_ros2/build/darknet_ros_msgs -- -j8 -l8
[0.498s] DEBUG:colcon.colcon_core.event_handler.log_command:Invoked command in '/home/adimas/zed_ros2/build/darknet_ros_msgs' returned '0': CMAKE_PREFIX_PATH=${CMAKE_PREFIX_PATH}:/opt/ros/foxy /usr/bin/cmake --build /home/adimas/zed_ros2/build/darknet_ros_msgs -- -j8 -l8
[0.554s] DEBUG:colcon.colcon_core.event_handler.log_command:Invoking command in '/home/adimas/zed_ros2/build/darknet_ros_msgs': CMAKE_PREFIX_PATH=${CMAKE_PREFIX_PATH}:/opt/ros/foxy /usr/bin/cmake --install /home/adimas/zed_ros2/build/darknet_ros_msgs
[0.591s] Level 1:colcon.colcon_core.environment:create_environment_scripts_only(darknet_ros_msgs)
[0.593s] DEBUG:colcon.colcon_core.event_handler.log_command:Invoked command in '/home/adimas/zed_ros2/build/darknet_ros_msgs' returned '0': CMAKE_PREFIX_PATH=${CMAKE_PREFIX_PATH}:/opt/ros/foxy /usr/bin/cmake --install /home/adimas/zed_ros2/build/darknet_ros_msgs
[0.596s] Level 1:colcon.colcon_core.environment:checking '/home/adimas/zed_ros2/install/darknet_ros_msgs' for CMake module files
[0.597s] Level 1:colcon.colcon_core.environment:checking '/home/adimas/zed_ros2/install/darknet_ros_msgs' for CMake config files
[0.597s] Level 1:colcon.colcon_core.shell:create_environment_hook('darknet_ros_msgs', 'cmake_prefix_path')
[0.598s] INFO:colcon.colcon_core.shell:Creating environment hook '/home/adimas/zed_ros2/install/darknet_ros_msgs/share/darknet_ros_msgs/hook/cmake_prefix_path.ps1'
[0.599s] INFO:colcon.colcon_core.shell:Creating environment descriptor '/home/adimas/zed_ros2/install/darknet_ros_msgs/share/darknet_ros_msgs/hook/cmake_prefix_path.dsv'
[0.599s] INFO:colcon.colcon_core.shell:Creating environment hook '/home/adimas/zed_ros2/install/darknet_ros_msgs/share/darknet_ros_msgs/hook/cmake_prefix_path.sh'
[0.600s] Level 1:colcon.colcon_core.environment:checking '/home/adimas/zed_ros2/install/darknet_ros_msgs/lib'
[0.600s] Level 1:colcon.colcon_core.shell:create_environment_hook('darknet_ros_msgs', 'ld_library_path_lib')
[0.601s] INFO:colcon.colcon_core.shell:Creating environment hook '/home/adimas/zed_ros2/install/darknet_ros_msgs/share/darknet_ros_msgs/hook/ld_library_path_lib.ps1'
[0.602s] INFO:colcon.colcon_core.shell:Creating environment descriptor '/home/adimas/zed_ros2/install/darknet_ros_msgs/share/darknet_ros_msgs/hook/ld_library_path_lib.dsv'
[0.602s] INFO:colcon.colcon_core.shell:Creating environment hook '/home/adimas/zed_ros2/install/darknet_ros_msgs/share/darknet_ros_msgs/hook/ld_library_path_lib.sh'
[0.602s] Level 1:colcon.colcon_core.environment:checking '/home/adimas/zed_ros2/install/darknet_ros_msgs/bin'
[0.602s] Level 1:colcon.colcon_core.environment:checking '/home/adimas/zed_ros2/install/darknet_ros_msgs/lib/pkgconfig/darknet_ros_msgs.pc'
[0.602s] Level 1:colcon.colcon_core.environment:checking '/home/adimas/zed_ros2/install/darknet_ros_msgs/lib/python3.8/site-packages'
[0.603s] Level 1:colcon.colcon_core.shell:create_environment_hook('darknet_ros_msgs', 'pythonpath')
[0.604s] INFO:colcon.colcon_core.shell:Creating environment hook '/home/adimas/zed_ros2/install/darknet_ros_msgs/share/darknet_ros_msgs/hook/pythonpath.ps1'
[0.604s] INFO:colcon.colcon_core.shell:Creating environment descriptor '/home/adimas/zed_ros2/install/darknet_ros_msgs/share/darknet_ros_msgs/hook/pythonpath.dsv'
[0.604s] INFO:colcon.colcon_core.shell:Creating environment hook '/home/adimas/zed_ros2/install/darknet_ros_msgs/share/darknet_ros_msgs/hook/pythonpath.sh'
[0.605s] Level 1:colcon.colcon_core.environment:checking '/home/adimas/zed_ros2/install/darknet_ros_msgs/bin'
[0.606s] INFO:colcon.colcon_core.shell:Creating package script '/home/adimas/zed_ros2/install/darknet_ros_msgs/share/darknet_ros_msgs/package.ps1'
[0.607s] INFO:colcon.colcon_core.shell:Creating package descriptor '/home/adimas/zed_ros2/install/darknet_ros_msgs/share/darknet_ros_msgs/package.dsv'
[0.608s] INFO:colcon.colcon_core.shell:Creating package script '/home/adimas/zed_ros2/install/darknet_ros_msgs/share/darknet_ros_msgs/package.sh'
[0.608s] INFO:colcon.colcon_core.shell:Creating package script '/home/adimas/zed_ros2/install/darknet_ros_msgs/share/darknet_ros_msgs/package.bash'
[0.609s] INFO:colcon.colcon_core.shell:Creating package script '/home/adimas/zed_ros2/install/darknet_ros_msgs/share/darknet_ros_msgs/package.zsh'
[0.609s] Level 1:colcon.colcon_core.environment:create_file_with_runtime_dependencies(/home/adimas/zed_ros2/install/darknet_ros_msgs/share/colcon-core/packages/darknet_ros_msgs)
[0.661s] Level 1:colcon.colcon_core.environment:create_environment_scripts_only(darknet_ros_msgs)
[0.663s] Level 1:colcon.colcon_core.environment:checking '/home/adimas/zed_ros2/install/darknet_ros_msgs' for CMake module files
[0.663s] Level 1:colcon.colcon_core.environment:checking '/home/adimas/zed_ros2/install/darknet_ros_msgs' for CMake config files
[0.664s] Level 1:colcon.colcon_core.shell:create_environment_hook('darknet_ros_msgs', 'cmake_prefix_path')
[0.665s] INFO:colcon.colcon_core.shell:Creating environment hook '/home/adimas/zed_ros2/install/darknet_ros_msgs/share/darknet_ros_msgs/hook/cmake_prefix_path.ps1'
[0.665s] INFO:colcon.colcon_core.shell:Creating environment descriptor '/home/adimas/zed_ros2/install/darknet_ros_msgs/share/darknet_ros_msgs/hook/cmake_prefix_path.dsv'
[0.665s] INFO:colcon.colcon_core.shell:Creating environment hook '/home/adimas/zed_ros2/install/darknet_ros_msgs/share/darknet_ros_msgs/hook/cmake_prefix_path.sh'
[0.666s] Level 1:colcon.colcon_core.environment:checking '/home/adimas/zed_ros2/install/darknet_ros_msgs/lib'
[0.666s] Level 1:colcon.colcon_core.shell:create_environment_hook('darknet_ros_msgs', 'ld_library_path_lib')
[0.667s] INFO:colcon.colcon_core.shell:Creating environment hook '/home/adimas/zed_ros2/install/darknet_ros_msgs/share/darknet_ros_msgs/hook/ld_library_path_lib.ps1'
[0.667s] INFO:colcon.colcon_core.shell:Creating environment descriptor '/home/adimas/zed_ros2/install/darknet_ros_msgs/share/darknet_ros_msgs/hook/ld_library_path_lib.dsv'
[0.668s] INFO:colcon.colcon_core.shell:Creating environment hook '/home/adimas/zed_ros2/install/darknet_ros_msgs/share/darknet_ros_msgs/hook/ld_library_path_lib.sh'
[0.668s] Level 1:colcon.colcon_core.environment:checking '/home/adimas/zed_ros2/install/darknet_ros_msgs/bin'
[0.668s] Level 1:colcon.colcon_core.environment:checking '/home/adimas/zed_ros2/install/darknet_ros_msgs/lib/pkgconfig/darknet_ros_msgs.pc'
[0.668s] Level 1:colcon.colcon_core.environment:checking '/home/adimas/zed_ros2/install/darknet_ros_msgs/lib/python3.8/site-packages'
[0.668s] Level 1:colcon.colcon_core.shell:create_environment_hook('darknet_ros_msgs', 'pythonpath')
[0.669s] INFO:colcon.colcon_core.shell:Creating environment hook '/home/adimas/zed_ros2/install/darknet_ros_msgs/share/darknet_ros_msgs/hook/pythonpath.ps1'
[0.669s] INFO:colcon.colcon_core.shell:Creating environment descriptor '/home/adimas/zed_ros2/install/darknet_ros_msgs/share/darknet_ros_msgs/hook/pythonpath.dsv'
[0.670s] INFO:colcon.colcon_core.shell:Creating environment hook '/home/adimas/zed_ros2/install/darknet_ros_msgs/share/darknet_ros_msgs/hook/pythonpath.sh'
[0.670s] Level 1:colcon.colcon_core.environment:checking '/home/adimas/zed_ros2/install/darknet_ros_msgs/bin'
[0.671s] INFO:colcon.colcon_core.shell:Creating package script '/home/adimas/zed_ros2/install/darknet_ros_msgs/share/darknet_ros_msgs/package.ps1'
[0.672s] INFO:colcon.colcon_core.shell:Creating package descriptor '/home/adimas/zed_ros2/install/darknet_ros_msgs/share/darknet_ros_msgs/package.dsv'
[0.672s] INFO:colcon.colcon_core.shell:Creating package script '/home/adimas/zed_ros2/install/darknet_ros_msgs/share/darknet_ros_msgs/package.sh'
[0.673s] INFO:colcon.colcon_core.shell:Creating package script '/home/adimas/zed_ros2/install/darknet_ros_msgs/share/darknet_ros_msgs/package.bash'
[0.673s] INFO:colcon.colcon_core.shell:Creating package script '/home/adimas/zed_ros2/install/darknet_ros_msgs/share/darknet_ros_msgs/package.zsh'
[0.673s] Level 1:colcon.colcon_core.environment:create_file_with_runtime_dependencies(/home/adimas/zed_ros2/install/darknet_ros_msgs/share/colcon-core/packages/darknet_ros_msgs)
[0.673s] INFO:colcon.colcon_ros.task.ament_cmake.build:Building ROS package in '/home/adimas/zed_ros2/src/open_cam' with build type 'ament_cmake'
[0.674s] INFO:colcon.colcon_cmake.task.cmake.build:Building CMake package in '/home/adimas/zed_ros2/src/open_cam'
[0.675s] INFO:colcon.colcon_core.shell:Skip shell extension 'powershell' for command environment: Not usable outside of PowerShell
[0.675s] DEBUG:colcon.colcon_core.shell:Skip shell extension 'dsv' for command environment
[0.686s] DEBUG:colcon.colcon_core.event_handler.log_command:Invoking command in '/home/adimas/zed_ros2/build/open_cam': AMENT_PREFIX_PATH=/home/adimas/zed_ros2/install/darknet_ros_msgs:${AMENT_PREFIX_PATH} CMAKE_PREFIX_PATH=/home/adimas/zed_ros2/install/darknet_ros_msgs:/home/adimas/zed_ros2/install/open_cam:/home/adimas/zed_ros2/install/depth:/opt/ros/foxy LD_LIBRARY_PATH=/home/adimas/zed_ros2/install/darknet_ros_msgs/lib:/opt/ros/foxy/opt/yaml_cpp_vendor/lib:/opt/ros/foxy/opt/rviz_ogre_vendor/lib:/opt/ros/foxy/lib/x86_64-linux-gnu:/opt/ros/foxy/lib:/usr/local/cuda-12.1/lib64 PYTHONPATH=/home/adimas/zed_ros2/install/darknet_ros_msgs/lib/python3.8/site-packages:${PYTHONPATH} /usr/bin/cmake --build /home/adimas/zed_ros2/build/open_cam -- -j8 -l8
[7.392s] DEBUG:colcon.colcon_core.event_handler.log_command:Invoked command in '/home/adimas/zed_ros2/build/open_cam' returned '0': AMENT_PREFIX_PATH=/home/adimas/zed_ros2/install/darknet_ros_msgs:${AMENT_PREFIX_PATH} CMAKE_PREFIX_PATH=/home/adimas/zed_ros2/install/darknet_ros_msgs:/home/adimas/zed_ros2/install/open_cam:/home/adimas/zed_ros2/install/depth:/opt/ros/foxy LD_LIBRARY_PATH=/home/adimas/zed_ros2/install/darknet_ros_msgs/lib:/opt/ros/foxy/opt/yaml_cpp_vendor/lib:/opt/ros/foxy/opt/rviz_ogre_vendor/lib:/opt/ros/foxy/lib/x86_64-linux-gnu:/opt/ros/foxy/lib:/usr/local/cuda-12.1/lib64 PYTHONPATH=/home/adimas/zed_ros2/install/darknet_ros_msgs/lib/python3.8/site-packages:${PYTHONPATH} /usr/bin/cmake --build /home/adimas/zed_ros2/build/open_cam -- -j8 -l8
[7.403s] DEBUG:colcon.colcon_core.event_handler.log_command:Invoking command in '/home/adimas/zed_ros2/build/open_cam': AMENT_PREFIX_PATH=/home/adimas/zed_ros2/install/darknet_ros_msgs:${AMENT_PREFIX_PATH} CMAKE_PREFIX_PATH=/home/adimas/zed_ros2/install/darknet_ros_msgs:/home/adimas/zed_ros2/install/open_cam:/home/adimas/zed_ros2/install/depth:/opt/ros/foxy LD_LIBRARY_PATH=/home/adimas/zed_ros2/install/darknet_ros_msgs/lib:/opt/ros/foxy/opt/yaml_cpp_vendor/lib:/opt/ros/foxy/opt/rviz_ogre_vendor/lib:/opt/ros/foxy/lib/x86_64-linux-gnu:/opt/ros/foxy/lib:/usr/local/cuda-12.1/lib64 PYTHONPATH=/home/adimas/zed_ros2/install/darknet_ros_msgs/lib/python3.8/site-packages:${PYTHONPATH} /usr/bin/cmake --install /home/adimas/zed_ros2/build/open_cam
[7.412s] Level 1:colcon.colcon_core.environment:create_environment_scripts_only(open_cam)
[7.412s] DEBUG:colcon.colcon_core.event_handler.log_command:Invoked command in '/home/adimas/zed_ros2/build/open_cam' returned '0': AMENT_PREFIX_PATH=/home/adimas/zed_ros2/install/darknet_ros_msgs:${AMENT_PREFIX_PATH} CMAKE_PREFIX_PATH=/home/adimas/zed_ros2/install/darknet_ros_msgs:/home/adimas/zed_ros2/install/open_cam:/home/adimas/zed_ros2/install/depth:/opt/ros/foxy LD_LIBRARY_PATH=/home/adimas/zed_ros2/install/darknet_ros_msgs/lib:/opt/ros/foxy/opt/yaml_cpp_vendor/lib:/opt/ros/foxy/opt/rviz_ogre_vendor/lib:/opt/ros/foxy/lib/x86_64-linux-gnu:/opt/ros/foxy/lib:/usr/local/cuda-12.1/lib64 PYTHONPATH=/home/adimas/zed_ros2/install/darknet_ros_msgs/lib/python3.8/site-packages:${PYTHONPATH} /usr/bin/cmake --install /home/adimas/zed_ros2/build/open_cam
[7.414s] Level 1:colcon.colcon_core.environment:checking '/home/adimas/zed_ros2/install/open_cam' for CMake module files
[7.414s] Level 1:colcon.colcon_core.environment:checking '/home/adimas/zed_ros2/install/open_cam' for CMake config files
[7.414s] Level 1:colcon.colcon_core.shell:create_environment_hook('open_cam', 'cmake_prefix_path')
[7.415s] INFO:colcon.colcon_core.shell:Creating environment hook '/home/adimas/zed_ros2/install/open_cam/share/open_cam/hook/cmake_prefix_path.ps1'
[7.416s] INFO:colcon.colcon_core.shell:Creating environment descriptor '/home/adimas/zed_ros2/install/open_cam/share/open_cam/hook/cmake_prefix_path.dsv'
[7.416s] INFO:colcon.colcon_core.shell:Creating environment hook '/home/adimas/zed_ros2/install/open_cam/share/open_cam/hook/cmake_prefix_path.sh'
[7.416s] Level 1:colcon.colcon_core.environment:checking '/home/adimas/zed_ros2/install/open_cam/lib'
[7.417s] Level 1:colcon.colcon_core.environment:checking '/home/adimas/zed_ros2/install/open_cam/bin'
[7.417s] Level 1:colcon.colcon_core.environment:checking '/home/adimas/zed_ros2/install/open_cam/lib/pkgconfig/open_cam.pc'
[7.417s] Level 1:colcon.colcon_core.environment:checking '/home/adimas/zed_ros2/install/open_cam/lib/python3.8/site-packages'
[7.417s] Level 1:colcon.colcon_core.environment:checking '/home/adimas/zed_ros2/install/open_cam/bin'
[7.418s] INFO:colcon.colcon_core.shell:Creating package script '/home/adimas/zed_ros2/install/open_cam/share/open_cam/package.ps1'
[7.418s] INFO:colcon.colcon_core.shell:Creating package descriptor '/home/adimas/zed_ros2/install/open_cam/share/open_cam/package.dsv'
[7.419s] INFO:colcon.colcon_core.shell:Creating package script '/home/adimas/zed_ros2/install/open_cam/share/open_cam/package.sh'
[7.419s] INFO:colcon.colcon_core.shell:Creating package script '/home/adimas/zed_ros2/install/open_cam/share/open_cam/package.bash'
[7.419s] INFO:colcon.colcon_core.shell:Creating package script '/home/adimas/zed_ros2/install/open_cam/share/open_cam/package.zsh'
[7.419s] Level 1:colcon.colcon_core.environment:create_file_with_runtime_dependencies(/home/adimas/zed_ros2/install/open_cam/share/colcon-core/packages/open_cam)
[7.432s] Level 1:colcon.colcon_core.environment:create_environment_scripts_only(open_cam)
[7.434s] Level 1:colcon.colcon_core.environment:checking '/home/adimas/zed_ros2/install/open_cam' for CMake module files
[7.434s] Level 1:colcon.colcon_core.environment:checking '/home/adimas/zed_ros2/install/open_cam' for CMake config files
[7.434s] Level 1:colcon.colcon_core.shell:create_environment_hook('open_cam', 'cmake_prefix_path')
[7.435s] INFO:colcon.colcon_core.shell:Creating environment hook '/home/adimas/zed_ros2/install/open_cam/share/open_cam/hook/cmake_prefix_path.ps1'
[7.436s] INFO:colcon.colcon_core.shell:Creating environment descriptor '/home/adimas/zed_ros2/install/open_cam/share/open_cam/hook/cmake_prefix_path.dsv'
[7.436s] INFO:colcon.colcon_core.shell:Creating environment hook '/home/adimas/zed_ros2/install/open_cam/share/open_cam/hook/cmake_prefix_path.sh'
[7.437s] Level 1:colcon.colcon_core.environment:checking '/home/adimas/zed_ros2/install/open_cam/lib'
[7.437s] Level 1:colcon.colcon_core.environment:checking '/home/adimas/zed_ros2/install/open_cam/bin'
[7.437s] Level 1:colcon.colcon_core.environment:checking '/home/adimas/zed_ros2/install/open_cam/lib/pkgconfig/open_cam.pc'
[7.437s] Level 1:colcon.colcon_core.environment:checking '/home/adimas/zed_ros2/install/open_cam/lib/python3.8/site-packages'
[7.437s] Level 1:colcon.colcon_core.environment:checking '/home/adimas/zed_ros2/install/open_cam/bin'
[7.438s] INFO:colcon.colcon_core.shell:Creating package script '/home/adimas/zed_ros2/install/open_cam/share/open_cam/package.ps1'
[7.439s] INFO:colcon.colcon_core.shell:Creating package descriptor '/home/adimas/zed_ros2/install/open_cam/share/open_cam/package.dsv'
[7.439s] INFO:colcon.colcon_core.shell:Creating package script '/home/adimas/zed_ros2/install/open_cam/share/open_cam/package.sh'
[7.439s] INFO:colcon.colcon_core.shell:Creating package script '/home/adimas/zed_ros2/install/open_cam/share/open_cam/package.bash'
[7.440s] INFO:colcon.colcon_core.shell:Creating package script '/home/adimas/zed_ros2/install/open_cam/share/open_cam/package.zsh'
[7.440s] Level 1:colcon.colcon_core.environment:create_file_with_runtime_dependencies(/home/adimas/zed_ros2/install/open_cam/share/colcon-core/packages/open_cam)
[7.440s] DEBUG:colcon.colcon_parallel_executor.executor.parallel:closing loop
[7.440s] DEBUG:colcon.colcon_parallel_executor.executor.parallel:loop closed
[7.441s] DEBUG:colcon.colcon_parallel_executor.executor.parallel:run_until_complete finished with '0'
[7.441s] DEBUG:colcon.colcon_core.event_reactor:joining thread
[7.445s] INFO:colcon.colcon_core.plugin_system:Skipping extension 'colcon_notification.desktop_notification.terminal_notifier': Not used on non-Darwin systems
[7.445s] INFO:colcon.colcon_core.plugin_system:Skipping extension 'colcon_notification.desktop_notification.win32': Not used on non-Windows systems
[7.445s] INFO:colcon.colcon_notification.desktop_notification:Sending desktop notification using 'notify2'
[7.456s] DEBUG:colcon.colcon_core.event_reactor:joined thread
[7.457s] INFO:colcon.colcon_core.shell:Creating prefix script '/home/adimas/zed_ros2/install/local_setup.ps1'
[7.458s] INFO:colcon.colcon_core.shell:Creating prefix util module '/home/adimas/zed_ros2/install/_local_setup_util_ps1.py'
[7.460s] INFO:colcon.colcon_core.shell:Creating prefix chain script '/home/adimas/zed_ros2/install/setup.ps1'
[7.461s] INFO:colcon.colcon_core.shell:Creating prefix script '/home/adimas/zed_ros2/install/local_setup.sh'
[7.461s] INFO:colcon.colcon_core.shell:Creating prefix util module '/home/adimas/zed_ros2/install/_local_setup_util_sh.py'
[7.461s] INFO:colcon.colcon_core.shell:Creating prefix chain script '/home/adimas/zed_ros2/install/setup.sh'
[7.462s] INFO:colcon.colcon_core.shell:Creating prefix script '/home/adimas/zed_ros2/install/local_setup.bash'
[7.463s] INFO:colcon.colcon_core.shell:Creating prefix chain script '/home/adimas/zed_ros2/install/setup.bash'
[7.464s] INFO:colcon.colcon_core.shell:Creating prefix script '/home/adimas/zed_ros2/install/local_setup.zsh'
[7.464s] INFO:colcon.colcon_core.shell:Creating prefix chain script '/home/adimas/zed_ros2/install/setup.zsh'
